#
# There is insufficient memory for the Java Runtime Environment to continue.
# Native memory allocation (malloc) failed to allocate 1464016 bytes for Chunk::new
# Possible reasons:
#   The system is out of physical RAM or swap space
#   In 32 bit mode, the process size limit was hit
# Possible solutions:
#   Reduce memory load on the system
#   Increase physical memory or swap space
#   Check if swap backing store is full
#   Use 64 bit Java on a 64 bit OS
#   Decrease Java heap size (-Xmx/-Xms)
#   Decrease number of Java threads
#   Decrease Java thread stack sizes (-Xss)
#   Set larger code cache with -XX:ReservedCodeCacheSize=
# This output file may be truncated or incomplete.
#
#  Out of Memory Error (allocation.cpp:390), pid=25424, tid=0x0000000000003d58
#
# JRE version: Java(TM) SE Runtime Environment (8.0_121-b13) (build 1.8.0_121-b13)
# Java VM: Java HotSpot(TM) 64-Bit Server VM (25.121-b13 mixed mode windows-amd64 compressed oops)
# Failed to write core dump. Minidumps are not enabled by default on client versions of Windows
#

---------------  T H R E A D  ---------------

Current thread (0x0000000016c8c800):  JavaThread "C2 CompilerThread1" daemon [_thread_in_native, id=15704, stack(0x0000000018730000,0x0000000018830000)]

Stack: [0x0000000018730000,0x0000000018830000]
[error occurred during error reporting (printing stack bounds), id 0xc0000005]

Native frames: (J=compiled Java code, j=interpreted, Vv=VM code, C=native code)


Current CompileTask:
C2:   7396 3017       4       java.util.Arrays::binarySearch0 (95 bytes)


---------------  P R O C E S S  ---------------

Java Threads: ( => current thread )
  0x0000000019d28000 JavaThread "Build operations Thread 4" [_thread_blocked, id=11824, stack(0x0000000021660000,0x0000000021760000)]
  0x0000000019d26000 JavaThread "Build operations Thread 3" [_thread_blocked, id=6224, stack(0x0000000021560000,0x0000000021660000)]
  0x0000000019d23800 JavaThread "Build operations Thread 2" [_thread_blocked, id=21540, stack(0x0000000021460000,0x0000000021560000)]
  0x0000000019d21800 JavaThread "Build operations" [_thread_blocked, id=17432, stack(0x0000000021360000,0x0000000021460000)]
  0x0000000019d27800 JavaThread "Cache worker for Artifact transforms cache (C:\Users\user\.gradle\caches\transforms-1)" [_thread_blocked, id=12904, stack(0x0000000020020000,0x0000000020120000)]
  0x0000000019d25000 JavaThread "Cache worker for file hash cache (C:\Users\user\Desktop\111 (2)\.gradle\4.6\fileHashes)" [_thread_blocked, id=19492, stack(0x000000001c5e0000,0x000000001c6e0000)]
  0x0000000019d24800 JavaThread "File lock request listener" [_thread_in_native, id=12572, stack(0x000000001b400000,0x000000001b500000)]
  0x0000000019d26800 JavaThread "Cache worker for file hash cache (C:\Users\user\.gradle\caches\4.6\fileHashes)" [_thread_blocked, id=6132, stack(0x000000001b300000,0x000000001b400000)]
  0x0000000019b99000 JavaThread "Stdin handler" [_thread_blocked, id=24752, stack(0x000000001b000000,0x000000001b100000)]
  0x0000000019b97800 JavaThread "Asynchronous log dispatcher for DefaultDaemonConnection: socket connection from /127.0.0.1:60044 to /127.0.0.1:60045" [_thread_blocked, id=20956, stack(0x000000001af00000,0x000000001b000000)]
  0x0000000019b94000 JavaThread "Daemon worker" [_thread_in_vm, id=12068, stack(0x000000001ae00000,0x000000001af00000)]
  0x0000000019b93800 JavaThread "Cancel handler" [_thread_blocked, id=10740, stack(0x000000001ad00000,0x000000001ae00000)]
  0x0000000019b75000 JavaThread "Handler for socket connection from /127.0.0.1:60044 to /127.0.0.1:60045" [_thread_in_native, id=25420, stack(0x000000001aa00000,0x000000001ab00000)]
  0x0000000019b71800 JavaThread "Daemon" [_thread_blocked, id=25008, stack(0x000000001a900000,0x000000001aa00000)]
  0x0000000019caa000 JavaThread "Daemon periodic checks" [_thread_blocked, id=16748, stack(0x000000001a800000,0x000000001a900000)]
  0x0000000019c85800 JavaThread "Incoming local TCP Connector on port 60044" [_thread_in_native, id=7256, stack(0x000000001a620000,0x000000001a720000)]
  0x0000000019ad3000 JavaThread "Daemon health stats" [_thread_blocked, id=21120, stack(0x000000001a300000,0x000000001a400000)]
  0x00000000180c4000 JavaThread "Service Thread" daemon [_thread_blocked, id=10312, stack(0x0000000018930000,0x0000000018a30000)]
  0x0000000018043800 JavaThread "C1 CompilerThread2" daemon [_thread_blocked, id=22416, stack(0x0000000018830000,0x0000000018930000)]
=>0x0000000016c8c800 JavaThread "C2 CompilerThread1" daemon [_thread_in_native, id=15704, stack(0x0000000018730000,0x0000000018830000)]
  0x0000000016c8a800 JavaThread "C2 CompilerThread0" daemon [_thread_in_native, id=22424, stack(0x0000000018630000,0x0000000018730000)]
  0x0000000016c3e000 JavaThread "Attach Listener" daemon [_thread_blocked, id=24556, stack(0x0000000018530000,0x0000000018630000)]
  0x0000000018038800 JavaThread "Signal Dispatcher" daemon [_thread_blocked, id=25592, stack(0x0000000018430000,0x0000000018530000)]
  0x00000000032ba800 JavaThread "Finalizer" daemon [_thread_blocked, id=25148, stack(0x0000000017ea0000,0x0000000017fa0000)]
  0x0000000016bf9000 JavaThread "Reference Handler" daemon [_thread_blocked, id=6652, stack(0x0000000017da0000,0x0000000017ea0000)]
  0x00000000031c0800 JavaThread "main" [_thread_blocked, id=11228, stack(0x00000000030c0000,0x00000000031c0000)]

Other Threads:
  0x0000000016bf8000 VMThread [stack: 0x0000000017ca0000,0x0000000017da0000] [id=6360]
  0x000000001810a800 WatcherThread [stack: 0x0000000018a30000,0x0000000018b30000] [id=23580]

VM state:not at safepoint (normal execution)

VM Mutex/Monitor currently owned by a thread: None

Heap:
 PSYoungGen      total 70656K, used 35281K [0x00000000e0000000, 0x00000000e6a00000, 0x0000000100000000)
  eden space 60928K, 44% used [0x00000000e0000000,0x00000000e1a9bb68,0x00000000e3b80000)
  from space 9728K, 82% used [0x00000000e3b80000,0x00000000e4358b38,0x00000000e4500000)
  to   space 10240K, 0% used [0x00000000e6000000,0x00000000e6000000,0x00000000e6a00000)
 ParOldGen       total 61440K, used 10360K [0x00000000a0000000, 0x00000000a3c00000, 0x00000000e0000000)
  object space 61440K, 16% used [0x00000000a0000000,0x00000000a0a1e1a8,0x00000000a3c00000)
 Metaspace       used 33631K, capacity 34232K, committed 34432K, reserved 1079296K
  class space    used 4805K, capacity 4988K, committed 4992K, reserved 1048576K

Card table byte_map: [0x0000000012680000,0x0000000012990000] byte_map_base: 0x0000000012180000

Marking Bits: (ParMarkBitMap*) 0x0000000064b3b6d0
 Begin Bits: [0x0000000012f90000, 0x0000000014790000)
 End Bits:   [0x0000000014790000, 0x0000000015f90000)

Polling page: 0x0000000000f90000

CodeCache: size=245760Kb used=9512Kb max_used=9512Kb free=236247Kb
 bounds [0x00000000032c0000, 0x0000000003c20000, 0x00000000122c0000]
 total_blobs=3482 nmethods=2782 adapters=612
 compilation: enabled

Compilation events (10 events):
Event: 7.268 Thread 0x0000000018043800 3089       1       com.google.common.collect.MapMakerInternalMap$StrongEntry::getValueReference (5 bytes)
Event: 7.268 Thread 0x0000000018043800 nmethod 3089 0x00000000038592d0 code [0x0000000003859420, 0x0000000003859530]
Event: 7.273 Thread 0x0000000018043800 3090       3       org.gradle.internal.classloader.FilteringClassLoader::classAllowed (135 bytes)
Event: 7.274 Thread 0x0000000018043800 nmethod 3090 0x0000000003857410 code [0x00000000038576c0, 0x0000000003858c38]
Event: 7.325 Thread 0x0000000018043800 3092   !   3       com.google.common.collect.MapMakerInternalMap$Segment::get (71 bytes)
Event: 7.328 Thread 0x0000000018043800 nmethod 3092 0x0000000003c08090 code [0x0000000003c08460, 0x0000000003c0aac8]
Event: 7.380 Thread 0x0000000018043800 3094       3       java.lang.Class::getSimpleName (120 bytes)
Event: 7.382 Thread 0x0000000018043800 nmethod 3094 0x0000000003c0bed0 code [0x0000000003c0c1c0, 0x0000000003c0d978]
Event: 7.382 Thread 0x0000000018043800 3095       3       sun.reflect.annotation.AnnotationParser::parseAnnotations2 (135 bytes)
Event: 7.385 Thread 0x0000000018043800 nmethod 3095 0x0000000003c0e3d0 code [0x0000000003c0e780, 0x0000000003c106b8]

GC Heap History (10 events):
Event: 3.577 GC heap before
{Heap before GC invocations=4 (full 0):
 PSYoungGen      total 37888K, used 37885K [0x00000000e0000000, 0x00000000e4a00000, 0x0000000100000000)
  eden space 32768K, 100% used [0x00000000e0000000,0x00000000e2000000,0x00000000e2000000)
  from space 5120K, 99% used [0x00000000e2000000,0x00000000e24ff488,0x00000000e2500000)
  to   space 5120K, 0% used [0x00000000e4500000,0x00000000e4500000,0x00000000e4a00000)
 ParOldGen       total 86016K, used 2484K [0x00000000a0000000, 0x00000000a5400000, 0x00000000e0000000)
  object space 86016K, 2% used [0x00000000a0000000,0x00000000a026d398,0x00000000a5400000)
 Metaspace       used 17325K, capacity 17720K, committed 17792K, reserved 1064960K
  class space    used 2562K, capacity 2676K, committed 2688K, reserved 1048576K
Event: 3.595 GC heap after
Heap after GC invocations=4 (full 0):
 PSYoungGen      total 70656K, used 5097K [0x00000000e0000000, 0x00000000e4a00000, 0x0000000100000000)
  eden space 65536K, 0% used [0x00000000e0000000,0x00000000e0000000,0x00000000e4000000)
  from space 5120K, 99% used [0x00000000e4500000,0x00000000e49fa650,0x00000000e4a00000)
  to   space 5120K, 0% used [0x00000000e4000000,0x00000000e4000000,0x00000000e4500000)
 ParOldGen       total 86016K, used 5853K [0x00000000a0000000, 0x00000000a5400000, 0x00000000e0000000)
  object space 86016K, 6% used [0x00000000a0000000,0x00000000a05b7540,0x00000000a5400000)
 Metaspace       used 17325K, capacity 17720K, committed 17792K, reserved 1064960K
  class space    used 2562K, capacity 2676K, committed 2688K, reserved 1048576K
}
Event: 3.994 GC heap before
{Heap before GC invocations=5 (full 0):
 PSYoungGen      total 70656K, used 24816K [0x00000000e0000000, 0x00000000e4a00000, 0x0000000100000000)
  eden space 65536K, 30% used [0x00000000e0000000,0x00000000e1341a60,0x00000000e4000000)
  from space 5120K, 99% used [0x00000000e4500000,0x00000000e49fa650,0x00000000e4a00000)
  to   space 5120K, 0% used [0x00000000e4000000,0x00000000e4000000,0x00000000e4500000)
 ParOldGen       total 86016K, used 5853K [0x00000000a0000000, 0x00000000a5400000, 0x00000000e0000000)
  object space 86016K, 6% used [0x00000000a0000000,0x00000000a05b7540,0x00000000a5400000)
 Metaspace       used 20737K, capacity 21184K, committed 21296K, reserved 1067008K
  class space    used 2966K, capacity 3140K, committed 3200K, reserved 1048576K
Event: 4.006 GC heap after
Heap after GC invocations=5 (full 0):
 PSYoungGen      total 70656K, used 5101K [0x00000000e0000000, 0x00000000e4a00000, 0x0000000100000000)
  eden space 65536K, 0% used [0x00000000e0000000,0x00000000e0000000,0x00000000e4000000)
  from space 5120K, 99% used [0x00000000e4000000,0x00000000e44fb660,0x00000000e4500000)
  to   space 5120K, 0% used [0x00000000e4500000,0x00000000e4500000,0x00000000e4a00000)
 ParOldGen       total 86016K, used 8687K [0x00000000a0000000, 0x00000000a5400000, 0x00000000e0000000)
  object space 86016K, 10% used [0x00000000a0000000,0x00000000a087be00,0x00000000a5400000)
 Metaspace       used 20737K, capacity 21184K, committed 21296K, reserved 1067008K
  class space    used 2966K, capacity 3140K, committed 3200K, reserved 1048576K
}
Event: 4.006 GC heap before
{Heap before GC invocations=6 (full 1):
 PSYoungGen      total 70656K, used 5101K [0x00000000e0000000, 0x00000000e4a00000, 0x0000000100000000)
  eden space 65536K, 0% used [0x00000000e0000000,0x00000000e0000000,0x00000000e4000000)
  from space 5120K, 99% used [0x00000000e4000000,0x00000000e44fb660,0x00000000e4500000)
  to   space 5120K, 0% used [0x00000000e4500000,0x00000000e4500000,0x00000000e4a00000)
 ParOldGen       total 86016K, used 8687K [0x00000000a0000000, 0x00000000a5400000, 0x00000000e0000000)
  object space 86016K, 10% used [0x00000000a0000000,0x00000000a087be00,0x00000000a5400000)
 Metaspace       used 20737K, capacity 21184K, committed 21296K, reserved 1067008K
  class space    used 2966K, capacity 3140K, committed 3200K, reserved 1048576K
Event: 4.075 GC heap after
Heap after GC invocations=6 (full 1):
 PSYoungGen      total 70656K, used 0K [0x00000000e0000000, 0x00000000e4a00000, 0x0000000100000000)
  eden space 65536K, 0% used [0x00000000e0000000,0x00000000e0000000,0x00000000e4000000)
  from space 5120K, 0% used [0x00000000e4000000,0x00000000e4000000,0x00000000e4500000)
  to   space 5120K, 0% used [0x00000000e4500000,0x00000000e4500000,0x00000000e4a00000)
 ParOldGen       total 61440K, used 8336K [0x00000000a0000000, 0x00000000a3c00000, 0x00000000e0000000)
  object space 61440K, 13% used [0x00000000a0000000,0x00000000a08243b0,0x00000000a3c00000)
 Metaspace       used 20737K, capacity 21184K, committed 21296K, reserved 1067008K
  class space    used 2966K, capacity 3140K, committed 3200K, reserved 1048576K
}
Event: 5.395 GC heap before
{Heap before GC invocations=7 (full 1):
 PSYoungGen      total 70656K, used 65536K [0x00000000e0000000, 0x00000000e4a00000, 0x0000000100000000)
  eden space 65536K, 100% used [0x00000000e0000000,0x00000000e4000000,0x00000000e4000000)
  from space 5120K, 0% used [0x00000000e4000000,0x00000000e4000000,0x00000000e4500000)
  to   space 5120K, 0% used [0x00000000e4500000,0x00000000e4500000,0x00000000e4a00000)
 ParOldGen       total 61440K, used 8336K [0x00000000a0000000, 0x00000000a3c00000, 0x00000000e0000000)
  object space 61440K, 13% used [0x00000000a0000000,0x00000000a08243b0,0x00000000a3c00000)
 Metaspace       used 26763K, capacity 27226K, committed 27520K, reserved 1073152K
  class space    used 3744K, capacity 3929K, committed 3968K, reserved 1048576K
Event: 5.403 GC heap after
Heap after GC invocations=7 (full 1):
 PSYoungGen      total 66048K, used 5092K [0x00000000e0000000, 0x00000000e7180000, 0x0000000100000000)
  eden space 60928K, 0% used [0x00000000e0000000,0x00000000e0000000,0x00000000e3b80000)
  from space 5120K, 99% used [0x00000000e4500000,0x00000000e49f9220,0x00000000e4a00000)
  to   space 9728K, 0% used [0x00000000e3b80000,0x00000000e3b80000,0x00000000e4500000)
 ParOldGen       total 61440K, used 10352K [0x00000000a0000000, 0x00000000a3c00000, 0x00000000e0000000)
  object space 61440K, 16% used [0x00000000a0000000,0x00000000a0a1c1a8,0x00000000a3c00000)
 Metaspace       used 26763K, capacity 27226K, committed 27520K, reserved 1073152K
  class space    used 3744K, capacity 3929K, committed 3968K, reserved 1048576K
}
Event: 6.402 GC heap before
{Heap before GC invocations=8 (full 1):
 PSYoungGen      total 66048K, used 66020K [0x00000000e0000000, 0x00000000e7180000, 0x0000000100000000)
  eden space 60928K, 100% used [0x00000000e0000000,0x00000000e3b80000,0x00000000e3b80000)
  from space 5120K, 99% used [0x00000000e4500000,0x00000000e49f9220,0x00000000e4a00000)
  to   space 9728K, 0% used [0x00000000e3b80000,0x00000000e3b80000,0x00000000e4500000)
 ParOldGen       total 61440K, used 10352K [0x00000000a0000000, 0x00000000a3c00000, 0x00000000e0000000)
  object space 61440K, 16% used [0x00000000a0000000,0x00000000a0a1c1a8,0x00000000a3c00000)
 Metaspace       used 30007K, capacity 30572K, committed 30848K, reserved 1075200K
  class space    used 4278K, capacity 4447K, committed 4480K, reserved 1048576K
Event: 6.410 GC heap after
Heap after GC invocations=8 (full 1):
 PSYoungGen      total 70656K, used 8034K [0x00000000e0000000, 0x00000000e6a00000, 0x0000000100000000)
  eden space 60928K, 0% used [0x00000000e0000000,0x00000000e0000000,0x00000000e3b80000)
  from space 9728K, 82% used [0x00000000e3b80000,0x00000000e4358b38,0x00000000e4500000)
  to   space 10240K, 0% used [0x00000000e6000000,0x00000000e6000000,0x00000000e6a00000)
 ParOldGen       total 61440K, used 10360K [0x00000000a0000000, 0x00000000a3c00000, 0x00000000e0000000)
  object space 61440K, 16% used [0x00000000a0000000,0x00000000a0a1e1a8,0x00000000a3c00000)
 Metaspace       used 30007K, capacity 30572K, committed 30848K, reserved 1075200K
  class space    used 4278K, capacity 4447K, committed 4480K, reserved 1048576K
}

Deoptimization events (10 events):
Event: 5.194 Thread 0x0000000019b94000 Uncommon trap: reason=class_check action=maybe_recompile pc=0x00000000038d4024 method=sun.misc.URLClassPath.getLoader(I)Lsun/misc/URLClassPath$Loader; @ 94
Event: 5.200 Thread 0x0000000019b94000 Uncommon trap: reason=class_check action=maybe_recompile pc=0x00000000038c9f34 method=sun.misc.URLClassPath.getLoader(I)Lsun/misc/URLClassPath$Loader; @ 239
Event: 5.328 Thread 0x0000000019b94000 Uncommon trap: reason=unstable_if action=reinterpret pc=0x0000000003555a4c method=java.io.WinNTFileSystem.resolve(Ljava/lang/String;Ljava/lang/String;)Ljava/lang/String; @ 49
Event: 6.145 Thread 0x0000000019d21800 Uncommon trap: reason=unstable_if action=reinterpret pc=0x0000000003bcd1b4 method=com.esotericsoftware.kryo.io.Output.writeString(Ljava/lang/CharSequence;)V @ 1
Event: 6.517 Thread 0x0000000019b94000 Uncommon trap: reason=unstable_if action=reinterpret pc=0x0000000003ad3c54 method=java.net.URLClassLoader.isSealed(Ljava/lang/String;Ljava/util/jar/Manifest;)Z @ 26
Event: 6.517 Thread 0x0000000019b94000 Uncommon trap: reason=unstable_if action=reinterpret pc=0x0000000003aaf444 method=java.net.URLClassLoader.isSealed(Ljava/lang/String;Ljava/util/jar/Manifest;)Z @ 26
Event: 6.967 Thread 0x0000000019b94000 Uncommon trap: reason=class_check action=maybe_recompile pc=0x0000000003b88fc8 method=java.io.BufferedInputStream.read1([BII)I @ 39
Event: 6.967 Thread 0x0000000019b94000 Uncommon trap: reason=class_check action=maybe_recompile pc=0x0000000003b88fc8 method=java.io.BufferedInputStream.read1([BII)I @ 39
Event: 6.967 Thread 0x0000000019b94000 Uncommon trap: reason=class_check action=maybe_recompile pc=0x0000000003b88fc8 method=java.io.BufferedInputStream.read1([BII)I @ 39
Event: 6.970 Thread 0x0000000019b94000 Uncommon trap: reason=unstable_if action=reinterpret pc=0x000000000376c950 method=java.util.regex.Pattern.has(I)Z @ 6

Internal exceptions (10 events):
Event: 6.728 Thread 0x0000000019b94000 Exception <a 'java/lang/ClassNotFoundException': org/gradle/api/internal/AbstractTaskBeanInfo> (0x00000000e09b71e0) thrown at [C:\re\workspace\8-2-build-windows-amd64-cygwin\jdk8u121\8372\hotspot\src\share\vm\classfile\systemDictionary.cpp, line 210]
Event: 6.729 Thread 0x0000000019b94000 Exception <a 'java/lang/ClassNotFoundException': org/gradle/api/internal/AbstractTaskCustomizer> (0x00000000e09e3998) thrown at [C:\re\workspace\8-2-build-windows-amd64-cygwin\jdk8u121\8372\hotspot\src\share\vm\classfile\systemDictionary.cpp, line 210]
Event: 6.736 Thread 0x0000000019b94000 Exception <a 'java/lang/ClassNotFoundException': org/gradle/api/DefaultTaskCustomizer> (0x00000000e0a6d940) thrown at [C:\re\workspace\8-2-build-windows-amd64-cygwin\jdk8u121\8372\hotspot\src\share\vm\classfile\systemDictionary.cpp, line 210]
Event: 6.739 Thread 0x0000000019b94000 Exception <a 'java/lang/ClassNotFoundException': org/gradle/api/internal/ConventionTaskCustomizer> (0x00000000e0aa9bc0) thrown at [C:\re\workspace\8-2-build-windows-amd64-cygwin\jdk8u121\8372\hotspot\src\share\vm\classfile\systemDictionary.cpp, line 210]
Event: 6.743 Thread 0x0000000019b94000 Exception <a 'java/lang/ClassNotFoundException': org/gradle/api/tasks/DeleteCustomizer> (0x00000000e0ae3610) thrown at [C:\re\workspace\8-2-build-windows-amd64-cygwin\jdk8u121\8372\hotspot\src\share\vm\classfile\systemDictionary.cpp, line 210]
Event: 6.746 Thread 0x0000000019b94000 Exception <a 'java/lang/ClassNotFoundException': org/gradle/api/tasks/Delete_DecoratedCustomizer> (0x00000000e0b2b038) thrown at [C:\re\workspace\8-2-build-windows-amd64-cygwin\jdk8u121\8372\hotspot\src\share\vm\classfile\systemDictionary.cpp, line 210]
Event: 6.808 Thread 0x0000000019b94000 Exception <a 'java/lang/ClassNotFoundException': build_a4p1f876o39vz1rso41af6c79BeanInfo> (0x00000000e0c4c0f8) thrown at [C:\re\workspace\8-2-build-windows-amd64-cygwin\jdk8u121\8372\hotspot\src\share\vm\classfile\systemDictionary.cpp, line 210]
Event: 6.809 Thread 0x0000000019b94000 Exception <a 'java/lang/ClassNotFoundException': build_a4p1f876o39vz1rso41af6c79Customizer> (0x00000000e0c56af0) thrown at [C:\re\workspace\8-2-build-windows-amd64-cygwin\jdk8u121\8372\hotspot\src\share\vm\classfile\systemDictionary.cpp, line 210]
Event: 6.814 Thread 0x0000000019b94000 Exception <a 'java/lang/ClassNotFoundException': org/gradle/api/internal/plugins/DefaultObjectConfigurationActionBeanInfo> (0x00000000e0ccbc90) thrown at [C:\re\workspace\8-2-build-windows-amd64-cygwin\jdk8u121\8372\hotspot\src\share\vm\classfile\systemDi
Event: 6.815 Thread 0x0000000019b94000 Exception <a 'java/lang/ClassNotFoundException': org/gradle/api/internal/plugins/DefaultObjectConfigurationActionCustomizer> (0x00000000e0d05940) thrown at [C:\re\workspace\8-2-build-windows-amd64-cygwin\jdk8u121\8372\hotspot\src\share\vm\classfile\system

Events (10 events):
Event: 7.377 loading class com/google/gson/stream/JsonToken
Event: 7.377 loading class com/google/gson/stream/JsonToken done
Event: 7.377 loading class com/google/gson/internal/$Gson$Preconditions
Event: 7.377 loading class com/google/gson/internal/$Gson$Preconditions done
Event: 7.378 loading class com/google/gson/annotations/JsonAdapter
Event: 7.378 loading class com/google/gson/annotations/JsonAdapter done
Event: 7.379 loading class com/google/gson/internal/ConstructorConstructor$3
Event: 7.379 loading class com/google/gson/internal/ConstructorConstructor$3 done
Event: 7.382 loading class com/google/gson/annotations/SerializedName
Event: 7.382 loading class com/google/gson/annotations/SerializedName done


Dynamic libraries:
0x00007ff76add0000 - 0x00007ff76ae07000 	C:\Program Files\Java\jdk1.8.0_121\bin\java.exe
0x00007ffc8f5c0000 - 0x00007ffc8f7a1000 	C:\WINDOWS\SYSTEM32\ntdll.dll
0x00007ffc8ef40000 - 0x00007ffc8eff2000 	C:\WINDOWS\System32\KERNEL32.DLL
0x00007ffc8c730000 - 0x00007ffc8c9a3000 	C:\WINDOWS\System32\KERNELBASE.dll
0x00007ffc8cf80000 - 0x00007ffc8d021000 	C:\WINDOWS\System32\ADVAPI32.dll
0x00007ffc8d580000 - 0x00007ffc8d61e000 	C:\WINDOWS\System32\msvcrt.dll
0x00007ffc8ca80000 - 0x00007ffc8cadb000 	C:\WINDOWS\System32\sechost.dll
0x00007ffc8cde0000 - 0x00007ffc8cf04000 	C:\WINDOWS\System32\RPCRT4.dll
0x00007ffc8d760000 - 0x00007ffc8d8f0000 	C:\WINDOWS\System32\USER32.dll
0x00007ffc8c9b0000 - 0x00007ffc8c9d0000 	C:\WINDOWS\System32\win32u.dll
0x00007ffc8f220000 - 0x00007ffc8f248000 	C:\WINDOWS\System32\GDI32.dll
0x00007ffc8b9e0000 - 0x00007ffc8bb72000 	C:\WINDOWS\System32\gdi32full.dll
0x00007ffc8bb80000 - 0x00007ffc8bc1f000 	C:\WINDOWS\System32\msvcp_win.dll
0x00007ffc8be10000 - 0x00007ffc8bf08000 	C:\WINDOWS\System32\ucrtbase.dll
0x00007ffc7e9b0000 - 0x00007ffc7ec19000 	C:\WINDOWS\WinSxS\amd64_microsoft.windows.common-controls_6595b64144ccf1df_6.0.17134.648_none_fb45a0e93062a6d2\COMCTL32.dll
0x00007ffc8f250000 - 0x00007ffc8f572000 	C:\WINDOWS\System32\combase.dll
0x00007ffc8c9d0000 - 0x00007ffc8ca4a000 	C:\WINDOWS\System32\bcryptPrimitives.dll
0x00007ffc8dad0000 - 0x00007ffc8dafd000 	C:\WINDOWS\System32\IMM32.DLL
0x00000000653e0000 - 0x00000000654b2000 	C:\Program Files\Java\jdk1.8.0_121\jre\bin\msvcr100.dll
0x0000000064320000 - 0x0000000064bbb000 	C:\Program Files\Java\jdk1.8.0_121\jre\bin\server\jvm.dll
0x00007ffc8ca70000 - 0x00007ffc8ca78000 	C:\WINDOWS\System32\PSAPI.DLL
0x00007ffc81fe0000 - 0x00007ffc82003000 	C:\WINDOWS\SYSTEM32\WINMM.dll
0x00007ffc81fd0000 - 0x00007ffc81fda000 	C:\WINDOWS\SYSTEM32\VERSION.dll
0x00007ffc81fa0000 - 0x00007ffc81fca000 	C:\WINDOWS\SYSTEM32\WINMMBASE.dll
0x00007ffc8b990000 - 0x00007ffc8b9d9000 	C:\WINDOWS\System32\cfgmgr32.dll
0x00007ffc80420000 - 0x00007ffc80429000 	C:\WINDOWS\SYSTEM32\WSOCK32.dll
0x00007ffc8cf10000 - 0x00007ffc8cf7c000 	C:\WINDOWS\System32\WS2_32.dll
0x00000000667f0000 - 0x00000000667ff000 	C:\Program Files\Java\jdk1.8.0_121\jre\bin\verify.dll
0x00000000667c0000 - 0x00000000667e9000 	C:\Program Files\Java\jdk1.8.0_121\jre\bin\java.dll
0x00000000653c0000 - 0x00000000653d6000 	C:\Program Files\Java\jdk1.8.0_121\jre\bin\zip.dll
0x00007ffc8db00000 - 0x00007ffc8ef40000 	C:\WINDOWS\System32\SHELL32.dll
0x00007ffc8cc40000 - 0x00007ffc8cce9000 	C:\WINDOWS\System32\shcore.dll
0x00007ffc8bf10000 - 0x00007ffc8c61d000 	C:\WINDOWS\System32\windows.storage.dll
0x00007ffc8d6f0000 - 0x00007ffc8d741000 	C:\WINDOWS\System32\shlwapi.dll
0x00007ffc8b970000 - 0x00007ffc8b981000 	C:\WINDOWS\System32\kernel.appcore.dll
0x00007ffc8b950000 - 0x00007ffc8b96f000 	C:\WINDOWS\System32\profapi.dll
0x00007ffc8b8d0000 - 0x00007ffc8b91c000 	C:\WINDOWS\System32\powrprof.dll
0x00007ffc8b920000 - 0x00007ffc8b92a000 	C:\WINDOWS\System32\FLTLIB.DLL
0x00000000653a0000 - 0x00000000653ba000 	C:\Program Files\Java\jdk1.8.0_121\jre\bin\net.dll
0x00007ffc8b0f0000 - 0x00007ffc8b156000 	C:\WINDOWS\system32\mswsock.dll
0x0000000065380000 - 0x0000000065391000 	C:\Program Files\Java\jdk1.8.0_121\jre\bin\nio.dll
0x00007ffc7e860000 - 0x00007ffc7e87e000 	C:\Users\user\.gradle\native\25\windows-amd64\native-platform.dll
0x0000000065370000 - 0x000000006537d000 	C:\Program Files\Java\jdk1.8.0_121\jre\bin\management.dll
0x00007ffc8b2b0000 - 0x00007ffc8b2c7000 	C:\WINDOWS\SYSTEM32\CRYPTSP.dll
0x00007ffc8acd0000 - 0x00007ffc8ad03000 	C:\WINDOWS\system32\rsaenh.dll
0x00007ffc8b3d0000 - 0x00007ffc8b3f5000 	C:\WINDOWS\SYSTEM32\bcrypt.dll
0x00007ffc8b7d0000 - 0x00007ffc8b7f8000 	C:\WINDOWS\SYSTEM32\USERENV.dll
0x00007ffc8b2a0000 - 0x00007ffc8b2ab000 	C:\WINDOWS\SYSTEM32\CRYPTBASE.dll
0x00007ffc8ae70000 - 0x00007ffc8aea8000 	C:\WINDOWS\SYSTEM32\IPHLPAPI.DLL
0x00007ffc8f580000 - 0x00007ffc8f588000 	C:\WINDOWS\System32\NSI.dll
0x00007ffc840b0000 - 0x00007ffc840c6000 	C:\WINDOWS\SYSTEM32\dhcpcsvc6.DLL
0x00007ffc85280000 - 0x00007ffc8529a000 	C:\WINDOWS\SYSTEM32\dhcpcsvc.DLL

VM Arguments:
jvm_args: -Xmx1536m -Dfile.encoding=x-windows-949 -Duser.country=KR -Duser.language=ko -Duser.variant 
java_command: org.gradle.launcher.daemon.bootstrap.GradleDaemon 4.6
java_class_path (initial): C:\Users\user\.gradle\wrapper\dists\gradle-4.6-all\bcst21l2brirad8k2ben1letg\gradle-4.6\lib\gradle-launcher-4.6.jar
Launcher Type: SUN_STANDARD

Environment Variables:
JAVA_HOME=C:\Program Files\Java\jdk1.8.0_121
CLASSPATH=C:\Program Files\Java\jdk1.8.0_121\lib
PATH=C:\Program Files\Java\jdk1.8.0_121\bin;C:\Program Files\MATLAB\R2019a\bin;c:\windows\system32
USERNAME=user
OS=Windows_NT
PROCESSOR_IDENTIFIER=Intel64 Family 6 Model 142 Stepping 9, GenuineIntel



---------------  S Y S T E M  ---------------

OS: Windows 10.0 , 64 bit Build 17134 (10.0.17134.648)

CPU:total 4 (2 cores per cpu, 2 threads per core) family 6 model 142 stepping 9, cmov, cx8, fxsr, mmx, sse, sse2, sse3, ssse3, sse4.1, sse4.2, popcnt, avx, avx2, aes, clmul, erms, 3dnowpref, lzcnt, ht, tsc, tscinvbit, bmi1, bmi2, adx

Memory: 4k page, physical 8244428k(1350692k free), swap 33410252k(6388k free)

vm_info: Java HotSpot(TM) 64-Bit Server VM (25.121-b13) for windows-amd64 JRE (1.8.0_121-b13), built on Dec 12 2016 18:21:36 by "java_re" with MS VC++ 10.0 (VS2010)

time: Wed Apr 10 16:18:15 2019
elapsed time: 7 seconds (0d 0h 0m 7s)

