#
# There is insufficient memory for the Java Runtime Environment to continue.
# Native memory allocation (malloc) failed to allocate 1226816 bytes for Chunk::new
# Possible reasons:
#   The system is out of physical RAM or swap space
#   In 32 bit mode, the process size limit was hit
# Possible solutions:
#   Reduce memory load on the system
#   Increase physical memory or swap space
#   Check if swap backing store is full
#   Use 64 bit Java on a 64 bit OS
#   Decrease Java heap size (-Xmx/-Xms)
#   Decrease number of Java threads
#   Decrease Java thread stack sizes (-Xss)
#   Set larger code cache with -XX:ReservedCodeCacheSize=
# This output file may be truncated or incomplete.
#
#  Out of Memory Error (allocation.cpp:390), pid=4352, tid=0x0000000000000bd0
#
# JRE version: Java(TM) SE Runtime Environment (8.0_121-b13) (build 1.8.0_121-b13)
# Java VM: Java HotSpot(TM) 64-Bit Server VM (25.121-b13 mixed mode windows-amd64 compressed oops)
# Failed to write core dump. Minidumps are not enabled by default on client versions of Windows
#

---------------  T H R E A D  ---------------

Current thread (0x0000000016cfc800):  JavaThread "C2 CompilerThread1" daemon [_thread_in_native, id=3024, stack(0x00000000186f0000,0x00000000187f0000)]

Stack: [0x00000000186f0000,0x00000000187f0000]
[error occurred during error reporting (printing stack bounds), id 0xc0000005]

Native frames: (J=compiled Java code, j=interpreted, Vv=VM code, C=native code)


Current CompileTask:
C2:  68768 14054       4       com.android.tools.r8.ir.code.Phi::removeTrivialPhi (304 bytes)


---------------  P R O C E S S  ---------------

Java Threads: ( => current thread )
  0x0000000019ba8800 JavaThread "ForkJoinPool.commonPool-worker-3" daemon [_thread_in_vm, id=23796, stack(0x0000000025f80000,0x0000000026080000)]
  0x000000001b97c800 JavaThread "ForkJoinPool.commonPool-worker-2" daemon [_thread_in_vm, id=14184, stack(0x0000000025e80000,0x0000000025f80000)]
  0x000000001b97d800 JavaThread "ForkJoinPool.commonPool-worker-1" daemon [_thread_in_vm, id=5640, stack(0x0000000025d80000,0x0000000025e80000)]
  0x000000001b979800 JavaThread "Cache worker for Java compile cache (C:\Users\user\Desktop\111 (2)\.gradle\4.6\javaCompile)" [_thread_blocked, id=24092, stack(0x0000000025c80000,0x0000000025d80000)]
  0x000000001b97c000 JavaThread "stdout" [_thread_in_native, id=10480, stack(0x0000000025b80000,0x0000000025c80000)]
  0x000000001b972000 JavaThread "stderr" [_thread_in_native, id=3744, stack(0x0000000025a80000,0x0000000025b80000)]
  0x000000001b979000 JavaThread "pool-5-thread-1" [_thread_blocked, id=19416, stack(0x0000000025980000,0x0000000025a80000)]
  0x000000001b978000 JavaThread "Task worker for ':' Thread 3" [_thread_blocked, id=25224, stack(0x0000000025880000,0x0000000025980000)]
  0x000000001b96f000 JavaThread "Task worker for ':' Thread 2" [_thread_blocked, id=2004, stack(0x0000000025780000,0x0000000025880000)]
  0x000000001b971800 JavaThread "Task worker for ':'" [_thread_in_native, id=18740, stack(0x0000000025680000,0x0000000025780000)]
  0x000000001b973800 JavaThread "Cache worker for Build Output Cleanup Cache (C:\Users\user\Desktop\111 (2)\.gradle\buildOutputCleanup)" [_thread_blocked, id=4472, stack(0x0000000025580000,0x0000000025680000)]
  0x000000001b976000 JavaThread "Cache worker for task history cache (C:\Users\user\Desktop\111 (2)\.gradle\4.6\taskHistory)" [_thread_blocked, id=8348, stack(0x0000000025480000,0x0000000025580000)]
  0x000000001b970800 JavaThread "Cache worker for file content cache (C:\Users\user\Desktop\111 (2)\.gradle\4.6\fileContent)" [_thread_blocked, id=24252, stack(0x0000000025380000,0x0000000025480000)]
  0x000000001b974800 JavaThread "Build operations Thread 4" [_thread_blocked, id=24696, stack(0x0000000025280000,0x0000000025380000)]
  0x000000001d0a0000 JavaThread "Build operations Thread 3" [_thread_blocked, id=18488, stack(0x0000000025180000,0x0000000025280000)]
  0x000000001d09f800 JavaThread "Build operations Thread 2" [_thread_blocked, id=25104, stack(0x0000000025080000,0x0000000025180000)]
  0x000000001d0a1000 JavaThread "Build operations" [_thread_blocked, id=12860, stack(0x0000000024f80000,0x0000000025080000)]
  0x000000001d0a5800 JavaThread "Cache worker for Artifact transforms cache (C:\Users\user\.gradle\caches\transforms-1)" [_thread_blocked, id=24660, stack(0x0000000024e80000,0x0000000024f80000)]
  0x000000001d0a3000 JavaThread "Cache worker for file hash cache (C:\Users\user\Desktop\111 (2)\.gradle\4.6\fileHashes)" [_thread_blocked, id=19016, stack(0x0000000024d80000,0x0000000024e80000)]
  0x000000001d09e800 JavaThread "Stdin handler" [_thread_blocked, id=23824, stack(0x0000000024c80000,0x0000000024d80000)]
  0x000000001d0a2800 JavaThread "Asynchronous log dispatcher for DefaultDaemonConnection: socket connection from /127.0.0.1:59884 to /127.0.0.1:59924" [_thread_blocked, id=12844, stack(0x0000000024b80000,0x0000000024c80000)]
  0x000000001d0a1800 JavaThread "Cancel handler" [_thread_blocked, id=11780, stack(0x0000000024a80000,0x0000000024b80000)]
  0x000000001d0a4800 JavaThread "Handler for socket connection from /127.0.0.1:59884 to /127.0.0.1:59924" [_thread_in_native, id=22388, stack(0x0000000024980000,0x0000000024a80000)]
  0x000000001d0a4000 JavaThread "pool-1-thread-1" [_thread_blocked, id=8592, stack(0x0000000024880000,0x0000000024980000)]
  0x000000001b97a800 JavaThread "Java2D Disposer" daemon [_thread_blocked, id=18044, stack(0x0000000023c80000,0x0000000023d80000)]
  0x000000001b973000 JavaThread "Memory manager" [_thread_blocked, id=20528, stack(0x00000000218b0000,0x00000000219b0000)]
  0x0000000019baf000 JavaThread "File lock request listener" [_thread_in_native, id=22196, stack(0x000000001c370000,0x000000001c470000)]
  0x0000000019bad000 JavaThread "Cache worker for file hash cache (C:\Users\user\.gradle\caches\4.6\fileHashes)" [_thread_blocked, id=22764, stack(0x000000001b2a0000,0x000000001b3a0000)]
  0x0000000019cc4000 JavaThread "Daemon worker" [_thread_blocked, id=7960, stack(0x000000001ada0000,0x000000001aea0000)]
  0x0000000019c66800 JavaThread "Daemon" [_thread_blocked, id=4076, stack(0x000000001a8a0000,0x000000001a9a0000)]
  0x0000000018303800 JavaThread "Daemon periodic checks" [_thread_blocked, id=12460, stack(0x000000001a7a0000,0x000000001a8a0000)]
  0x0000000019c25000 JavaThread "Incoming local TCP Connector on port 59884" [_thread_in_native, id=3736, stack(0x000000001a5c0000,0x000000001a6c0000)]
  0x0000000019bd0800 JavaThread "Daemon health stats" [_thread_blocked, id=20068, stack(0x000000001a2c0000,0x000000001a3c0000)]
  0x000000001807d000 JavaThread "Service Thread" daemon [_thread_blocked, id=23196, stack(0x00000000188f0000,0x00000000189f0000)]
  0x0000000017fff000 JavaThread "C1 CompilerThread2" daemon [_thread_blocked, id=7420, stack(0x00000000187f0000,0x00000000188f0000)]
=>0x0000000016cfc800 JavaThread "C2 CompilerThread1" daemon [_thread_in_native, id=3024, stack(0x00000000186f0000,0x00000000187f0000)]
  0x0000000016cfb000 JavaThread "C2 CompilerThread0" daemon [_thread_in_native, id=23876, stack(0x00000000185f0000,0x00000000186f0000)]
  0x0000000016cf9000 JavaThread "Attach Listener" daemon [_thread_blocked, id=12868, stack(0x00000000184f0000,0x00000000185f0000)]
  0x0000000016caf000 JavaThread "Signal Dispatcher" daemon [_thread_blocked, id=16648, stack(0x00000000183f0000,0x00000000184f0000)]
  0x0000000016c89000 JavaThread "Finalizer" daemon [_thread_blocked, id=25304, stack(0x0000000017ef0000,0x0000000017ff0000)]
  0x0000000003322000 JavaThread "Reference Handler" daemon [_thread_blocked, id=14972, stack(0x0000000017df0000,0x0000000017ef0000)]
  0x0000000003230800 JavaThread "main" [_thread_blocked, id=9968, stack(0x0000000003060000,0x0000000003160000)]

Other Threads:
  0x0000000016c67800 VMThread [stack: 0x0000000017cf0000,0x0000000017df0000] [id=22616]
  0x00000000180bd800 WatcherThread [stack: 0x00000000189f0000,0x0000000018af0000] [id=18348]

VM state:not at safepoint (normal execution)

VM Mutex/Monitor currently owned by a thread: None

Heap:
 PSYoungGen      total 225792K, used 44517K [0x00000000e0000000, 0x00000000efd80000, 0x0000000100000000)
  eden space 195072K, 13% used [0x00000000e0000000,0x00000000e18d0d90,0x00000000ebe80000)
  from space 30720K, 62% used [0x00000000ebe80000,0x00000000ed128750,0x00000000edc80000)
  to   space 26112K, 0% used [0x00000000edc80000,0x00000000edc80000,0x00000000ef600000)
 ParOldGen       total 160256K, used 66344K [0x00000000a0000000, 0x00000000a9c80000, 0x00000000e0000000)
  object space 160256K, 41% used [0x00000000a0000000,0x00000000a40ca3a0,0x00000000a9c80000)
 Metaspace       used 78630K, capacity 80964K, committed 81152K, reserved 1120256K
  class space    used 10209K, capacity 10719K, committed 10752K, reserved 1048576K

Card table byte_map: [0x00000000126f0000,0x0000000012a00000] byte_map_base: 0x00000000121f0000

Marking Bits: (ParMarkBitMap*) 0x000000006547b6d0
 Begin Bits: [0x0000000013000000, 0x0000000014800000)
 End Bits:   [0x0000000014800000, 0x0000000016000000)

Polling page: 0x0000000000e50000

CodeCache: size=245760Kb used=41963Kb max_used=43154Kb free=203797Kb
 bounds [0x0000000003330000, 0x0000000005d90000, 0x0000000012330000]
 total_blobs=13186 nmethods=12260 adapters=835
 compilation: enabled

Compilation events (10 events):
Event: 68.660 Thread 0x0000000017fff000 14255       2       com.android.tools.r8.graph.DexString::decode (257 bytes)
Event: 68.661 Thread 0x0000000017fff000 nmethod 14255 0x0000000004f7b8d0 code [0x0000000004f7baa0, 0x0000000004f7c138]
Event: 68.662 Thread 0x0000000017fff000 14256 %     3       com.android.tools.r8.graph.DexString::decode @ 11 (257 bytes)
Event: 68.663 Thread 0x0000000017fff000 nmethod 14256% 0x0000000004ec5810 code [0x0000000004ec5a00, 0x0000000004ec62f8]
Event: 68.663 Thread 0x0000000017fff000 14257       3       com.android.tools.r8.graph.DexString::decode (257 bytes)
Event: 68.664 Thread 0x0000000017fff000 nmethod 14257 0x0000000004ef9f90 code [0x0000000004efa180, 0x0000000004efaa18]
Event: 68.720 Thread 0x0000000017fff000 14258       2       com.android.tools.r8.ir.optimize.InstructionEquivalence::doEquivalent (13 bytes)
Event: 68.721 Thread 0x0000000017fff000 nmethod 14258 0x000000000502c010 code [0x000000000502c180, 0x000000000502c348]
Event: 68.735 Thread 0x0000000017fff000 14259       2       java.util.concurrent.ScheduledThreadPoolExecutor::canRunInCurrentRunState (20 bytes)
Event: 68.736 Thread 0x0000000017fff000 nmethod 14259 0x000000000509f690 code [0x000000000509f7e0, 0x000000000509f990]

GC Heap History (10 events):
Event: 21.785 GC heap before
{Heap before GC invocations=12 (full 2):
 PSYoungGen      total 163328K, used 131544K [0x00000000e0000000, 0x00000000ed600000, 0x0000000100000000)
  eden space 147968K, 78% used [0x00000000e0000000,0x00000000e7176718,0x00000000e9080000)
  from space 15360K, 99% used [0x00000000e9080000,0x00000000e9f7f9a0,0x00000000e9f80000)
  to   space 20480K, 0% used [0x00000000ec200000,0x00000000ec200000,0x00000000ed600000)
 ParOldGen       total 99328K, used 29823K [0x00000000a0000000, 0x00000000a6100000, 0x00000000e0000000)
  object space 99328K, 30% used [0x00000000a0000000,0x00000000a1d1fca8,0x00000000a6100000)
 Metaspace       used 57567K, capacity 59070K, committed 59160K, reserved 1099776K
  class space    used 7900K, capacity 8304K, committed 8320K, reserved 1048576K
Event: 21.828 GC heap after
Heap after GC invocations=12 (full 2):
 PSYoungGen      total 192000K, used 20455K [0x00000000e0000000, 0x00000000ee180000, 0x0000000100000000)
  eden space 171520K, 0% used [0x00000000e0000000,0x00000000e0000000,0x00000000ea780000)
  from space 20480K, 99% used [0x00000000ec200000,0x00000000ed5f9f08,0x00000000ed600000)
  to   space 27136K, 0% used [0x00000000ea780000,0x00000000ea780000,0x00000000ec200000)
 ParOldGen       total 99328K, used 40597K [0x00000000a0000000, 0x00000000a6100000, 0x00000000e0000000)
  object space 99328K, 40% used [0x00000000a0000000,0x00000000a27a56f0,0x00000000a6100000)
 Metaspace       used 57567K, capacity 59070K, committed 59160K, reserved 1099776K
  class space    used 7900K, capacity 8304K, committed 8320K, reserved 1048576K
}
Event: 21.828 GC heap before
{Heap before GC invocations=13 (full 3):
 PSYoungGen      total 192000K, used 20455K [0x00000000e0000000, 0x00000000ee180000, 0x0000000100000000)
  eden space 171520K, 0% used [0x00000000e0000000,0x00000000e0000000,0x00000000ea780000)
  from space 20480K, 99% used [0x00000000ec200000,0x00000000ed5f9f08,0x00000000ed600000)
  to   space 27136K, 0% used [0x00000000ea780000,0x00000000ea780000,0x00000000ec200000)
 ParOldGen       total 99328K, used 40597K [0x00000000a0000000, 0x00000000a6100000, 0x00000000e0000000)
  object space 99328K, 40% used [0x00000000a0000000,0x00000000a27a56f0,0x00000000a6100000)
 Metaspace       used 57567K, capacity 59070K, committed 59160K, reserved 1099776K
  class space    used 7900K, capacity 8304K, committed 8320K, reserved 1048576K
Event: 22.186 GC heap after
Heap after GC invocations=13 (full 3):
 PSYoungGen      total 192000K, used 0K [0x00000000e0000000, 0x00000000ee180000, 0x0000000100000000)
  eden space 171520K, 0% used [0x00000000e0000000,0x00000000e0000000,0x00000000ea780000)
  from space 20480K, 0% used [0x00000000ec200000,0x00000000ec200000,0x00000000ed600000)
  to   space 27136K, 0% used [0x00000000ea780000,0x00000000ea780000,0x00000000ec200000)
 ParOldGen       total 160256K, used 44591K [0x00000000a0000000, 0x00000000a9c80000, 0x00000000e0000000)
  object space 160256K, 27% used [0x00000000a0000000,0x00000000a2b8bcf0,0x00000000a9c80000)
 Metaspace       used 57567K, capacity 59070K, committed 59160K, reserved 1099776K
  class space    used 7900K, capacity 8304K, committed 8320K, reserved 1048576K
}
Event: 51.576 GC heap before
{Heap before GC invocations=14 (full 3):
 PSYoungGen      total 192000K, used 171520K [0x00000000e0000000, 0x00000000ee180000, 0x0000000100000000)
  eden space 171520K, 100% used [0x00000000e0000000,0x00000000ea780000,0x00000000ea780000)
  from space 20480K, 0% used [0x00000000ec200000,0x00000000ec200000,0x00000000ed600000)
  to   space 27136K, 0% used [0x00000000ea780000,0x00000000ea780000,0x00000000ec200000)
 ParOldGen       total 160256K, used 44591K [0x00000000a0000000, 0x00000000a9c80000, 0x00000000e0000000)
  object space 160256K, 27% used [0x00000000a0000000,0x00000000a2b8bcf0,0x00000000a9c80000)
 Metaspace       used 63850K, capacity 65570K, committed 65792K, reserved 1105920K
  class space    used 8498K, capacity 8914K, committed 8960K, reserved 1048576K
Event: 51.590 GC heap after
Heap after GC invocations=14 (full 3):
 PSYoungGen      total 198656K, used 10182K [0x00000000e0000000, 0x00000000ef600000, 0x0000000100000000)
  eden space 171520K, 0% used [0x00000000e0000000,0x00000000e0000000,0x00000000ea780000)
  from space 27136K, 37% used [0x00000000ea780000,0x00000000eb1719a8,0x00000000ec200000)
  to   space 26112K, 0% used [0x00000000edc80000,0x00000000edc80000,0x00000000ef600000)
 ParOldGen       total 160256K, used 44599K [0x00000000a0000000, 0x00000000a9c80000, 0x00000000e0000000)
  object space 160256K, 27% used [0x00000000a0000000,0x00000000a2b8dcf0,0x00000000a9c80000)
 Metaspace       used 63850K, capacity 65570K, committed 65792K, reserved 1105920K
  class space    used 8498K, capacity 8914K, committed 8960K, reserved 1048576K
}
Event: 58.255 GC heap before
{Heap before GC invocations=15 (full 3):
 PSYoungGen      total 198656K, used 181702K [0x00000000e0000000, 0x00000000ef600000, 0x0000000100000000)
  eden space 171520K, 100% used [0x00000000e0000000,0x00000000ea780000,0x00000000ea780000)
  from space 27136K, 37% used [0x00000000ea780000,0x00000000eb1719a8,0x00000000ec200000)
  to   space 26112K, 0% used [0x00000000edc80000,0x00000000edc80000,0x00000000ef600000)
 ParOldGen       total 160256K, used 44599K [0x00000000a0000000, 0x00000000a9c80000, 0x00000000e0000000)
  object space 160256K, 27% used [0x00000000a0000000,0x00000000a2b8dcf0,0x00000000a9c80000)
 Metaspace       used 68803K, capacity 70632K, committed 70784K, reserved 1110016K
  class space    used 9066K, capacity 9515K, committed 9600K, reserved 1048576K
Event: 58.307 GC heap after
Heap after GC invocations=15 (full 3):
 PSYoungGen      total 221184K, used 26098K [0x00000000e0000000, 0x00000000efd80000, 0x0000000100000000)
  eden space 195072K, 0% used [0x00000000e0000000,0x00000000e0000000,0x00000000ebe80000)
  from space 26112K, 99% used [0x00000000edc80000,0x00000000ef5fcba8,0x00000000ef600000)
  to   space 30720K, 0% used [0x00000000ebe80000,0x00000000ebe80000,0x00000000edc80000)
 ParOldGen       total 160256K, used 46965K [0x00000000a0000000, 0x00000000a9c80000, 0x00000000e0000000)
  object space 160256K, 29% used [0x00000000a0000000,0x00000000a2ddd530,0x00000000a9c80000)
 Metaspace       used 68803K, capacity 70632K, committed 70784K, reserved 1110016K
  class space    used 9066K, capacity 9515K, committed 9600K, reserved 1048576K
}
Event: 68.098 GC heap before
{Heap before GC invocations=16 (full 3):
 PSYoungGen      total 221184K, used 221170K [0x00000000e0000000, 0x00000000efd80000, 0x0000000100000000)
  eden space 195072K, 100% used [0x00000000e0000000,0x00000000ebe80000,0x00000000ebe80000)
  from space 26112K, 99% used [0x00000000edc80000,0x00000000ef5fcba8,0x00000000ef600000)
  to   space 30720K, 0% used [0x00000000ebe80000,0x00000000ebe80000,0x00000000edc80000)
 ParOldGen       total 160256K, used 46965K [0x00000000a0000000, 0x00000000a9c80000, 0x00000000e0000000)
  object space 160256K, 29% used [0x00000000a0000000,0x00000000a2ddd530,0x00000000a9c80000)
 Metaspace       used 78457K, capacity 80798K, committed 80896K, reserved 1120256K
  class space    used 10183K, capacity 10686K, committed 10752K, reserved 1048576K
Event: 68.229 GC heap after
Heap after GC invocations=16 (full 3):
 PSYoungGen      total 225792K, used 19105K [0x00000000e0000000, 0x00000000efd80000, 0x0000000100000000)
  eden space 195072K, 0% used [0x00000000e0000000,0x00000000e0000000,0x00000000ebe80000)
  from space 30720K, 62% used [0x00000000ebe80000,0x00000000ed128750,0x00000000edc80000)
  to   space 26112K, 0% used [0x00000000edc80000,0x00000000edc80000,0x00000000ef600000)
 ParOldGen       total 160256K, used 66344K [0x00000000a0000000, 0x00000000a9c80000, 0x00000000e0000000)
  object space 160256K, 41% used [0x00000000a0000000,0x00000000a40ca3a0,0x00000000a9c80000)
 Metaspace       used 78457K, capacity 80798K, committed 80896K, reserved 1120256K
  class space    used 10183K, capacity 10686K, committed 10752K, reserved 1048576K
}

Deoptimization events (10 events):
Event: 68.324 Thread 0x0000000019ba8800 Uncommon trap: reason=unstable_if action=reinterpret pc=0x0000000005851ab4 method=com.android.tools.r8.org.objectweb.asm.ClassReader.readUTF(II[C)Ljava/lang/String; @ 98
Event: 68.560 Thread 0x000000001b97d800 Uncommon trap: reason=unstable_if action=reinterpret pc=0x0000000005cb849c method=com.android.tools.r8.ir.regalloc.LinearScanRegisterAllocator.handleWorkaround(Ljava/util/function/Predicate;Ljava/util/function/BiPredicate;ILcom/android/tools/r8/ir/regallo
Event: 68.565 Thread 0x000000001b97d800 Uncommon trap: reason=unstable_if action=reinterpret pc=0x0000000005ad60a8 method=com.android.tools.r8.ir.conversion.JarState.getLocalRegister(ILcom/android/tools/r8/org/objectweb/asm/Type;)I @ 81
Event: 68.565 Thread 0x000000001b97d800 Uncommon trap: reason=unstable_if action=reinterpret pc=0x0000000005ae1e3c method=com.android.tools.r8.ir.conversion.JarState.getLocalRegister(ILcom/android/tools/r8/org/objectweb/asm/Type;)I @ 81
Event: 68.566 Thread 0x000000001b97d800 Uncommon trap: reason=unstable_if action=reinterpret pc=0x0000000005adeec8 method=com.android.tools.r8.ir.conversion.JarState.getLocalRegister(ILcom/android/tools/r8/org/objectweb/asm/Type;)I @ 81
Event: 68.566 Thread 0x000000001b97d800 Uncommon trap: reason=unstable_if action=reinterpret pc=0x0000000005d5b440 method=com.android.tools.r8.ir.conversion.JarState.getLocalRegister(ILcom/android/tools/r8/org/objectweb/asm/Type;)I @ 81
Event: 68.566 Thread 0x000000001b97d800 Uncommon trap: reason=unstable_if action=reinterpret pc=0x0000000005ae7030 method=com.android.tools.r8.ir.conversion.JarState.getLocalRegister(ILcom/android/tools/r8/org/objectweb/asm/Type;)I @ 81
Event: 68.566 Thread 0x000000001b97d800 Uncommon trap: reason=unstable_if action=reinterpret pc=0x0000000005d0c2bc method=com.android.tools.r8.ir.conversion.JarState.getLocalRegister(ILcom/android/tools/r8/org/objectweb/asm/Type;)I @ 81
Event: 68.566 Thread 0x000000001b97d800 Uncommon trap: reason=unstable_if action=reinterpret pc=0x000000000597421c method=com.android.tools.r8.ir.code.ValueType.isWide()Z @ 4
Event: 68.660 Thread 0x0000000019ba8800 Uncommon trap: reason=unstable_if action=reinterpret pc=0x00000000059e2980 method=com.android.tools.r8.graph.DexString.decode()Ljava/lang/String; @ 71

Internal exceptions (10 events):
Event: 66.212 Thread 0x000000001b971800 Exception <a 'sun/nio/fs/WindowsException'> (0x00000000e6198840) thrown at [C:\re\workspace\8-2-build-windows-amd64-cygwin\jdk8u121\8372\hotspot\src\share\vm\prims\jni.cpp, line 709]
Event: 66.243 Thread 0x000000001b971800 Exception <a 'sun/nio/fs/WindowsException'> (0x00000000e66a80f0) thrown at [C:\re\workspace\8-2-build-windows-amd64-cygwin\jdk8u121\8372\hotspot\src\share\vm\prims\jni.cpp, line 709]
Event: 66.262 Thread 0x000000001b971800 Exception <a 'sun/nio/fs/WindowsException'> (0x00000000e66db3c0) thrown at [C:\re\workspace\8-2-build-windows-amd64-cygwin\jdk8u121\8372\hotspot\src\share\vm\prims\jni.cpp, line 709]
Event: 66.288 Thread 0x000000001b971800 Exception <a 'sun/nio/fs/WindowsException'> (0x00000000e670e7d8) thrown at [C:\re\workspace\8-2-build-windows-amd64-cygwin\jdk8u121\8372\hotspot\src\share\vm\prims\jni.cpp, line 709]
Event: 66.730 Thread 0x000000001b971800 Exception <a 'sun/nio/fs/WindowsException'> (0x00000000e673b3a0) thrown at [C:\re\workspace\8-2-build-windows-amd64-cygwin\jdk8u121\8372\hotspot\src\share\vm\prims\jni.cpp, line 709]
Event: 66.914 Thread 0x000000001b971800 Exception <a 'sun/nio/fs/WindowsException'> (0x00000000e6766388) thrown at [C:\re\workspace\8-2-build-windows-amd64-cygwin\jdk8u121\8372\hotspot\src\share\vm\prims\jni.cpp, line 709]
Event: 67.123 Thread 0x000000001b971800 Exception <a 'sun/nio/fs/WindowsException'> (0x00000000e6798a28) thrown at [C:\re\workspace\8-2-build-windows-amd64-cygwin\jdk8u121\8372\hotspot\src\share\vm\prims\jni.cpp, line 709]
Event: 67.410 Thread 0x000000001b971800 Exception <a 'sun/nio/fs/WindowsException'> (0x00000000e9258110) thrown at [C:\re\workspace\8-2-build-windows-amd64-cygwin\jdk8u121\8372\hotspot\src\share\vm\prims\jni.cpp, line 709]
Event: 67.913 Thread 0x000000001b971800 Exception <a 'sun/nio/fs/WindowsException'> (0x00000000e9285cf8) thrown at [C:\re\workspace\8-2-build-windows-amd64-cygwin\jdk8u121\8372\hotspot\src\share\vm\prims\jni.cpp, line 709]
Event: 68.364 Thread 0x000000001b971800 Exception <a 'sun/nio/fs/WindowsException'> (0x00000000e0e5ba28) thrown at [C:\re\workspace\8-2-build-windows-amd64-cygwin\jdk8u121\8372\hotspot\src\share\vm\prims\jni.cpp, line 709]

Events (10 events):
Event: 68.605 loading class com/android/tools/r8/com/google/common/collect/AbstractMapBasedMultimap$AsMap done
Event: 68.605 loading class com/android/tools/r8/com/google/common/collect/Maps$ViewCachingAbstractMap
Event: 68.605 loading class com/android/tools/r8/com/google/common/collect/Maps$ViewCachingAbstractMap done
Event: 68.606 loading class com/android/tools/r8/com/google/common/collect/AbstractMapBasedMultimap$AsMap$AsMapEntries
Event: 68.606 loading class com/android/tools/r8/com/google/common/collect/AbstractMapBasedMultimap$AsMap$AsMapEntries done
Event: 68.660 Thread 0x0000000019ba8800 Uncommon trap: trap_request=0xffffff65 fr.pc=0x00000000059e2980
Event: 68.660 Thread 0x0000000019ba8800 DEOPT PACKING pc=0x00000000059e2980 sp=0x000000002607e2e0
Event: 68.660 Thread 0x0000000019ba8800 DEOPT UNPACKING pc=0x000000000337582a sp=0x000000002607e288 mode 2
Event: 68.665 Thread 0x0000000019ba8800 DEOPT PACKING pc=0x0000000004f7bf82 sp=0x000000002607e2e0
Event: 68.665 Thread 0x0000000019ba8800 DEOPT UNPACKING pc=0x000000000337787f sp=0x000000002607e008 mode 0


Dynamic libraries:
0x00007ff76add0000 - 0x00007ff76ae07000 	C:\Program Files\Java\jdk1.8.0_121\bin\java.exe
0x00007ffc8f5c0000 - 0x00007ffc8f7a1000 	C:\WINDOWS\SYSTEM32\ntdll.dll
0x00007ffc8ef40000 - 0x00007ffc8eff2000 	C:\WINDOWS\System32\KERNEL32.DLL
0x00007ffc8c730000 - 0x00007ffc8c9a3000 	C:\WINDOWS\System32\KERNELBASE.dll
0x00007ffc8cf80000 - 0x00007ffc8d021000 	C:\WINDOWS\System32\ADVAPI32.dll
0x00007ffc8d580000 - 0x00007ffc8d61e000 	C:\WINDOWS\System32\msvcrt.dll
0x00007ffc8ca80000 - 0x00007ffc8cadb000 	C:\WINDOWS\System32\sechost.dll
0x00007ffc8cde0000 - 0x00007ffc8cf04000 	C:\WINDOWS\System32\RPCRT4.dll
0x00007ffc8d760000 - 0x00007ffc8d8f0000 	C:\WINDOWS\System32\USER32.dll
0x00007ffc8c9b0000 - 0x00007ffc8c9d0000 	C:\WINDOWS\System32\win32u.dll
0x00007ffc8f220000 - 0x00007ffc8f248000 	C:\WINDOWS\System32\GDI32.dll
0x00007ffc8b9e0000 - 0x00007ffc8bb72000 	C:\WINDOWS\System32\gdi32full.dll
0x00007ffc8bb80000 - 0x00007ffc8bc1f000 	C:\WINDOWS\System32\msvcp_win.dll
0x00007ffc8be10000 - 0x00007ffc8bf08000 	C:\WINDOWS\System32\ucrtbase.dll
0x00007ffc7e9b0000 - 0x00007ffc7ec19000 	C:\WINDOWS\WinSxS\amd64_microsoft.windows.common-controls_6595b64144ccf1df_6.0.17134.648_none_fb45a0e93062a6d2\COMCTL32.dll
0x00007ffc8f250000 - 0x00007ffc8f572000 	C:\WINDOWS\System32\combase.dll
0x00007ffc8c9d0000 - 0x00007ffc8ca4a000 	C:\WINDOWS\System32\bcryptPrimitives.dll
0x00007ffc8dad0000 - 0x00007ffc8dafd000 	C:\WINDOWS\System32\IMM32.DLL
0x0000000065500000 - 0x00000000655d2000 	C:\Program Files\Java\jdk1.8.0_121\jre\bin\msvcr100.dll
0x0000000064c60000 - 0x00000000654fb000 	C:\Program Files\Java\jdk1.8.0_121\jre\bin\server\jvm.dll
0x00007ffc8ca70000 - 0x00007ffc8ca78000 	C:\WINDOWS\System32\PSAPI.DLL
0x00007ffc80420000 - 0x00007ffc80429000 	C:\WINDOWS\SYSTEM32\WSOCK32.dll
0x00007ffc81fd0000 - 0x00007ffc81fda000 	C:\WINDOWS\SYSTEM32\VERSION.dll
0x00007ffc81fe0000 - 0x00007ffc82003000 	C:\WINDOWS\SYSTEM32\WINMM.dll
0x00007ffc8cf10000 - 0x00007ffc8cf7c000 	C:\WINDOWS\System32\WS2_32.dll
0x00007ffc81fa0000 - 0x00007ffc81fca000 	C:\WINDOWS\SYSTEM32\WINMMBASE.dll
0x00007ffc8b990000 - 0x00007ffc8b9d9000 	C:\WINDOWS\System32\cfgmgr32.dll
0x00000000667f0000 - 0x00000000667ff000 	C:\Program Files\Java\jdk1.8.0_121\jre\bin\verify.dll
0x00000000667c0000 - 0x00000000667e9000 	C:\Program Files\Java\jdk1.8.0_121\jre\bin\java.dll
0x0000000064c40000 - 0x0000000064c56000 	C:\Program Files\Java\jdk1.8.0_121\jre\bin\zip.dll
0x00007ffc8db00000 - 0x00007ffc8ef40000 	C:\WINDOWS\System32\SHELL32.dll
0x00007ffc8cc40000 - 0x00007ffc8cce9000 	C:\WINDOWS\System32\shcore.dll
0x00007ffc8bf10000 - 0x00007ffc8c61d000 	C:\WINDOWS\System32\windows.storage.dll
0x00007ffc8d6f0000 - 0x00007ffc8d741000 	C:\WINDOWS\System32\shlwapi.dll
0x00007ffc8b970000 - 0x00007ffc8b981000 	C:\WINDOWS\System32\kernel.appcore.dll
0x00007ffc8b950000 - 0x00007ffc8b96f000 	C:\WINDOWS\System32\profapi.dll
0x00007ffc8b8d0000 - 0x00007ffc8b91c000 	C:\WINDOWS\System32\powrprof.dll
0x00007ffc8b920000 - 0x00007ffc8b92a000 	C:\WINDOWS\System32\FLTLIB.DLL
0x0000000064c20000 - 0x0000000064c3a000 	C:\Program Files\Java\jdk1.8.0_121\jre\bin\net.dll
0x00007ffc8b0f0000 - 0x00007ffc8b156000 	C:\WINDOWS\system32\mswsock.dll
0x0000000064c00000 - 0x0000000064c11000 	C:\Program Files\Java\jdk1.8.0_121\jre\bin\nio.dll
0x00007ffc7e860000 - 0x00007ffc7e87e000 	C:\Users\user\.gradle\native\25\windows-amd64\native-platform.dll
0x0000000064bf0000 - 0x0000000064bfd000 	C:\Program Files\Java\jdk1.8.0_121\jre\bin\management.dll
0x00007ffc8b2b0000 - 0x00007ffc8b2c7000 	C:\WINDOWS\SYSTEM32\CRYPTSP.dll
0x00007ffc8acd0000 - 0x00007ffc8ad03000 	C:\WINDOWS\system32\rsaenh.dll
0x00007ffc8b3d0000 - 0x00007ffc8b3f5000 	C:\WINDOWS\SYSTEM32\bcrypt.dll
0x00007ffc8b7d0000 - 0x00007ffc8b7f8000 	C:\WINDOWS\SYSTEM32\USERENV.dll
0x00007ffc8b2a0000 - 0x00007ffc8b2ab000 	C:\WINDOWS\SYSTEM32\CRYPTBASE.dll
0x00007ffc8ae70000 - 0x00007ffc8aea8000 	C:\WINDOWS\SYSTEM32\IPHLPAPI.DLL
0x00007ffc8f580000 - 0x00007ffc8f588000 	C:\WINDOWS\System32\NSI.dll
0x00007ffc840b0000 - 0x00007ffc840c6000 	C:\WINDOWS\SYSTEM32\dhcpcsvc6.DLL
0x00007ffc85280000 - 0x00007ffc8529a000 	C:\WINDOWS\SYSTEM32\dhcpcsvc.DLL
0x0000000064a20000 - 0x0000000064bb8000 	C:\Program Files\Java\jdk1.8.0_121\jre\bin\awt.dll
0x00007ffc8d620000 - 0x00007ffc8d6e3000 	C:\WINDOWS\System32\OLEAUT32.dll
0x00007ffc89010000 - 0x00007ffc8909b000 	C:\WINDOWS\SYSTEM32\apphelp.dll
0x00007ffc89a20000 - 0x00007ffc89a49000 	C:\WINDOWS\system32\DWMAPI.DLL
0x00007ffc898b0000 - 0x00007ffc89948000 	C:\WINDOWS\system32\uxtheme.dll
0x00000000649f0000 - 0x0000000064a1a000 	C:\Program Files\Java\jdk1.8.0_121\jre\bin\dcpr.dll
0x00007ffc8a9c0000 - 0x00007ffc8a9f1000 	C:\WINDOWS\SYSTEM32\ntmarta.dll

VM Arguments:
jvm_args: -Xmx1536m -Dfile.encoding=x-windows-949 -Duser.country=KR -Duser.language=ko -Duser.variant 
java_command: org.gradle.launcher.daemon.bootstrap.GradleDaemon 4.6
java_class_path (initial): C:\Users\user\.gradle\wrapper\dists\gradle-4.6-all\bcst21l2brirad8k2ben1letg\gradle-4.6\lib\gradle-launcher-4.6.jar
Launcher Type: SUN_STANDARD

Environment Variables:
JAVA_HOME=C:\Program Files\Java\jdk1.8.0_121
CLASSPATH=C:\Program Files\Java\jdk1.8.0_121\lib
PATH=C:\Program Files\Java\jdk1.8.0_121\bin;C:\Program Files\MATLAB\R2019a\bin;c:\windows\system32
USERNAME=user
OS=Windows_NT
PROCESSOR_IDENTIFIER=Intel64 Family 6 Model 142 Stepping 9, GenuineIntel



---------------  S Y S T E M  ---------------

OS: Windows 10.0 , 64 bit Build 17134 (10.0.17134.648)

CPU:total 4 (2 cores per cpu, 2 threads per core) family 6 model 142 stepping 9, cmov, cx8, fxsr, mmx, sse, sse2, sse3, ssse3, sse4.1, sse4.2, popcnt, avx, avx2, aes, clmul, erms, 3dnowpref, lzcnt, ht, tsc, tscinvbit, bmi1, bmi2, adx

Memory: 4k page, physical 8244428k(1212380k free), swap 33410252k(13208k free)

vm_info: Java HotSpot(TM) 64-Bit Server VM (25.121-b13) for windows-amd64 JRE (1.8.0_121-b13), built on Dec 12 2016 18:21:36 by "java_re" with MS VC++ 10.0 (VS2010)

time: Wed Apr 10 16:15:44 2019
elapsed time: 68 seconds (0d 0h 1m 8s)

