#
# There is insufficient memory for the Java Runtime Environment to continue.
# Native memory allocation (malloc) failed to allocate 1126736 bytes for Chunk::new
# Possible reasons:
#   The system is out of physical RAM or swap space
#   In 32 bit mode, the process size limit was hit
# Possible solutions:
#   Reduce memory load on the system
#   Increase physical memory or swap space
#   Check if swap backing store is full
#   Use 64 bit Java on a 64 bit OS
#   Decrease Java heap size (-Xmx/-Xms)
#   Decrease number of Java threads
#   Decrease Java thread stack sizes (-Xss)
#   Set larger code cache with -XX:ReservedCodeCacheSize=
# This output file may be truncated or incomplete.
#
#  Out of Memory Error (allocation.cpp:390), pid=19240, tid=0x0000000000004220
#
# JRE version: Java(TM) SE Runtime Environment (8.0_121-b13) (build 1.8.0_121-b13)
# Java VM: Java HotSpot(TM) 64-Bit Server VM (25.121-b13 mixed mode windows-amd64 compressed oops)
# Failed to write core dump. Minidumps are not enabled by default on client versions of Windows
#

---------------  T H R E A D  ---------------

Current thread (0x00000000167ba800):  JavaThread "C2 CompilerThread0" daemon [_thread_in_native, id=16928, stack(0x0000000018140000,0x0000000018240000)]

Stack: [0x0000000018140000,0x0000000018240000]
[error occurred during error reporting (printing stack bounds), id 0xc0000005]

Native frames: (J=compiled Java code, j=interpreted, Vv=VM code, C=native code)


Current CompileTask:
C2:5032910 25114   !   4       org.gradle.internal.progress.DefaultBuildOperationExecutor::execute (394 bytes)


---------------  P R O C E S S  ---------------

Java Threads: ( => current thread )
  0x000000001f2ca000 JavaThread "Task worker for ':' Thread 3" [_thread_blocked, id=11268, stack(0x000000003f4a0000,0x000000003f5a0000)]
  0x000000001f2c8800 JavaThread "Task worker for ':' Thread 2" [_thread_blocked, id=7644, stack(0x000000003f3a0000,0x000000003f4a0000)]
  0x000000001f2cc000 JavaThread "Task worker for ':'" [_thread_blocked, id=4064, stack(0x000000003f2a0000,0x000000003f3a0000)]
  0x000000001f2cf000 JavaThread "Cache worker for Build Output Cleanup Cache (C:\Users\user\Desktop\111 (2)\.gradle\buildOutputCleanup)" [_thread_blocked, id=6552, stack(0x000000003f1a0000,0x000000003f2a0000)]
  0x000000001f2c2800 JavaThread "Cache worker for task history cache (C:\Users\user\Desktop\111 (2)\.gradle\4.6\taskHistory)" [_thread_blocked, id=13880, stack(0x000000003f0a0000,0x000000003f1a0000)]
  0x000000001f2c9000 JavaThread "Cache worker for file content cache (C:\Users\user\Desktop\111 (2)\.gradle\4.6\fileContent)" [_thread_blocked, id=1000, stack(0x000000003efa0000,0x000000003f0a0000)]
  0x000000001f2c6000 JavaThread "Build operations Thread 4" [_thread_blocked, id=20636, stack(0x000000003eea0000,0x000000003efa0000)]
  0x000000001f2c4000 JavaThread "Build operations Thread 3" [_thread_blocked, id=24512, stack(0x000000003eda0000,0x000000003eea0000)]
  0x000000001f2c1800 JavaThread "Build operations Thread 2" [_thread_blocked, id=10768, stack(0x000000003eca0000,0x000000003eda0000)]
  0x000000001f2c7800 JavaThread "Build operations" [_thread_blocked, id=10648, stack(0x000000003eba0000,0x000000003eca0000)]
  0x000000001b011800 JavaThread "Cache worker for Artifact transforms cache (C:\Users\user\.gradle\caches\transforms-1)" [_thread_blocked, id=24476, stack(0x000000003eaa0000,0x000000003eba0000)]
  0x000000001b00f000 JavaThread "Cache worker for file hash cache (C:\Users\user\Desktop\111 (2)\.gradle\4.6\fileHashes)" [_thread_blocked, id=16368, stack(0x000000003e9a0000,0x000000003eaa0000)]
  0x000000001b00e800 JavaThread "Stdin handler" [_thread_blocked, id=21832, stack(0x000000003e8a0000,0x000000003e9a0000)]
  0x000000001b006000 JavaThread "Asynchronous log dispatcher for DefaultDaemonConnection: socket connection from /127.0.0.1:60163 to /127.0.0.1:60845" [_thread_in_native, id=22652, stack(0x000000003e7a0000,0x000000003e8a0000)]
  0x000000001b008800 JavaThread "Daemon worker Thread 13" [_thread_blocked, id=6668, stack(0x000000003e6a0000,0x000000003e7a0000)]
  0x000000001b007800 JavaThread "Cancel handler" [_thread_blocked, id=7440, stack(0x000000003e5a0000,0x000000003e6a0000)]
  0x000000001b009000 JavaThread "Handler for socket connection from /127.0.0.1:60163 to /127.0.0.1:60845" [_thread_in_native, id=3956, stack(0x000000003e4a0000,0x000000003e5a0000)]
  0x000000001b004000 JavaThread "Daemon Thread 13" [_thread_blocked, id=14508, stack(0x000000003e3a0000,0x000000003e4a0000)]
  0x000000001b00a000 JavaThread "pool-1-thread-1" [_thread_blocked, id=10228, stack(0x00000000269a0000,0x0000000026aa0000)]
  0x000000001f2c3000 JavaThread "Memory manager" [_thread_blocked, id=18484, stack(0x0000000021320000,0x0000000021420000)]
  0x0000000019649800 JavaThread "File lock request listener" [_thread_in_native, id=24072, stack(0x000000001aef0000,0x000000001aff0000)]
  0x000000001964d000 JavaThread "Cache worker for file hash cache (C:\Users\user\.gradle\caches\4.6\fileHashes)" [_thread_blocked, id=16456, stack(0x000000001adf0000,0x000000001aef0000)]
  0x000000001899a000 JavaThread "Daemon periodic checks" [_thread_blocked, id=23280, stack(0x000000001a2f0000,0x000000001a3f0000)]
  0x00000000188d7800 JavaThread "Incoming local TCP Connector on port 60163" [_thread_in_native, id=14396, stack(0x000000001a110000,0x000000001a210000)]
  0x00000000194af800 JavaThread "Daemon health stats" [_thread_blocked, id=17292, stack(0x0000000019e10000,0x0000000019f10000)]
  0x0000000017bd3800 JavaThread "Service Thread" daemon [_thread_blocked, id=21736, stack(0x0000000018440000,0x0000000018540000)]
  0x0000000017b58000 JavaThread "C1 CompilerThread2" daemon [_thread_blocked, id=8092, stack(0x0000000018340000,0x0000000018440000)]
  0x00000000167bd800 JavaThread "C2 CompilerThread1" daemon [_thread_blocked, id=15684, stack(0x0000000018240000,0x0000000018340000)]
=>0x00000000167ba800 JavaThread "C2 CompilerThread0" daemon [_thread_in_native, id=16928, stack(0x0000000018140000,0x0000000018240000)]
  0x000000001676e800 JavaThread "Attach Listener" daemon [_thread_blocked, id=7508, stack(0x0000000018040000,0x0000000018140000)]
  0x0000000017b48800 JavaThread "Signal Dispatcher" daemon [_thread_blocked, id=24408, stack(0x0000000017f40000,0x0000000018040000)]
  0x000000001674a800 JavaThread "Finalizer" daemon [_thread_blocked, id=7060, stack(0x00000000179b0000,0x0000000017ab0000)]
  0x0000000002ddf000 JavaThread "Reference Handler" daemon [_thread_blocked, id=228, stack(0x00000000178b0000,0x00000000179b0000)]
  0x0000000002cf0800 JavaThread "main" [_thread_blocked, id=20792, stack(0x0000000002b60000,0x0000000002c60000)]

Other Threads:
  0x0000000016728000 VMThread [stack: 0x00000000177b0000,0x00000000178b0000] [id=23812]
  0x0000000017c15800 WatcherThread [stack: 0x0000000018540000,0x0000000018640000] [id=4500]

VM state:not at safepoint (normal execution)

VM Mutex/Monitor currently owned by a thread: None

Heap:
 PSYoungGen      total 478720K, used 399976K [0x00000000e0000000, 0x00000000ffe80000, 0x0000000100000000)
  eden space 437760K, 87% used [0x00000000e0000000,0x00000000f7710530,0x00000000fab80000)
  from space 40960K, 38% used [0x00000000fab80000,0x00000000fbb09e10,0x00000000fd380000)
  to   space 39424K, 0% used [0x00000000fd800000,0x00000000fd800000,0x00000000ffe80000)
 ParOldGen       total 174592K, used 98630K [0x00000000a0000000, 0x00000000aaa80000, 0x00000000e0000000)
  object space 174592K, 56% used [0x00000000a0000000,0x00000000a6051928,0x00000000aaa80000)
 Metaspace       used 85841K, capacity 91099K, committed 91264K, reserved 1128448K
  class space    used 10933K, capacity 11787K, committed 11904K, reserved 1048576K

Card table byte_map: [0x00000000121b0000,0x00000000124c0000] byte_map_base: 0x0000000011cb0000

Marking Bits: (ParMarkBitMap*) 0x000000005622b6d0
 Begin Bits: [0x0000000012ac0000, 0x00000000142c0000)
 End Bits:   [0x00000000142c0000, 0x0000000015ac0000)

Polling page: 0x0000000002800000

CodeCache: size=245760Kb used=68624Kb max_used=68698Kb free=177135Kb
 bounds [0x0000000002df0000, 0x0000000007180000, 0x0000000011df0000]
 total_blobs=19543 nmethods=18687 adapters=765
 compilation: enabled

Compilation events (10 events):
Event: 5031.024 Thread 0x00000000167ba800 25114   !   4       org.gradle.internal.progress.DefaultBuildOperationExecutor::execute (394 bytes)
Event: 5031.027 Thread 0x00000000167bd800 nmethod 25112 0x0000000007168010 code [0x0000000007168200, 0x0000000007169010]
Event: 5031.029 Thread 0x00000000167bd800 25115       4       org.gradle.tooling.internal.provider.runner.ClientForwardingTaskOperationListener::finished (92 bytes)
Event: 5031.060 Thread 0x00000000167bd800 nmethod 25115 0x0000000007166110 code [0x0000000007166380, 0x00000000071671e0]
Event: 5031.093 Thread 0x00000000167bd800 25116   !   4       java.util.concurrent.ConcurrentHashMap::putVal (362 bytes)
Event: 5031.120 Thread 0x00000000167bd800 nmethod 25116 0x0000000003524d10 code [0x0000000003524ee0, 0x0000000003525d50]
Event: 5031.122 Thread 0x00000000167bd800 25117   !   4       java.util.concurrent.ConcurrentHashMap::initTable (115 bytes)
Event: 5031.126 Thread 0x00000000167bd800 nmethod 25117 0x00000000032a1490 code [0x00000000032a15e0, 0x00000000032a17f8]
Event: 5031.205 Thread 0x00000000167bd800 25118       4       org.gradle.api.internal.AbstractTask::toString (43 bytes)
Event: 5031.247 Thread 0x00000000167bd800 nmethod 25118 0x0000000004ffcb90 code [0x0000000004ffcda0, 0x0000000004ffdf60]

GC Heap History (10 events):
Event: 2385.530 GC heap before
{Heap before GC invocations=27 (full 4):
 PSYoungGen      total 470528K, used 442677K [0x00000000e0000000, 0x00000000ff900000, 0x0000000100000000)
  eden space 424960K, 99% used [0x00000000e0000000,0x00000000f9efc0b8,0x00000000f9f00000)
  from space 45568K, 38% used [0x00000000fcc80000,0x00000000fddd1358,0x00000000ff900000)
  to   space 46080K, 0% used [0x00000000f9f00000,0x00000000f9f00000,0x00000000fcc00000)
 ParOldGen       total 174592K, used 98598K [0x00000000a0000000, 0x00000000aaa80000, 0x00000000e0000000)
  object space 174592K, 56% used [0x00000000a0000000,0x00000000a6049928,0x00000000aaa80000)
 Metaspace       used 83816K, capacity 87603K, committed 87680K, reserved 1126400K
  class space    used 10683K, capacity 11365K, committed 11392K, reserved 1048576K
Event: 2385.541 GC heap after
Heap after GC invocations=27 (full 4):
 PSYoungGen      total 471040K, used 10448K [0x00000000e0000000, 0x00000000fff80000, 0x0000000100000000)
  eden space 424960K, 0% used [0x00000000e0000000,0x00000000e0000000,0x00000000f9f00000)
  from space 46080K, 22% used [0x00000000f9f00000,0x00000000fa934020,0x00000000fcc00000)
  to   space 45568K, 0% used [0x00000000fd300000,0x00000000fd300000,0x00000000fff80000)
 ParOldGen       total 174592K, used 98606K [0x00000000a0000000, 0x00000000aaa80000, 0x00000000e0000000)
  object space 174592K, 56% used [0x00000000a0000000,0x00000000a604b928,0x00000000aaa80000)
 Metaspace       used 83816K, capacity 87603K, committed 87680K, reserved 1126400K
  class space    used 10683K, capacity 11365K, committed 11392K, reserved 1048576K
}
Event: 2553.535 GC heap before
{Heap before GC invocations=28 (full 4):
 PSYoungGen      total 471040K, used 435408K [0x00000000e0000000, 0x00000000fff80000, 0x0000000100000000)
  eden space 424960K, 100% used [0x00000000e0000000,0x00000000f9f00000,0x00000000f9f00000)
  from space 46080K, 22% used [0x00000000f9f00000,0x00000000fa934020,0x00000000fcc00000)
  to   space 45568K, 0% used [0x00000000fd300000,0x00000000fd300000,0x00000000fff80000)
 ParOldGen       total 174592K, used 98606K [0x00000000a0000000, 0x00000000aaa80000, 0x00000000e0000000)
  object space 174592K, 56% used [0x00000000a0000000,0x00000000a604b928,0x00000000aaa80000)
 Metaspace       used 83986K, capacity 87863K, committed 87936K, reserved 1126400K
  class space    used 10683K, capacity 11365K, committed 11392K, reserved 1048576K
Event: 2553.555 GC heap after
Heap after GC invocations=28 (full 4):
 PSYoungGen      total 475136K, used 12055K [0x00000000e0000000, 0x00000000ffc80000, 0x0000000100000000)
  eden space 432640K, 0% used [0x00000000e0000000,0x00000000e0000000,0x00000000fa680000)
  from space 42496K, 28% used [0x00000000fd300000,0x00000000fdec5c78,0x00000000ffc80000)
  to   space 44032K, 0% used [0x00000000fa680000,0x00000000fa680000,0x00000000fd180000)
 ParOldGen       total 174592K, used 98614K [0x00000000a0000000, 0x00000000aaa80000, 0x00000000e0000000)
  object space 174592K, 56% used [0x00000000a0000000,0x00000000a604d928,0x00000000aaa80000)
 Metaspace       used 83986K, capacity 87863K, committed 87936K, reserved 1126400K
  class space    used 10683K, capacity 11365K, committed 11392K, reserved 1048576K
}
Event: 2625.353 GC heap before
{Heap before GC invocations=29 (full 4):
 PSYoungGen      total 475136K, used 441131K [0x00000000e0000000, 0x00000000ffc80000, 0x0000000100000000)
  eden space 432640K, 99% used [0x00000000e0000000,0x00000000fa3051d0,0x00000000fa680000)
  from space 42496K, 28% used [0x00000000fd300000,0x00000000fdec5c78,0x00000000ffc80000)
  to   space 44032K, 0% used [0x00000000fa680000,0x00000000fa680000,0x00000000fd180000)
 ParOldGen       total 174592K, used 98614K [0x00000000a0000000, 0x00000000aaa80000, 0x00000000e0000000)
  object space 174592K, 56% used [0x00000000a0000000,0x00000000a604d928,0x00000000aaa80000)
 Metaspace       used 84284K, capacity 88123K, committed 88192K, reserved 1126400K
  class space    used 10710K, capacity 11387K, committed 11392K, reserved 1048576K
Event: 2625.401 GC heap after
Heap after GC invocations=29 (full 4):
 PSYoungGen      total 476672K, used 14143K [0x00000000e0000000, 0x00000000ffe80000, 0x0000000100000000)
  eden space 432640K, 0% used [0x00000000e0000000,0x00000000e0000000,0x00000000fa680000)
  from space 44032K, 32% used [0x00000000fa680000,0x00000000fb44fcc8,0x00000000fd180000)
  to   space 42496K, 0% used [0x00000000fd500000,0x00000000fd500000,0x00000000ffe80000)
 ParOldGen       total 174592K, used 98614K [0x00000000a0000000, 0x00000000aaa80000, 0x00000000e0000000)
  object space 174592K, 56% used [0x00000000a0000000,0x00000000a604d928,0x00000000aaa80000)
 Metaspace       used 84284K, capacity 88123K, committed 88192K, reserved 1126400K
  class space    used 10710K, capacity 11387K, committed 11392K, reserved 1048576K
}
Event: 2716.552 GC heap before
{Heap before GC invocations=30 (full 4):
 PSYoungGen      total 476672K, used 446783K [0x00000000e0000000, 0x00000000ffe80000, 0x0000000100000000)
  eden space 432640K, 100% used [0x00000000e0000000,0x00000000fa680000,0x00000000fa680000)
  from space 44032K, 32% used [0x00000000fa680000,0x00000000fb44fcc8,0x00000000fd180000)
  to   space 42496K, 0% used [0x00000000fd500000,0x00000000fd500000,0x00000000ffe80000)
 ParOldGen       total 174592K, used 98614K [0x00000000a0000000, 0x00000000aaa80000, 0x00000000e0000000)
  object space 174592K, 56% used [0x00000000a0000000,0x00000000a604d928,0x00000000aaa80000)
 Metaspace       used 84491K, capacity 88321K, committed 88448K, reserved 1126400K
  class space    used 10711K, capacity 11388K, committed 11392K, reserved 1048576K
Event: 2716.570 GC heap after
Heap after GC invocations=30 (full 4):
 PSYoungGen      total 477184K, used 13127K [0x00000000e0000000, 0x00000000ffb80000, 0x0000000100000000)
  eden space 437760K, 0% used [0x00000000e0000000,0x00000000e0000000,0x00000000fab80000)
  from space 39424K, 33% used [0x00000000fd500000,0x00000000fe1d1cf8,0x00000000ffb80000)
  to   space 40960K, 0% used [0x00000000fab80000,0x00000000fab80000,0x00000000fd380000)
 ParOldGen       total 174592K, used 98622K [0x00000000a0000000, 0x00000000aaa80000, 0x00000000e0000000)
  object space 174592K, 56% used [0x00000000a0000000,0x00000000a604f928,0x00000000aaa80000)
 Metaspace       used 84491K, capacity 88321K, committed 88448K, reserved 1126400K
  class space    used 10711K, capacity 11388K, committed 11392K, reserved 1048576K
}
Event: 3751.263 GC heap before
{Heap before GC invocations=31 (full 4):
 PSYoungGen      total 477184K, used 450299K [0x00000000e0000000, 0x00000000ffb80000, 0x0000000100000000)
  eden space 437760K, 99% used [0x00000000e0000000,0x00000000faaecf30,0x00000000fab80000)
  from space 39424K, 33% used [0x00000000fd500000,0x00000000fe1d1cf8,0x00000000ffb80000)
  to   space 40960K, 0% used [0x00000000fab80000,0x00000000fab80000,0x00000000fd380000)
 ParOldGen       total 174592K, used 98622K [0x00000000a0000000, 0x00000000aaa80000, 0x00000000e0000000)
  object space 174592K, 56% used [0x00000000a0000000,0x00000000a604f928,0x00000000aaa80000)
 Metaspace       used 84632K, capacity 88461K, committed 88704K, reserved 1126400K
  class space    used 10713K, capacity 11390K, committed 11392K, reserved 1048576K
Event: 3751.279 GC heap after
Heap after GC invocations=31 (full 4):
 PSYoungGen      total 478720K, used 15911K [0x00000000e0000000, 0x00000000ffe80000, 0x0000000100000000)
  eden space 437760K, 0% used [0x00000000e0000000,0x00000000e0000000,0x00000000fab80000)
  from space 40960K, 38% used [0x00000000fab80000,0x00000000fbb09e10,0x00000000fd380000)
  to   space 39424K, 0% used [0x00000000fd800000,0x00000000fd800000,0x00000000ffe80000)
 ParOldGen       total 174592K, used 98630K [0x00000000a0000000, 0x00000000aaa80000, 0x00000000e0000000)
  object space 174592K, 56% used [0x00000000a0000000,0x00000000a6051928,0x00000000aaa80000)
 Metaspace       used 84632K, capacity 88461K, committed 88704K, reserved 1126400K
  class space    used 10713K, capacity 11390K, committed 11392K, reserved 1048576K
}

Deoptimization events (10 events):
Event: 4092.227 Thread 0x000000001f2ca000 Uncommon trap: reason=class_check action=maybe_recompile pc=0x00000000063dbcfc method=com.sun.org.apache.xerces.internal.dom.NamedNodeMapImpl.getNamedItem(Ljava/lang/String;)Lorg/w3c/dom/Node; @ 28
Event: 4092.227 Thread 0x000000001f2ca000 Uncommon trap: reason=class_check action=maybe_recompile pc=0x00000000063dbcfc method=com.sun.org.apache.xerces.internal.dom.NamedNodeMapImpl.getNamedItem(Ljava/lang/String;)Lorg/w3c/dom/Node; @ 28
Event: 4092.567 Thread 0x000000001f2ca000 Uncommon trap: reason=bimorphic action=maybe_recompile pc=0x000000000580aed4 method=com.sun.org.apache.xerces.internal.dom.NodeImpl.appendChild(Lorg/w3c/dom/Node;)Lorg/w3c/dom/Node; @ 3
Event: 4092.661 Thread 0x000000001f2ca000 Uncommon trap: reason=class_check action=maybe_recompile pc=0x000000000308a9ac method=java.util.concurrent.ForkJoinTask.get()Ljava/lang/Object; @ 3
Event: 4092.661 Thread 0x000000001f2ca000 Uncommon trap: reason=bimorphic action=maybe_recompile pc=0x00000000064d57cc method=java.util.concurrent.ForkJoinTask$AdaptedRunnableAction.exec()Z @ 4
Event: 4096.067 Thread 0x000000001b008800 Uncommon trap: reason=unstable_if action=reinterpret pc=0x000000000622c0c4 method=java.util.concurrent.locks.AbstractQueuedSynchronizer$ConditionObject.awaitNanos(J)J @ 115
Event: 5031.131 Thread 0x000000001f2cc000 Uncommon trap: reason=class_check action=maybe_recompile pc=0x0000000007167060 method=org.gradle.tooling.internal.provider.runner.ClientForwardingTaskOperationListener.finished(Lorg/gradle/internal/progress/BuildOperationDescriptor;Lorg/gradle/internal/pr
Event: 5031.136 Thread 0x000000001f2cc000 Uncommon trap: reason=class_check action=maybe_recompile pc=0x0000000007167060 method=org.gradle.tooling.internal.provider.runner.ClientForwardingTaskOperationListener.finished(Lorg/gradle/internal/progress/BuildOperationDescriptor;Lorg/gradle/internal/pr
Event: 5031.167 Thread 0x000000001f2cc000 Uncommon trap: reason=class_check action=maybe_recompile pc=0x0000000007167060 method=org.gradle.tooling.internal.provider.runner.ClientForwardingTaskOperationListener.finished(Lorg/gradle/internal/progress/BuildOperationDescriptor;Lorg/gradle/internal/pr
Event: 5031.173 Thread 0x000000001f2cc000 Uncommon trap: reason=class_check action=maybe_recompile pc=0x0000000007167060 method=org.gradle.tooling.internal.provider.runner.ClientForwardingTaskOperationListener.finished(Lorg/gradle/internal/progress/BuildOperationDescriptor;Lorg/gradle/internal/pr

Internal exceptions (10 events):
Event: 5029.798 Thread 0x000000001b008800 Exception <a 'sun/nio/fs/WindowsException'> (0x00000000f361e400) thrown at [C:\re\workspace\8-2-build-windows-amd64-cygwin\jdk8u121\8372\hotspot\src\share\vm\prims\jni.cpp, line 709]
Event: 5029.798 Thread 0x000000001b008800 Exception <a 'sun/nio/fs/WindowsException'> (0x00000000f361edd0) thrown at [C:\re\workspace\8-2-build-windows-amd64-cygwin\jdk8u121\8372\hotspot\src\share\vm\prims\jni.cpp, line 709]
Event: 5029.799 Thread 0x000000001b008800 Exception <a 'sun/nio/fs/WindowsException'> (0x00000000f3621980) thrown at [C:\re\workspace\8-2-build-windows-amd64-cygwin\jdk8u121\8372\hotspot\src\share\vm\prims\jni.cpp, line 709]
Event: 5029.799 Thread 0x000000001b008800 Exception <a 'sun/nio/fs/WindowsException'> (0x00000000f3622350) thrown at [C:\re\workspace\8-2-build-windows-amd64-cygwin\jdk8u121\8372\hotspot\src\share\vm\prims\jni.cpp, line 709]
Event: 5029.799 Thread 0x000000001b008800 Exception <a 'sun/nio/fs/WindowsException'> (0x00000000f3623fe0) thrown at [C:\re\workspace\8-2-build-windows-amd64-cygwin\jdk8u121\8372\hotspot\src\share\vm\prims\jni.cpp, line 709]
Event: 5029.800 Thread 0x000000001b008800 Exception <a 'sun/nio/fs/WindowsException'> (0x00000000f36249c0) thrown at [C:\re\workspace\8-2-build-windows-amd64-cygwin\jdk8u121\8372\hotspot\src\share\vm\prims\jni.cpp, line 709]
Event: 5029.800 Thread 0x000000001b008800 Exception <a 'sun/nio/fs/WindowsException'> (0x00000000f3627208) thrown at [C:\re\workspace\8-2-build-windows-amd64-cygwin\jdk8u121\8372\hotspot\src\share\vm\prims\jni.cpp, line 709]
Event: 5029.800 Thread 0x000000001b008800 Exception <a 'sun/nio/fs/WindowsException'> (0x00000000f3627be8) thrown at [C:\re\workspace\8-2-build-windows-amd64-cygwin\jdk8u121\8372\hotspot\src\share\vm\prims\jni.cpp, line 709]
Event: 5029.800 Thread 0x000000001b008800 Exception <a 'sun/nio/fs/WindowsException'> (0x00000000f36298a0) thrown at [C:\re\workspace\8-2-build-windows-amd64-cygwin\jdk8u121\8372\hotspot\src\share\vm\prims\jni.cpp, line 709]
Event: 5029.800 Thread 0x000000001b008800 Exception <a 'sun/nio/fs/WindowsException'> (0x00000000f362a290) thrown at [C:\re\workspace\8-2-build-windows-amd64-cygwin\jdk8u121\8372\hotspot\src\share\vm\prims\jni.cpp, line 709]

Events (10 events):
Event: 5031.173 Thread 0x000000001f2cc000 DEOPT PACKING pc=0x0000000007167060 sp=0x000000003f39e920
Event: 5031.173 Thread 0x000000001f2cc000 DEOPT UNPACKING pc=0x0000000002e3582a sp=0x000000003f39e8e0 mode 2
Event: 5031.204 Executing VM operation: RevokeBias
Event: 5031.204 Executing VM operation: RevokeBias done
Event: 5031.204 Executing VM operation: RevokeBias
Event: 5031.204 Executing VM operation: RevokeBias done
Event: 5031.204 Executing VM operation: RevokeBias
Event: 5031.204 Executing VM operation: RevokeBias done
Event: 5031.248 Thread 0x00000000167bd800 flushing nmethod 0x00000000052f09d0
Event: 5031.249 Thread 0x00000000167bd800 flushing nmethod 0x000000000542d790


Dynamic libraries:
0x00007ff72ffb0000 - 0x00007ff72ffe7000 	C:\Program Files\Java\jdk1.8.0_121\bin\java.exe
0x00007ff892e00000 - 0x00007ff892fe1000 	C:\WINDOWS\SYSTEM32\ntdll.dll
0x00007ff8907f0000 - 0x00007ff8908a1000 	C:\WINDOWS\System32\KERNEL32.DLL
0x00007ff88fd70000 - 0x00007ff88ffe3000 	C:\WINDOWS\System32\KERNELBASE.dll
0x00007ff890b80000 - 0x00007ff890c21000 	C:\WINDOWS\System32\ADVAPI32.dll
0x00007ff891200000 - 0x00007ff89129e000 	C:\WINDOWS\System32\msvcrt.dll
0x00007ff890a90000 - 0x00007ff890aeb000 	C:\WINDOWS\System32\sechost.dll
0x00007ff8910b0000 - 0x00007ff8911d4000 	C:\WINDOWS\System32\RPCRT4.dll
0x00007ff8905c0000 - 0x00007ff890750000 	C:\WINDOWS\System32\USER32.dll
0x00007ff88f3f0000 - 0x00007ff88f410000 	C:\WINDOWS\System32\win32u.dll
0x00007ff890af0000 - 0x00007ff890b18000 	C:\WINDOWS\System32\GDI32.dll
0x00007ff88f410000 - 0x00007ff88f5a2000 	C:\WINDOWS\System32\gdi32full.dll
0x00007ff88f350000 - 0x00007ff88f3ef000 	C:\WINDOWS\System32\msvcp_win.dll
0x00007ff88f1d0000 - 0x00007ff88f2c8000 	C:\WINDOWS\System32\ucrtbase.dll
0x00007ff8842c0000 - 0x00007ff884529000 	C:\WINDOWS\WinSxS\amd64_microsoft.windows.common-controls_6595b64144ccf1df_6.0.17134.706_none_fb43a2cb30647007\COMCTL32.dll
0x00007ff890290000 - 0x00007ff8905b2000 	C:\WINDOWS\System32\combase.dll
0x00007ff88f2d0000 - 0x00007ff88f34a000 	C:\WINDOWS\System32\bcryptPrimitives.dll
0x00007ff890d90000 - 0x00007ff890dbd000 	C:\WINDOWS\System32\IMM32.DLL
0x00000000562b0000 - 0x0000000056382000 	C:\Program Files\Java\jdk1.8.0_121\jre\bin\msvcr100.dll
0x0000000055a10000 - 0x00000000562ab000 	C:\Program Files\Java\jdk1.8.0_121\jre\bin\server\jvm.dll
0x00007ff8911e0000 - 0x00007ff8911e8000 	C:\WINDOWS\System32\PSAPI.DLL
0x00007ff885210000 - 0x00007ff885233000 	C:\WINDOWS\SYSTEM32\WINMM.dll
0x00007ff883a70000 - 0x00007ff883a7a000 	C:\WINDOWS\SYSTEM32\VERSION.dll
0x00007ff885170000 - 0x00007ff88519a000 	C:\WINDOWS\SYSTEM32\winmmbase.dll
0x00007ff890240000 - 0x00007ff890289000 	C:\WINDOWS\System32\cfgmgr32.dll
0x00007ff884a70000 - 0x00007ff884a79000 	C:\WINDOWS\SYSTEM32\WSOCK32.dll
0x00007ff8912b0000 - 0x00007ff89131c000 	C:\WINDOWS\System32\WS2_32.dll
0x0000000057410000 - 0x000000005741f000 	C:\Program Files\Java\jdk1.8.0_121\jre\bin\verify.dll
0x00000000573e0000 - 0x0000000057409000 	C:\Program Files\Java\jdk1.8.0_121\jre\bin\java.dll
0x00000000559f0000 - 0x0000000055a06000 	C:\Program Files\Java\jdk1.8.0_121\jre\bin\zip.dll
0x00007ff8918f0000 - 0x00007ff892d30000 	C:\WINDOWS\System32\SHELL32.dll
0x00007ff891320000 - 0x00007ff8913c9000 	C:\WINDOWS\System32\shcore.dll
0x00007ff88f5b0000 - 0x00007ff88fcbd000 	C:\WINDOWS\System32\windows.storage.dll
0x00007ff890f60000 - 0x00007ff890fb1000 	C:\WINDOWS\System32\shlwapi.dll
0x00007ff88f190000 - 0x00007ff88f1a1000 	C:\WINDOWS\System32\kernel.appcore.dll
0x00007ff88f160000 - 0x00007ff88f17f000 	C:\WINDOWS\System32\profapi.dll
0x00007ff88f110000 - 0x00007ff88f15c000 	C:\WINDOWS\System32\powrprof.dll
0x00007ff88f180000 - 0x00007ff88f18a000 	C:\WINDOWS\System32\FLTLIB.DLL
0x00000000559d0000 - 0x00000000559ea000 	C:\Program Files\Java\jdk1.8.0_121\jre\bin\net.dll
0x00007ff88e930000 - 0x00007ff88e996000 	C:\WINDOWS\system32\mswsock.dll
0x00000000559b0000 - 0x00000000559c1000 	C:\Program Files\Java\jdk1.8.0_121\jre\bin\nio.dll
0x00007ff8891b0000 - 0x00007ff8891ce000 	C:\Users\user\.gradle\native\25\windows-amd64\native-platform.dll
0x00000000559a0000 - 0x00000000559ad000 	C:\Program Files\Java\jdk1.8.0_121\jre\bin\management.dll
0x00007ff88eae0000 - 0x00007ff88eaf7000 	C:\WINDOWS\SYSTEM32\CRYPTSP.dll
0x00007ff88e510000 - 0x00007ff88e543000 	C:\WINDOWS\system32\rsaenh.dll
0x00007ff88ec70000 - 0x00007ff88ec95000 	C:\WINDOWS\SYSTEM32\bcrypt.dll
0x00007ff88f040000 - 0x00007ff88f068000 	C:\WINDOWS\SYSTEM32\USERENV.dll
0x00007ff88eb00000 - 0x00007ff88eb0b000 	C:\WINDOWS\SYSTEM32\CRYPTBASE.dll
0x00007ff88e6b0000 - 0x00007ff88e6e8000 	C:\WINDOWS\SYSTEM32\IPHLPAPI.DLL
0x00007ff8911f0000 - 0x00007ff8911f8000 	C:\WINDOWS\System32\NSI.dll
0x00007ff888330000 - 0x00007ff888346000 	C:\WINDOWS\SYSTEM32\dhcpcsvc6.DLL
0x00007ff8887b0000 - 0x00007ff8887ca000 	C:\WINDOWS\SYSTEM32\dhcpcsvc.DLL

VM Arguments:
jvm_args: -Xmx1536m -Dfile.encoding=x-windows-949 -Duser.country=KR -Duser.language=ko -Duser.variant 
java_command: org.gradle.launcher.daemon.bootstrap.GradleDaemon 4.6
java_class_path (initial): C:\Users\user\.gradle\wrapper\dists\gradle-4.6-all\bcst21l2brirad8k2ben1letg\gradle-4.6\lib\gradle-launcher-4.6.jar
Launcher Type: SUN_STANDARD

Environment Variables:
JAVA_HOME=C:\Program Files\Java\jdk1.8.0_121
CLASSPATH=C:\Program Files\Java\jdk1.8.0_121\lib
PATH=C:\Program Files (x86)\Common Files\Oracle\Java\javapath;C:\Program Files\Java\jdk1.8.0_121\bin;C:\Program Files\MATLAB\R2019a\bin;c:\windows\system32
USERNAME=user
OS=Windows_NT
PROCESSOR_IDENTIFIER=Intel64 Family 6 Model 142 Stepping 9, GenuineIntel



---------------  S Y S T E M  ---------------

OS: Windows 10.0 , 64 bit Build 17134 (10.0.17134.706)

CPU:total 4 (2 cores per cpu, 2 threads per core) family 6 model 142 stepping 9, cmov, cx8, fxsr, mmx, sse, sse2, sse3, ssse3, sse4.1, sse4.2, popcnt, avx, avx2, aes, clmul, erms, 3dnowpref, lzcnt, ht, tsc, tscinvbit, bmi1, bmi2, adx

Memory: 4k page, physical 8244428k(459228k free), swap 33410252k(3512k free)

vm_info: Java HotSpot(TM) 64-Bit Server VM (25.121-b13) for windows-amd64 JRE (1.8.0_121-b13), built on Dec 12 2016 18:21:36 by "java_re" with MS VC++ 10.0 (VS2010)

time: Tue May 14 21:19:40 2019
elapsed time: 5031 seconds (0d 1h 23m 51s)

