#
# There is insufficient memory for the Java Runtime Environment to continue.
# Native memory allocation (malloc) failed to allocate 1073776 bytes for Chunk::new
# Possible reasons:
#   The system is out of physical RAM or swap space
#   In 32 bit mode, the process size limit was hit
# Possible solutions:
#   Reduce memory load on the system
#   Increase physical memory or swap space
#   Check if swap backing store is full
#   Use 64 bit Java on a 64 bit OS
#   Decrease Java heap size (-Xmx/-Xms)
#   Decrease number of Java threads
#   Decrease Java thread stack sizes (-Xss)
#   Set larger code cache with -XX:ReservedCodeCacheSize=
# This output file may be truncated or incomplete.
#
#  Out of Memory Error (allocation.cpp:390), pid=6132, tid=0x00000000000016b0
#
# JRE version: Java(TM) SE Runtime Environment (8.0_121-b13) (build 1.8.0_121-b13)
# Java VM: Java HotSpot(TM) 64-Bit Server VM (25.121-b13 mixed mode windows-amd64 compressed oops)
# Failed to write core dump. Minidumps are not enabled by default on client versions of Windows
#

---------------  T H R E A D  ---------------

Current thread (0x000000001775a000):  JavaThread "C2 CompilerThread1" daemon [_thread_in_native, id=5808, stack(0x0000000017e50000,0x0000000017f50000)]

Stack: [0x0000000017e50000,0x0000000017f50000]
[error occurred during error reporting (printing stack bounds), id 0xc0000005]

Native frames: (J=compiled Java code, j=interpreted, Vv=VM code, C=native code)


Current CompileTask:
C2:   9714 3683   !   4       java.util.jar.Attributes::read (380 bytes)


---------------  P R O C E S S  ---------------

Java Threads: ( => current thread )
  0x000000001b4f5800 JavaThread "Memory manager" [_thread_blocked, id=2404, stack(0x0000000021620000,0x0000000021720000)]
  0x00000000193d3800 JavaThread "Build operations Thread 4" [_thread_blocked, id=25596, stack(0x000000001fc80000,0x000000001fd80000)]
  0x00000000193d3000 JavaThread "Build operations Thread 3" [_thread_blocked, id=23936, stack(0x000000001fb80000,0x000000001fc80000)]
  0x00000000193d9800 JavaThread "Build operations Thread 2" [_thread_blocked, id=22396, stack(0x000000001fa80000,0x000000001fb80000)]
  0x00000000193d5000 JavaThread "Build operations" [_thread_blocked, id=25024, stack(0x000000001f6e0000,0x000000001f7e0000)]
  0x00000000193d4800 JavaThread "Cache worker for Artifact transforms cache (C:\Users\user\.gradle\caches\transforms-1)" [_thread_blocked, id=25208, stack(0x000000001f3e0000,0x000000001f4e0000)]
  0x00000000193d9000 JavaThread "Cache worker for file hash cache (C:\Users\user\Desktop\111 (2)\.gradle\4.6\fileHashes)" [_thread_blocked, id=9792, stack(0x000000001bbd0000,0x000000001bcd0000)]
  0x00000000193d7800 JavaThread "File lock request listener" [_thread_in_native, id=7588, stack(0x000000001ab00000,0x000000001ac00000)]
  0x00000000193d6800 JavaThread "Cache worker for file hash cache (C:\Users\user\.gradle\caches\4.6\fileHashes)" [_thread_blocked, id=22936, stack(0x000000001aa00000,0x000000001ab00000)]
  0x000000001929b800 JavaThread "Stdin handler" [_thread_blocked, id=22764, stack(0x000000001a700000,0x000000001a800000)]
  0x000000001929a800 JavaThread "Asynchronous log dispatcher for DefaultDaemonConnection: socket connection from /127.0.0.1:60287 to /127.0.0.1:60288" [_thread_blocked, id=12984, stack(0x000000001a600000,0x000000001a700000)]
  0x00000000192fb000 JavaThread "Daemon worker" [_thread_in_vm, id=19932, stack(0x000000001a500000,0x000000001a600000)]
  0x00000000192f6000 JavaThread "Cancel handler" [_thread_blocked, id=20792, stack(0x000000001a400000,0x000000001a500000)]
  0x00000000192dc000 JavaThread "Handler for socket connection from /127.0.0.1:60287 to /127.0.0.1:60288" [_thread_in_native, id=3068, stack(0x000000001a100000,0x000000001a200000)]
  0x00000000192d7000 JavaThread "Daemon" [_thread_blocked, id=6808, stack(0x000000001a000000,0x000000001a100000)]
  0x000000001934c000 JavaThread "Daemon periodic checks" [_thread_blocked, id=23832, stack(0x0000000019f00000,0x000000001a000000)]
  0x0000000019284000 JavaThread "Incoming local TCP Connector on port 60287" [_thread_in_native, id=15772, stack(0x0000000019d20000,0x0000000019e20000)]
  0x000000001931a000 JavaThread "Daemon health stats" [_thread_blocked, id=14156, stack(0x0000000019a20000,0x0000000019b20000)]
  0x00000000177da000 JavaThread "Service Thread" daemon [_thread_blocked, id=14348, stack(0x0000000018050000,0x0000000018150000)]
  0x000000001775f800 JavaThread "C1 CompilerThread2" daemon [_thread_blocked, id=22232, stack(0x0000000017f50000,0x0000000018050000)]
=>0x000000001775a000 JavaThread "C2 CompilerThread1" daemon [_thread_in_native, id=5808, stack(0x0000000017e50000,0x0000000017f50000)]
  0x000000001644a800 JavaThread "C2 CompilerThread0" daemon [_thread_in_native, id=17268, stack(0x0000000017d50000,0x0000000017e50000)]
  0x00000000163fc000 JavaThread "Attach Listener" daemon [_thread_blocked, id=25104, stack(0x0000000017c50000,0x0000000017d50000)]
  0x0000000016449800 JavaThread "Signal Dispatcher" daemon [_thread_blocked, id=15720, stack(0x0000000017b50000,0x0000000017c50000)]
  0x00000000163da800 JavaThread "Finalizer" daemon [_thread_blocked, id=18440, stack(0x0000000017650000,0x0000000017750000)]
  0x00000000163b9000 JavaThread "Reference Handler" daemon [_thread_blocked, id=7256, stack(0x0000000017550000,0x0000000017650000)]
  0x0000000002980800 JavaThread "main" [_thread_blocked, id=25340, stack(0x0000000002880000,0x0000000002980000)]

Other Threads:
  0x00000000163b8000 VMThread [stack: 0x0000000017450000,0x0000000017550000] [id=25420]
  0x0000000017823800 WatcherThread [stack: 0x0000000018150000,0x0000000018250000] [id=12960]

VM state:not at safepoint (normal execution)

VM Mutex/Monitor currently owned by a thread: None

Heap:
 PSYoungGen      total 97792K, used 18910K [0x00000000e0000000, 0x00000000e7000000, 0x0000000100000000)
  eden space 90112K, 13% used [0x00000000e0000000,0x00000000e0b76ff8,0x00000000e5800000)
  from space 7680K, 93% used [0x00000000e6880000,0x00000000e6f80b58,0x00000000e7000000)
  to   space 10752K, 0% used [0x00000000e5b00000,0x00000000e5b00000,0x00000000e6580000)
 ParOldGen       total 97792K, used 15600K [0x00000000a0000000, 0x00000000a5f80000, 0x00000000e0000000)
  object space 97792K, 15% used [0x00000000a0000000,0x00000000a0f3c368,0x00000000a5f80000)
 Metaspace       used 39863K, capacity 40554K, committed 40832K, reserved 1085440K
  class space    used 5528K, capacity 5735K, committed 5760K, reserved 1048576K

Card table byte_map: [0x0000000011e40000,0x0000000012150000] byte_map_base: 0x0000000011940000

Marking Bits: (ParMarkBitMap*) 0x0000000064b3b6d0
 Begin Bits: [0x0000000012750000, 0x0000000013f50000)
 End Bits:   [0x0000000013f50000, 0x0000000015750000)

Polling page: 0x00000000003f0000

CodeCache: size=245760Kb used=12047Kb max_used=12047Kb free=233712Kb
 bounds [0x0000000002a80000, 0x0000000003650000, 0x0000000011a80000]
 total_blobs=4228 nmethods=3506 adapters=633
 compilation: enabled

Compilation events (10 events):
Event: 9.617 Thread 0x000000001775f800 3754       2       org.apache.commons.collections.map.AbstractReferenceMap$ReferenceEntry::toReference (72 bytes)
Event: 9.617 Thread 0x000000001775f800 nmethod 3754 0x0000000003648ed0 code [0x0000000003649060, 0x00000000036493d8]
Event: 9.617 Thread 0x000000001775f800 3755       2       org.apache.commons.collections.map.AbstractReferenceMap$WeakRef::<init> (12 bytes)
Event: 9.617 Thread 0x000000001775f800 nmethod 3755 0x00000000036495d0 code [0x0000000003649720, 0x00000000036498d0]
Event: 9.617 Thread 0x000000001775f800 3756       2       java.util.regex.Pattern::<init> (90 bytes)
Event: 9.618 Thread 0x000000001775f800 nmethod 3756 0x0000000003649950 code [0x0000000003649ac0, 0x0000000003649e38]
Event: 9.620 Thread 0x000000001775f800 3757       2       org.gradle.api.internal.AsmBackedClassGenerator$ClassBuilderImpl::addGetter (20 bytes)
Event: 9.621 Thread 0x000000001775f800 nmethod 3757 0x0000000003649fd0 code [0x000000000364a140, 0x000000000364a2f8]
Event: 9.641 Thread 0x000000001775f800 3758       1       com.google.gson.reflect.TypeToken::getRawType (5 bytes)
Event: 9.641 Thread 0x000000001775f800 nmethod 3758 0x000000000364a650 code [0x000000000364a7a0, 0x000000000364a8b0]

GC Heap History (10 events):
Event: 6.397 GC heap before
{Heap before GC invocations=8 (full 1):
 PSYoungGen      total 53760K, used 53346K [0x00000000e0000000, 0x00000000e4e00000, 0x0000000100000000)
  eden space 49664K, 100% used [0x00000000e0000000,0x00000000e3080000,0x00000000e3080000)
  from space 4096K, 89% used [0x00000000e4a00000,0x00000000e4d988e0,0x00000000e4e00000)
  to   space 10240K, 0% used [0x00000000e3a00000,0x00000000e3a00000,0x00000000e4400000)
 ParOldGen       total 61440K, used 8372K [0x00000000a0000000, 0x00000000a3c00000, 0x00000000e0000000)
  object space 61440K, 13% used [0x00000000a0000000,0x00000000a082d0c0,0x00000000a3c00000)
 Metaspace       used 27462K, capacity 27928K, committed 28160K, reserved 1073152K
  class space    used 3895K, capacity 4069K, committed 4096K, reserved 1048576K
Event: 6.408 GC heap after
Heap after GC invocations=8 (full 1):
 PSYoungGen      total 69632K, used 6111K [0x00000000e0000000, 0x00000000e5b00000, 0x0000000100000000)
  eden space 59392K, 0% used [0x00000000e0000000,0x00000000e0000000,0x00000000e3a00000)
  from space 10240K, 59% used [0x00000000e3a00000,0x00000000e3ff7f20,0x00000000e4400000)
  to   space 9728K, 0% used [0x00000000e5180000,0x00000000e5180000,0x00000000e5b00000)
 ParOldGen       total 61440K, used 8380K [0x00000000a0000000, 0x00000000a3c00000, 0x00000000e0000000)
  object space 61440K, 13% used [0x00000000a0000000,0x00000000a082f0c0,0x00000000a3c00000)
 Metaspace       used 27462K, capacity 27928K, committed 28160K, reserved 1073152K
  class space    used 3895K, capacity 4069K, committed 4096K, reserved 1048576K
}
Event: 7.647 GC heap before
{Heap before GC invocations=9 (full 1):
 PSYoungGen      total 69632K, used 65503K [0x00000000e0000000, 0x00000000e5b00000, 0x0000000100000000)
  eden space 59392K, 100% used [0x00000000e0000000,0x00000000e3a00000,0x00000000e3a00000)
  from space 10240K, 59% used [0x00000000e3a00000,0x00000000e3ff7f20,0x00000000e4400000)
  to   space 9728K, 0% used [0x00000000e5180000,0x00000000e5180000,0x00000000e5b00000)
 ParOldGen       total 61440K, used 8380K [0x00000000a0000000, 0x00000000a3c00000, 0x00000000e0000000)
  object space 61440K, 13% used [0x00000000a0000000,0x00000000a082f0c0,0x00000000a3c00000)
 Metaspace       used 30718K, capacity 31230K, committed 31488K, reserved 1077248K
  class space    used 4394K, capacity 4574K, committed 4608K, reserved 1048576K
Event: 7.666 GC heap after
Heap after GC invocations=9 (full 1):
 PSYoungGen      total 82432K, used 8922K [0x00000000e0000000, 0x00000000e6b00000, 0x0000000100000000)
  eden space 72704K, 0% used [0x00000000e0000000,0x00000000e0000000,0x00000000e4700000)
  from space 9728K, 91% used [0x00000000e5180000,0x00000000e5a36830,0x00000000e5b00000)
  to   space 10752K, 0% used [0x00000000e4700000,0x00000000e4700000,0x00000000e5180000)
 ParOldGen       total 61440K, used 8388K [0x00000000a0000000, 0x00000000a3c00000, 0x00000000e0000000)
  object space 61440K, 13% used [0x00000000a0000000,0x00000000a08310c0,0x00000000a3c00000)
 Metaspace       used 30718K, capacity 31230K, committed 31488K, reserved 1077248K
  class space    used 4394K, capacity 4574K, committed 4608K, reserved 1048576K
}
Event: 8.190 GC heap before
{Heap before GC invocations=10 (full 1):
 PSYoungGen      total 82432K, used 28276K [0x00000000e0000000, 0x00000000e6b00000, 0x0000000100000000)
  eden space 72704K, 26% used [0x00000000e0000000,0x00000000e12e67e0,0x00000000e4700000)
  from space 9728K, 91% used [0x00000000e5180000,0x00000000e5a36830,0x00000000e5b00000)
  to   space 10752K, 0% used [0x00000000e4700000,0x00000000e4700000,0x00000000e5180000)
 ParOldGen       total 61440K, used 8388K [0x00000000a0000000, 0x00000000a3c00000, 0x00000000e0000000)
  object space 61440K, 13% used [0x00000000a0000000,0x00000000a08310c0,0x00000000a3c00000)
 Metaspace       used 34833K, capacity 35368K, committed 35496K, reserved 1079296K
  class space    used 4919K, capacity 5104K, committed 5120K, reserved 1048576K
Event: 8.204 GC heap after
Heap after GC invocations=10 (full 1):
 PSYoungGen      total 83456K, used 8743K [0x00000000e0000000, 0x00000000e7380000, 0x0000000100000000)
  eden space 72704K, 0% used [0x00000000e0000000,0x00000000e0000000,0x00000000e4700000)
  from space 10752K, 81% used [0x00000000e4700000,0x00000000e4f89d28,0x00000000e5180000)
  to   space 11264K, 0% used [0x00000000e6880000,0x00000000e6880000,0x00000000e7380000)
 ParOldGen       total 61440K, used 8396K [0x00000000a0000000, 0x00000000a3c00000, 0x00000000e0000000)
  object space 61440K, 13% used [0x00000000a0000000,0x00000000a08330c0,0x00000000a3c00000)
 Metaspace       used 34833K, capacity 35368K, committed 35496K, reserved 1079296K
  class space    used 4919K, capacity 5104K, committed 5120K, reserved 1048576K
}
Event: 8.204 GC heap before
{Heap before GC invocations=11 (full 2):
 PSYoungGen      total 83456K, used 8743K [0x00000000e0000000, 0x00000000e7380000, 0x0000000100000000)
  eden space 72704K, 0% used [0x00000000e0000000,0x00000000e0000000,0x00000000e4700000)
  from space 10752K, 81% used [0x00000000e4700000,0x00000000e4f89d28,0x00000000e5180000)
  to   space 11264K, 0% used [0x00000000e6880000,0x00000000e6880000,0x00000000e7380000)
 ParOldGen       total 61440K, used 8396K [0x00000000a0000000, 0x00000000a3c00000, 0x00000000e0000000)
  object space 61440K, 13% used [0x00000000a0000000,0x00000000a08330c0,0x00000000a3c00000)
 Metaspace       used 34833K, capacity 35368K, committed 35496K, reserved 1079296K
  class space    used 4919K, capacity 5104K, committed 5120K, reserved 1048576K
Event: 8.335 GC heap after
Heap after GC invocations=11 (full 2):
 PSYoungGen      total 83456K, used 0K [0x00000000e0000000, 0x00000000e7380000, 0x0000000100000000)
  eden space 72704K, 0% used [0x00000000e0000000,0x00000000e0000000,0x00000000e4700000)
  from space 10752K, 0% used [0x00000000e4700000,0x00000000e4700000,0x00000000e5180000)
  to   space 11264K, 0% used [0x00000000e6880000,0x00000000e6880000,0x00000000e7380000)
 ParOldGen       total 97792K, used 15592K [0x00000000a0000000, 0x00000000a5f80000, 0x00000000e0000000)
  object space 97792K, 15% used [0x00000000a0000000,0x00000000a0f3a368,0x00000000a5f80000)
 Metaspace       used 34833K, capacity 35368K, committed 35496K, reserved 1079296K
  class space    used 4919K, capacity 5104K, committed 5120K, reserved 1048576K
}
Event: 9.442 GC heap before
{Heap before GC invocations=12 (full 2):
 PSYoungGen      total 83456K, used 72704K [0x00000000e0000000, 0x00000000e7380000, 0x0000000100000000)
  eden space 72704K, 100% used [0x00000000e0000000,0x00000000e4700000,0x00000000e4700000)
  from space 10752K, 0% used [0x00000000e4700000,0x00000000e4700000,0x00000000e5180000)
  to   space 11264K, 0% used [0x00000000e6880000,0x00000000e6880000,0x00000000e7380000)
 ParOldGen       total 97792K, used 15592K [0x00000000a0000000, 0x00000000a5f80000, 0x00000000e0000000)
  object space 97792K, 15% used [0x00000000a0000000,0x00000000a0f3a368,0x00000000a5f80000)
 Metaspace       used 38765K, capacity 39340K, committed 39680K, reserved 1083392K
  class space    used 5402K, capacity 5570K, committed 5632K, reserved 1048576K
Event: 9.459 GC heap after
Heap after GC invocations=12 (full 2):
 PSYoungGen      total 97792K, used 7170K [0x00000000e0000000, 0x00000000e7000000, 0x0000000100000000)
  eden space 90112K, 0% used [0x00000000e0000000,0x00000000e0000000,0x00000000e5800000)
  from space 7680K, 93% used [0x00000000e6880000,0x00000000e6f80b58,0x00000000e7000000)
  to   space 10752K, 0% used [0x00000000e5b00000,0x00000000e5b00000,0x00000000e6580000)
 ParOldGen       total 97792K, used 15600K [0x00000000a0000000, 0x00000000a5f80000, 0x00000000e0000000)
  object space 97792K, 15% used [0x00000000a0000000,0x00000000a0f3c368,0x00000000a5f80000)
 Metaspace       used 38765K, capacity 39340K, committed 39680K, reserved 1083392K
  class space    used 5402K, capacity 5570K, committed 5632K, reserved 1048576K
}

Deoptimization events (10 events):
Event: 9.009 Thread 0x00000000192fb000 Uncommon trap: reason=class_check action=maybe_recompile pc=0x00000000035207cc method=com.google.common.collect.AbstractMapBasedMultimap$WrappedCollection.refreshIfEmpty()V @ 40
Event: 9.076 Thread 0x00000000192fb000 Uncommon trap: reason=speculate_class_check action=maybe_recompile pc=0x00000000035b91a4 method=com.google.common.base.Equivalence.hash(Ljava/lang/Object;)I @ 8
Event: 9.076 Thread 0x00000000192fb000 Uncommon trap: reason=speculate_class_check action=maybe_recompile pc=0x00000000035b91a4 method=com.google.common.base.Equivalence.hash(Ljava/lang/Object;)I @ 8
Event: 9.136 Thread 0x00000000192fb000 Uncommon trap: reason=unstable_if action=reinterpret pc=0x0000000002b9ee40 method=java.lang.ThreadLocal.get()Ljava/lang/Object; @ 11
Event: 9.172 Thread 0x00000000192fb000 Uncommon trap: reason=unstable_if action=reinterpret pc=0x0000000002efa27c method=java.lang.CharacterDataLatin1.isWhitespace(I)Z @ 14
Event: 9.234 Thread 0x00000000192fb000 Uncommon trap: reason=unstable_if action=reinterpret pc=0x00000000032ec82c method=java.security.CodeSource.getCertificates()[Ljava/security/cert/Certificate; @ 22
Event: 9.235 Thread 0x00000000192fb000 Uncommon trap: reason=unstable_if action=reinterpret pc=0x000000000345c478 method=java.security.CodeSource.matchCerts(Ljava/security/CodeSource;Z)Z @ 11
Event: 9.271 Thread 0x00000000192fb000 Uncommon trap: reason=unstable_if action=reinterpret pc=0x00000000034ae538 method=java.util.LinkedHashMap.get(Ljava/lang/Object;)Ljava/lang/Object; @ 20
Event: 9.392 Thread 0x00000000192fb000 Uncommon trap: reason=unstable_if action=reinterpret pc=0x00000000032eeb20 method=org.objectweb.asm.ByteVector.putUTF8(Ljava/lang/String;)Lorg/objectweb/asm/ByteVector; @ 91
Event: 9.557 Thread 0x00000000192fb000 Uncommon trap: reason=unstable_if action=reinterpret pc=0x000000000329e460 method=org.objectweb.asm.ByteVector.putUTF8(Ljava/lang/String;)Lorg/objectweb/asm/ByteVector; @ 91

Internal exceptions (10 events):
Event: 7.552 Thread 0x00000000192fb000 Exception <a 'java/lang/ClassNotFoundException': build_a4p1f876o39vz1rso41af6c79BeanInfo> (0x00000000e3608f70) thrown at [C:\re\workspace\8-2-build-windows-amd64-cygwin\jdk8u121\8372\hotspot\src\share\vm\classfile\systemDictionary.cpp, line 210]
Event: 7.553 Thread 0x00000000192fb000 Exception <a 'java/lang/ClassNotFoundException': build_a4p1f876o39vz1rso41af6c79Customizer> (0x00000000e3613968) thrown at [C:\re\workspace\8-2-build-windows-amd64-cygwin\jdk8u121\8372\hotspot\src\share\vm\classfile\systemDictionary.cpp, line 210]
Event: 7.563 Thread 0x00000000192fb000 Exception <a 'java/lang/ClassNotFoundException': org/gradle/api/internal/plugins/DefaultObjectConfigurationActionBeanInfo> (0x00000000e3688498) thrown at [C:\re\workspace\8-2-build-windows-amd64-cygwin\jdk8u121\8372\hotspot\src\share\vm\classfile\systemDi
Event: 7.564 Thread 0x00000000192fb000 Exception <a 'java/lang/ClassNotFoundException': org/gradle/api/internal/plugins/DefaultObjectConfigurationActionCustomizer> (0x00000000e36c2148) thrown at [C:\re\workspace\8-2-build-windows-amd64-cygwin\jdk8u121\8372\hotspot\src\share\vm\classfile\system
Event: 8.467 Thread 0x00000000192fb000 Exception <a 'sun/nio/fs/WindowsException'> (0x00000000e04deaa8) thrown at [C:\re\workspace\8-2-build-windows-amd64-cygwin\jdk8u121\8372\hotspot\src\share\vm\prims\jni.cpp, line 709]
Event: 9.136 Thread 0x00000000192fb000 Implicit null exception at 0x0000000002b9e8e8 to 0x0000000002b9ee29
Event: 9.582 Thread 0x00000000192fb000 Exception <a 'java/lang/ClassNotFoundException': com/android/build/gradle/internal/api/DefaultAndroidSourceSet_DecoratedBeanInfo> (0x00000000e04f3470) thrown at [C:\re\workspace\8-2-build-windows-amd64-cygwin\jdk8u121\8372\hotspot\src\share\vm\classfile\s
Event: 9.582 Thread 0x00000000192fb000 Exception <a 'java/lang/ClassNotFoundException': com/android/build/gradle/internal/api/DefaultAndroidSourceSetBeanInfo> (0x00000000e050d6c8) thrown at [C:\re\workspace\8-2-build-windows-amd64-cygwin\jdk8u121\8372\hotspot\src\share\vm\classfile\systemDicti
Event: 9.583 Thread 0x00000000192fb000 Exception <a 'java/lang/ClassNotFoundException': com/android/build/gradle/internal/api/DefaultAndroidSourceSetCustomizer> (0x00000000e0527dc0) thrown at [C:\re\workspace\8-2-build-windows-amd64-cygwin\jdk8u121\8372\hotspot\src\share\vm\classfile\systemDic
Event: 9.593 Thread 0x00000000192fb000 Exception <a 'java/lang/ClassNotFoundException': com/android/build/gradle/internal/api/DefaultAndroidSourceSet_DecoratedCustomizer> (0x00000000e059b440) thrown at [C:\re\workspace\8-2-build-windows-amd64-cygwin\jdk8u121\8372\hotspot\src\share\vm\classfile

Events (10 events):
Event: 9.699 loading class com/android/build/gradle/internal/transforms/DexArchiveBuilderTransform
Event: 9.699 loading class com/android/build/gradle/internal/transforms/DexArchiveBuilderTransform done
Event: 9.702 loading class com/android/build/gradle/internal/transforms/ExternalLibsMergerTransform
Event: 9.702 loading class com/android/build/gradle/internal/transforms/ExternalLibsMergerTransform done
Event: 9.703 loading class com/android/build/gradle/internal/transforms/DexMergerTransform
Event: 9.703 loading class com/android/build/gradle/internal/transforms/DexMergerTransform done
Event: 9.705 loading class com/android/build/gradle/internal/transforms/FixStackFramesTransform
Event: 9.705 loading class com/android/build/gradle/internal/transforms/FixStackFramesTransform done
Event: 9.706 loading class com/android/build/gradle/internal/transforms/DesugarTransform
Event: 9.706 loading class com/android/build/gradle/internal/transforms/DesugarTransform done


Dynamic libraries:
0x00007ff76add0000 - 0x00007ff76ae07000 	C:\Program Files\Java\jdk1.8.0_121\bin\java.exe
0x00007ffc8f5c0000 - 0x00007ffc8f7a1000 	C:\WINDOWS\SYSTEM32\ntdll.dll
0x00007ffc8ef40000 - 0x00007ffc8eff2000 	C:\WINDOWS\System32\KERNEL32.DLL
0x00007ffc8c730000 - 0x00007ffc8c9a3000 	C:\WINDOWS\System32\KERNELBASE.dll
0x00007ffc8cf80000 - 0x00007ffc8d021000 	C:\WINDOWS\System32\ADVAPI32.dll
0x00007ffc8d580000 - 0x00007ffc8d61e000 	C:\WINDOWS\System32\msvcrt.dll
0x00007ffc8ca80000 - 0x00007ffc8cadb000 	C:\WINDOWS\System32\sechost.dll
0x00007ffc8cde0000 - 0x00007ffc8cf04000 	C:\WINDOWS\System32\RPCRT4.dll
0x00007ffc8d760000 - 0x00007ffc8d8f0000 	C:\WINDOWS\System32\USER32.dll
0x00007ffc8c9b0000 - 0x00007ffc8c9d0000 	C:\WINDOWS\System32\win32u.dll
0x00007ffc8f220000 - 0x00007ffc8f248000 	C:\WINDOWS\System32\GDI32.dll
0x00007ffc8b9e0000 - 0x00007ffc8bb72000 	C:\WINDOWS\System32\gdi32full.dll
0x00007ffc8bb80000 - 0x00007ffc8bc1f000 	C:\WINDOWS\System32\msvcp_win.dll
0x00007ffc8be10000 - 0x00007ffc8bf08000 	C:\WINDOWS\System32\ucrtbase.dll
0x00007ffc7e9b0000 - 0x00007ffc7ec19000 	C:\WINDOWS\WinSxS\amd64_microsoft.windows.common-controls_6595b64144ccf1df_6.0.17134.648_none_fb45a0e93062a6d2\COMCTL32.dll
0x00007ffc8f250000 - 0x00007ffc8f572000 	C:\WINDOWS\System32\combase.dll
0x00007ffc8c9d0000 - 0x00007ffc8ca4a000 	C:\WINDOWS\System32\bcryptPrimitives.dll
0x00007ffc8dad0000 - 0x00007ffc8dafd000 	C:\WINDOWS\System32\IMM32.DLL
0x00000000653e0000 - 0x00000000654b2000 	C:\Program Files\Java\jdk1.8.0_121\jre\bin\msvcr100.dll
0x0000000064320000 - 0x0000000064bbb000 	C:\Program Files\Java\jdk1.8.0_121\jre\bin\server\jvm.dll
0x00007ffc8ca70000 - 0x00007ffc8ca78000 	C:\WINDOWS\System32\PSAPI.DLL
0x00007ffc81fd0000 - 0x00007ffc81fda000 	C:\WINDOWS\SYSTEM32\VERSION.dll
0x00007ffc80420000 - 0x00007ffc80429000 	C:\WINDOWS\SYSTEM32\WSOCK32.dll
0x00007ffc81fe0000 - 0x00007ffc82003000 	C:\WINDOWS\SYSTEM32\WINMM.dll
0x00007ffc8cf10000 - 0x00007ffc8cf7c000 	C:\WINDOWS\System32\WS2_32.dll
0x00007ffc81fa0000 - 0x00007ffc81fca000 	C:\WINDOWS\SYSTEM32\winmmbase.dll
0x00007ffc8b990000 - 0x00007ffc8b9d9000 	C:\WINDOWS\System32\cfgmgr32.dll
0x00000000667f0000 - 0x00000000667ff000 	C:\Program Files\Java\jdk1.8.0_121\jre\bin\verify.dll
0x00000000667c0000 - 0x00000000667e9000 	C:\Program Files\Java\jdk1.8.0_121\jre\bin\java.dll
0x00000000653c0000 - 0x00000000653d6000 	C:\Program Files\Java\jdk1.8.0_121\jre\bin\zip.dll
0x00007ffc8db00000 - 0x00007ffc8ef40000 	C:\WINDOWS\System32\SHELL32.dll
0x00007ffc8cc40000 - 0x00007ffc8cce9000 	C:\WINDOWS\System32\shcore.dll
0x00007ffc8bf10000 - 0x00007ffc8c61d000 	C:\WINDOWS\System32\windows.storage.dll
0x00007ffc8d6f0000 - 0x00007ffc8d741000 	C:\WINDOWS\System32\shlwapi.dll
0x00007ffc8b970000 - 0x00007ffc8b981000 	C:\WINDOWS\System32\kernel.appcore.dll
0x00007ffc8b950000 - 0x00007ffc8b96f000 	C:\WINDOWS\System32\profapi.dll
0x00007ffc8b8d0000 - 0x00007ffc8b91c000 	C:\WINDOWS\System32\powrprof.dll
0x00007ffc8b920000 - 0x00007ffc8b92a000 	C:\WINDOWS\System32\FLTLIB.DLL
0x00000000653a0000 - 0x00000000653ba000 	C:\Program Files\Java\jdk1.8.0_121\jre\bin\net.dll
0x00007ffc8b0f0000 - 0x00007ffc8b156000 	C:\WINDOWS\system32\mswsock.dll
0x0000000065380000 - 0x0000000065391000 	C:\Program Files\Java\jdk1.8.0_121\jre\bin\nio.dll
0x00007ffc7e860000 - 0x00007ffc7e87e000 	C:\Users\user\.gradle\native\25\windows-amd64\native-platform.dll
0x0000000065370000 - 0x000000006537d000 	C:\Program Files\Java\jdk1.8.0_121\jre\bin\management.dll
0x00007ffc8b2b0000 - 0x00007ffc8b2c7000 	C:\WINDOWS\SYSTEM32\CRYPTSP.dll
0x00007ffc8acd0000 - 0x00007ffc8ad03000 	C:\WINDOWS\system32\rsaenh.dll
0x00007ffc8b3d0000 - 0x00007ffc8b3f5000 	C:\WINDOWS\SYSTEM32\bcrypt.dll
0x00007ffc8b7d0000 - 0x00007ffc8b7f8000 	C:\WINDOWS\SYSTEM32\USERENV.dll
0x00007ffc8b2a0000 - 0x00007ffc8b2ab000 	C:\WINDOWS\SYSTEM32\CRYPTBASE.dll
0x00007ffc8ae70000 - 0x00007ffc8aea8000 	C:\WINDOWS\SYSTEM32\IPHLPAPI.DLL
0x00007ffc8f580000 - 0x00007ffc8f588000 	C:\WINDOWS\System32\NSI.dll
0x00007ffc840b0000 - 0x00007ffc840c6000 	C:\WINDOWS\SYSTEM32\dhcpcsvc6.DLL
0x00007ffc85280000 - 0x00007ffc8529a000 	C:\WINDOWS\SYSTEM32\dhcpcsvc.DLL

VM Arguments:
jvm_args: -Xmx1536m -Dfile.encoding=x-windows-949 -Duser.country=KR -Duser.language=ko -Duser.variant 
java_command: org.gradle.launcher.daemon.bootstrap.GradleDaemon 4.6
java_class_path (initial): C:\Users\user\.gradle\wrapper\dists\gradle-4.6-all\bcst21l2brirad8k2ben1letg\gradle-4.6\lib\gradle-launcher-4.6.jar
Launcher Type: SUN_STANDARD

Environment Variables:
JAVA_HOME=C:\Program Files\Java\jdk1.8.0_121
CLASSPATH=C:\Program Files\Java\jdk1.8.0_121\lib
PATH=C:\Program Files\Java\jdk1.8.0_121\bin;C:\Program Files\MATLAB\R2019a\bin;c:\windows\system32
USERNAME=user
OS=Windows_NT
PROCESSOR_IDENTIFIER=Intel64 Family 6 Model 142 Stepping 9, GenuineIntel



---------------  S Y S T E M  ---------------

OS: Windows 10.0 , 64 bit Build 17134 (10.0.17134.648)

CPU:total 4 (2 cores per cpu, 2 threads per core) family 6 model 142 stepping 9, cmov, cx8, fxsr, mmx, sse, sse2, sse3, ssse3, sse4.1, sse4.2, popcnt, avx, avx2, aes, clmul, erms, 3dnowpref, lzcnt, ht, tsc, tscinvbit, bmi1, bmi2, adx

Memory: 4k page, physical 8244428k(1178812k free), swap 33410252k(5272k free)

vm_info: Java HotSpot(TM) 64-Bit Server VM (25.121-b13) for windows-amd64 JRE (1.8.0_121-b13), built on Dec 12 2016 18:21:36 by "java_re" with MS VC++ 10.0 (VS2010)

time: Wed Apr 10 16:23:58 2019
elapsed time: 9 seconds (0d 0h 0m 9s)

