#
# There is insufficient memory for the Java Runtime Environment to continue.
# Native memory allocation (malloc) failed to allocate 1633936 bytes for Chunk::new
# Possible reasons:
#   The system is out of physical RAM or swap space
#   In 32 bit mode, the process size limit was hit
# Possible solutions:
#   Reduce memory load on the system
#   Increase physical memory or swap space
#   Check if swap backing store is full
#   Use 64 bit Java on a 64 bit OS
#   Decrease Java heap size (-Xmx/-Xms)
#   Decrease number of Java threads
#   Decrease Java thread stack sizes (-Xss)
#   Set larger code cache with -XX:ReservedCodeCacheSize=
# This output file may be truncated or incomplete.
#
#  Out of Memory Error (allocation.cpp:390), pid=25052, tid=0x0000000000002ba0
#
# JRE version: Java(TM) SE Runtime Environment (8.0_121-b13) (build 1.8.0_121-b13)
# Java VM: Java HotSpot(TM) 64-Bit Server VM (25.121-b13 mixed mode windows-amd64 compressed oops)
# Failed to write core dump. Minidumps are not enabled by default on client versions of Windows
#

---------------  T H R E A D  ---------------

Current thread (0x0000000016f5e800):  JavaThread "C2 CompilerThread1" daemon [_thread_in_native, id=11168, stack(0x0000000018960000,0x0000000018a60000)]

Stack: [0x0000000018960000,0x0000000018a60000]
[error occurred during error reporting (printing stack bounds), id 0xc0000005]

Native frames: (J=compiled Java code, j=interpreted, Vv=VM code, C=native code)


Current CompileTask:
C2: 105535 17833       4       com.android.utils.PositionXmlParser::getPositionHelper (757 bytes)


---------------  P R O C E S S  ---------------

Java Threads: ( => current thread )
  0x000000001a2ad000 JavaThread "stdout" [_thread_in_native, id=7224, stack(0x00000000294b0000,0x00000000295b0000)]
  0x000000001ded4800 JavaThread "stderr" [_thread_in_native, id=25436, stack(0x00000000293b0000,0x00000000294b0000)]
  0x000000001ded3000 JavaThread "pool-6-thread-1" [_thread_blocked, id=5976, stack(0x00000000292b0000,0x00000000293b0000)]
  0x000000001ded1800 JavaThread "Task worker for ':' Thread 3" [_thread_blocked, id=4120, stack(0x00000000291b0000,0x00000000292b0000)]
  0x000000001ded2000 JavaThread "Task worker for ':' Thread 2" [_thread_blocked, id=19348, stack(0x00000000290b0000,0x00000000291b0000)]
  0x000000001ded0800 JavaThread "Task worker for ':'" [_thread_blocked, id=21808, stack(0x0000000028fb0000,0x00000000290b0000)]
  0x000000001ded7800 JavaThread "Cache worker for Build Output Cleanup Cache (C:\Users\user\Desktop\111 (2)\.gradle\buildOutputCleanup)" [_thread_blocked, id=18476, stack(0x0000000028eb0000,0x0000000028fb0000)]
  0x000000001ded6800 JavaThread "Cache worker for task history cache (C:\Users\user\Desktop\111 (2)\.gradle\4.6\taskHistory)" [_thread_blocked, id=11160, stack(0x0000000028db0000,0x0000000028eb0000)]
  0x000000001ded6000 JavaThread "Cache worker for file content cache (C:\Users\user\Desktop\111 (2)\.gradle\4.6\fileContent)" [_thread_blocked, id=16672, stack(0x0000000028cb0000,0x0000000028db0000)]
  0x000000001ded3800 JavaThread "Build operations Thread 4" [_thread_blocked, id=22992, stack(0x0000000028bb0000,0x0000000028cb0000)]
  0x000000001ded5000 JavaThread "Build operations Thread 3" [_thread_blocked, id=18496, stack(0x0000000028ab0000,0x0000000028bb0000)]
  0x000000001dece800 JavaThread "Build operations Thread 2" [_thread_blocked, id=18472, stack(0x00000000289b0000,0x0000000028ab0000)]
  0x000000001decd800 JavaThread "Build operations" [_thread_blocked, id=18548, stack(0x00000000288b0000,0x00000000289b0000)]
  0x000000001decd000 JavaThread "Cache worker for Artifact transforms cache (C:\Users\user\.gradle\caches\transforms-1)" [_thread_blocked, id=7252, stack(0x00000000287b0000,0x00000000288b0000)]
  0x000000001dec8800 JavaThread "Cache worker for file hash cache (C:\Users\user\Desktop\111 (2)\.gradle\4.6\fileHashes)" [_thread_blocked, id=6488, stack(0x00000000286b0000,0x00000000287b0000)]
  0x000000001deca000 JavaThread "Stdin handler" [_thread_blocked, id=16516, stack(0x00000000285b0000,0x00000000286b0000)]
  0x000000001decc000 JavaThread "Asynchronous log dispatcher for DefaultDaemonConnection: socket connection from /127.0.0.1:59786 to /127.0.0.1:59809" [_thread_blocked, id=12068, stack(0x00000000284b0000,0x00000000285b0000)]
  0x000000001dec9000 JavaThread "Cancel handler" [_thread_blocked, id=25280, stack(0x00000000283b0000,0x00000000284b0000)]
  0x000000001decb800 JavaThread "Handler for socket connection from /127.0.0.1:59786 to /127.0.0.1:59809" [_thread_in_native, id=12312, stack(0x00000000282b0000,0x00000000283b0000)]
  0x000000001ded0000 JavaThread "pool-1-thread-1" [_thread_blocked, id=12836, stack(0x00000000281b0000,0x00000000282b0000)]
  0x000000001e600000 JavaThread "Java2D Disposer" daemon [_thread_blocked, id=16128, stack(0x00000000240f0000,0x00000000241f0000)]
  0x000000001a2b1000 JavaThread "Memory manager" [_thread_blocked, id=17216, stack(0x00000000220a0000,0x00000000221a0000)]
  0x000000001a2b0000 JavaThread "File lock request listener" [_thread_in_native, id=14484, stack(0x000000001b610000,0x000000001b710000)]
  0x000000001913b000 JavaThread "Cache worker for file hash cache (C:\Users\user\.gradle\caches\4.6\fileHashes)" [_thread_blocked, id=24992, stack(0x000000001b510000,0x000000001b610000)]
  0x000000001913b800 JavaThread "Daemon worker" [_thread_blocked, id=8592, stack(0x000000001b010000,0x000000001b110000)]
  0x0000000019137000 JavaThread "Daemon" [_thread_blocked, id=20224, stack(0x000000001ab10000,0x000000001ac10000)]
  0x0000000019138800 JavaThread "Daemon periodic checks" [_thread_blocked, id=23432, stack(0x000000001aa10000,0x000000001ab10000)]
  0x0000000019136800 JavaThread "Incoming local TCP Connector on port 59786" [_thread_in_native, id=23844, stack(0x000000001a830000,0x000000001a930000)]
  0x000000001913a000 JavaThread "Daemon health stats" [_thread_blocked, id=22964, stack(0x000000001a530000,0x000000001a630000)]
  0x00000000182e8000 JavaThread "Service Thread" daemon [_thread_blocked, id=4316, stack(0x0000000018b60000,0x0000000018c60000)]
  0x000000001826d800 JavaThread "C1 CompilerThread2" daemon [_thread_blocked, id=11936, stack(0x0000000018a60000,0x0000000018b60000)]
=>0x0000000016f5e800 JavaThread "C2 CompilerThread1" daemon [_thread_in_native, id=11168, stack(0x0000000018960000,0x0000000018a60000)]
  0x0000000016f5b000 JavaThread "C2 CompilerThread0" daemon [_thread_blocked, id=24940, stack(0x0000000018860000,0x0000000018960000)]
  0x0000000016f59800 JavaThread "Attach Listener" daemon [_thread_blocked, id=25332, stack(0x0000000018760000,0x0000000018860000)]
  0x0000000016f0e000 JavaThread "Signal Dispatcher" daemon [_thread_blocked, id=20456, stack(0x0000000018660000,0x0000000018760000)]
  0x0000000016ee9800 JavaThread "Finalizer" daemon [_thread_blocked, id=15812, stack(0x0000000018160000,0x0000000018260000)]
  0x0000000003582000 JavaThread "Reference Handler" daemon [_thread_blocked, id=7540, stack(0x0000000018060000,0x0000000018160000)]
  0x0000000003490800 JavaThread "main" [_thread_blocked, id=16448, stack(0x0000000003390000,0x0000000003490000)]

Other Threads:
  0x0000000016ec7800 VMThread [stack: 0x0000000017f60000,0x0000000018060000] [id=5852]
  0x0000000018329800 WatcherThread [stack: 0x0000000018c60000,0x0000000018d60000] [id=4832]

VM state:not at safepoint (normal execution)

VM Mutex/Monitor currently owned by a thread: None

Heap:
 PSYoungGen      total 258048K, used 196680K [0x00000000e0000000, 0x00000000f2780000, 0x0000000100000000)
  eden space 215040K, 91% used [0x00000000e0000000,0x00000000ec0023e0,0x00000000ed200000)
  from space 43008K, 0% used [0x00000000ed200000,0x00000000ed210000,0x00000000efc00000)
  to   space 42496K, 0% used [0x00000000efc00000,0x00000000efc00000,0x00000000f2580000)
 ParOldGen       total 158208K, used 54159K [0x00000000a0000000, 0x00000000a9a80000, 0x00000000e0000000)
  object space 158208K, 34% used [0x00000000a0000000,0x00000000a34e3e98,0x00000000a9a80000)
 Metaspace       used 83188K, capacity 86092K, committed 86144K, reserved 1124352K
  class space    used 10746K, capacity 11359K, committed 11392K, reserved 1048576K

Card table byte_map: [0x0000000012950000,0x0000000012c60000] byte_map_base: 0x0000000012450000

Marking Bits: (ParMarkBitMap*) 0x0000000064b3b6d0
 Begin Bits: [0x0000000013260000, 0x0000000014a60000)
 End Bits:   [0x0000000014a60000, 0x0000000016260000)

Polling page: 0x0000000001240000

CodeCache: size=245760Kb used=46716Kb max_used=46734Kb free=199043Kb
 bounds [0x0000000003590000, 0x0000000006370000, 0x0000000012590000]
 total_blobs=15176 nmethods=14245 adapters=840
 compilation: enabled

Compilation events (10 events):
Event: 104.715 Thread 0x000000001826d800 17893       3       java.util.stream.AbstractPipeline::onClose (30 bytes)
Event: 104.716 Thread 0x000000001826d800 nmethod 17893 0x00000000037adb90 code [0x00000000037add00, 0x00000000037adfc8]
Event: 104.717 Thread 0x000000001826d800 17894   !   3       sun.nio.fs.WindowsFileSystemProvider::implDelete (135 bytes)
Event: 104.720 Thread 0x000000001826d800 nmethod 17894 0x0000000006367190 code [0x0000000006367520, 0x0000000006368ff8]
Event: 104.721 Thread 0x000000001826d800 17895       3       sun.nio.fs.WindowsPath::checkDelete (17 bytes)
Event: 104.722 Thread 0x000000001826d800 nmethod 17895 0x00000000037acb50 code [0x00000000037accc0, 0x00000000037ad008]
Event: 104.821 Thread 0x000000001826d800 17896       3       sun.nio.cs.UTF_8$Encoder::encodeArrayLoop (489 bytes)
Event: 104.823 Thread 0x000000001826d800 nmethod 17896 0x0000000006369d90 code [0x000000000636a300, 0x000000000636d968]
Event: 104.823 Thread 0x0000000016f5b000 17897 %     4       sun.nio.cs.UTF_8$Encoder::encodeArrayLoop @ 73 (489 bytes)
Event: 104.843 Thread 0x0000000016f5b000 nmethod 17897% 0x0000000004129190 code [0x0000000004129340, 0x0000000004129e40]

GC Heap History (10 events):
Event: 62.291 GC heap before
{Heap before GC invocations=23 (full 3):
 PSYoungGen      total 201216K, used 201207K [0x00000000e0000000, 0x00000000f1080000, 0x0000000100000000)
  eden space 170496K, 100% used [0x00000000e0000000,0x00000000ea680000,0x00000000ea680000)
  from space 30720K, 99% used [0x00000000ea680000,0x00000000ec47deb0,0x00000000ec480000)
  to   space 44032K, 0% used [0x00000000ee580000,0x00000000ee580000,0x00000000f1080000)
 ParOldGen       total 158208K, used 69940K [0x00000000a0000000, 0x00000000a9a80000, 0x00000000e0000000)
  object space 158208K, 44% used [0x00000000a0000000,0x00000000a444d118,0x00000000a9a80000)
 Metaspace       used 78061K, capacity 80622K, committed 80768K, reserved 1120256K
  class space    used 10251K, capacity 10756K, committed 10880K, reserved 1048576K
Event: 62.346 GC heap after
Heap after GC invocations=23 (full 3):
 PSYoungGen      total 236544K, used 13908K [0x00000000e0000000, 0x00000000f1080000, 0x0000000100000000)
  eden space 192512K, 0% used [0x00000000e0000000,0x00000000e0000000,0x00000000ebc00000)
  from space 44032K, 31% used [0x00000000ee580000,0x00000000ef315308,0x00000000f1080000)
  to   space 42496K, 0% used [0x00000000ebc00000,0x00000000ebc00000,0x00000000ee580000)
 ParOldGen       total 158208K, used 82924K [0x00000000a0000000, 0x00000000a9a80000, 0x00000000e0000000)
  object space 158208K, 52% used [0x00000000a0000000,0x00000000a50fb1d0,0x00000000a9a80000)
 Metaspace       used 78061K, capacity 80622K, committed 80768K, reserved 1120256K
  class space    used 10251K, capacity 10756K, committed 10880K, reserved 1048576K
}
Event: 76.397 GC heap before
{Heap before GC invocations=24 (full 3):
 PSYoungGen      total 236544K, used 206420K [0x00000000e0000000, 0x00000000f1080000, 0x0000000100000000)
  eden space 192512K, 100% used [0x00000000e0000000,0x00000000ebc00000,0x00000000ebc00000)
  from space 44032K, 31% used [0x00000000ee580000,0x00000000ef315308,0x00000000f1080000)
  to   space 42496K, 0% used [0x00000000ebc00000,0x00000000ebc00000,0x00000000ee580000)
 ParOldGen       total 158208K, used 85331K [0x00000000a0000000, 0x00000000a9a80000, 0x00000000e0000000)
  object space 158208K, 53% used [0x00000000a0000000,0x00000000a5354dd0,0x00000000a9a80000)
 Metaspace       used 79541K, capacity 82314K, committed 82560K, reserved 1120256K
  class space    used 10464K, capacity 11010K, committed 11136K, reserved 1048576K
Event: 76.442 GC heap after
Heap after GC invocations=24 (full 3):
 PSYoungGen      total 235008K, used 24156K [0x00000000e0000000, 0x00000000f2580000, 0x0000000100000000)
  eden space 192512K, 0% used [0x00000000e0000000,0x00000000e0000000,0x00000000ebc00000)
  from space 42496K, 56% used [0x00000000ebc00000,0x00000000ed397180,0x00000000ee580000)
  to   space 42496K, 0% used [0x00000000efc00000,0x00000000efc00000,0x00000000f2580000)
 ParOldGen       total 158208K, used 85339K [0x00000000a0000000, 0x00000000a9a80000, 0x00000000e0000000)
  object space 158208K, 53% used [0x00000000a0000000,0x00000000a5356dd0,0x00000000a9a80000)
 Metaspace       used 79541K, capacity 82314K, committed 82560K, reserved 1120256K
  class space    used 10464K, capacity 11010K, committed 11136K, reserved 1048576K
}
Event: 76.848 GC heap before
{Heap before GC invocations=25 (full 4):
 PSYoungGen      total 235008K, used 215882K [0x00000000e0000000, 0x00000000f2580000, 0x0000000100000000)
  eden space 192512K, 99% used [0x00000000e0000000,0x00000000ebb3b6c8,0x00000000ebc00000)
  from space 42496K, 56% used [0x00000000ebc00000,0x00000000ed397180,0x00000000ee580000)
  to   space 42496K, 0% used [0x00000000efc00000,0x00000000efc00000,0x00000000f2580000)
 ParOldGen       total 158208K, used 149852K [0x00000000a0000000, 0x00000000a9a80000, 0x00000000e0000000)
  object space 158208K, 94% used [0x00000000a0000000,0x00000000a92571c0,0x00000000a9a80000)
 Metaspace       used 79800K, capacity 82586K, committed 82816K, reserved 1120256K
  class space    used 10498K, capacity 11052K, committed 11136K, reserved 1048576K
Event: 77.073 GC heap after
Heap after GC invocations=25 (full 4):
 PSYoungGen      total 235008K, used 0K [0x00000000e0000000, 0x00000000f2580000, 0x0000000100000000)
  eden space 192512K, 0% used [0x00000000e0000000,0x00000000e0000000,0x00000000ebc00000)
  from space 42496K, 0% used [0x00000000ebc00000,0x00000000ebc00000,0x00000000ee580000)
  to   space 42496K, 0% used [0x00000000efc00000,0x00000000efc00000,0x00000000f2580000)
 ParOldGen       total 158208K, used 54159K [0x00000000a0000000, 0x00000000a9a80000, 0x00000000e0000000)
  object space 158208K, 34% used [0x00000000a0000000,0x00000000a34e3e98,0x00000000a9a80000)
 Metaspace       used 79721K, capacity 82364K, committed 82816K, reserved 1120256K
  class space    used 10471K, capacity 11005K, committed 11136K, reserved 1048576K
}
Event: 77.097 GC heap before
{Heap before GC invocations=26 (full 4):
 PSYoungGen      total 235008K, used 191493K [0x00000000e0000000, 0x00000000f2580000, 0x0000000100000000)
  eden space 192512K, 99% used [0x00000000e0000000,0x00000000ebb01518,0x00000000ebc00000)
  from space 42496K, 0% used [0x00000000ebc00000,0x00000000ebc00000,0x00000000ee580000)
  to   space 42496K, 0% used [0x00000000efc00000,0x00000000efc00000,0x00000000f2580000)
 ParOldGen       total 158208K, used 54159K [0x00000000a0000000, 0x00000000a9a80000, 0x00000000e0000000)
  object space 158208K, 34% used [0x00000000a0000000,0x00000000a34e3e98,0x00000000a9a80000)
 Metaspace       used 79722K, capacity 82364K, committed 82816K, reserved 1120256K
  class space    used 10471K, capacity 11005K, committed 11136K, reserved 1048576K
Event: 77.100 GC heap after
Heap after GC invocations=26 (full 4):
 PSYoungGen      total 257536K, used 96K [0x00000000e0000000, 0x00000000f2780000, 0x0000000100000000)
  eden space 215040K, 0% used [0x00000000e0000000,0x00000000e0000000,0x00000000ed200000)
  from space 42496K, 0% used [0x00000000efc00000,0x00000000efc18000,0x00000000f2580000)
  to   space 43008K, 0% used [0x00000000ed200000,0x00000000ed200000,0x00000000efc00000)
 ParOldGen       total 158208K, used 54159K [0x00000000a0000000, 0x00000000a9a80000, 0x00000000e0000000)
  object space 158208K, 34% used [0x00000000a0000000,0x00000000a34e3e98,0x00000000a9a80000)
 Metaspace       used 79722K, capacity 82364K, committed 82816K, reserved 1120256K
  class space    used 10471K, capacity 11005K, committed 11136K, reserved 1048576K
}
Event: 77.138 GC heap before
{Heap before GC invocations=27 (full 4):
 PSYoungGen      total 257536K, used 215049K [0x00000000e0000000, 0x00000000f2780000, 0x0000000100000000)
  eden space 215040K, 99% used [0x00000000e0000000,0x00000000ed1ea5e0,0x00000000ed200000)
  from space 42496K, 0% used [0x00000000efc00000,0x00000000efc18000,0x00000000f2580000)
  to   space 43008K, 0% used [0x00000000ed200000,0x00000000ed200000,0x00000000efc00000)
 ParOldGen       total 158208K, used 54159K [0x00000000a0000000, 0x00000000a9a80000, 0x00000000e0000000)
  object space 158208K, 34% used [0x00000000a0000000,0x00000000a34e3e98,0x00000000a9a80000)
 Metaspace       used 79722K, capacity 82364K, committed 82816K, reserved 1120256K
  class space    used 10471K, capacity 11005K, committed 11136K, reserved 1048576K
Event: 77.142 GC heap after
Heap after GC invocations=27 (full 4):
 PSYoungGen      total 258048K, used 64K [0x00000000e0000000, 0x00000000f2780000, 0x0000000100000000)
  eden space 215040K, 0% used [0x00000000e0000000,0x00000000e0000000,0x00000000ed200000)
  from space 43008K, 0% used [0x00000000ed200000,0x00000000ed210000,0x00000000efc00000)
  to   space 42496K, 0% used [0x00000000efc00000,0x00000000efc00000,0x00000000f2580000)
 ParOldGen       total 158208K, used 54159K [0x00000000a0000000, 0x00000000a9a80000, 0x00000000e0000000)
  object space 158208K, 34% used [0x00000000a0000000,0x00000000a34e3e98,0x00000000a9a80000)
 Metaspace       used 79722K, capacity 82364K, committed 82816K, reserved 1120256K
  class space    used 10471K, capacity 11005K, committed 11136K, reserved 1048576K
}

Deoptimization events (10 events):
Event: 102.795 Thread 0x000000001913b800 Uncommon trap: reason=unstable_if action=reinterpret pc=0x0000000003f7ce78 method=java.util.stream.MatchOps$BooleanTerminalSink.<init>(Ljava/util/stream/MatchOps$MatchKind;)V @ 9
Event: 102.924 Thread 0x000000001913b800 Uncommon trap: reason=unstable_if action=reinterpret pc=0x0000000006075d0c method=com.google.common.collect.ImmutableMap.copyOf(Ljava/util/Map;)Lcom/google/common/collect/ImmutableMap; @ 4
Event: 103.223 Thread 0x000000001ded0800 Uncommon trap: reason=unstable_if action=reinterpret pc=0x0000000004ef53f4 method=org.gradle.api.internal.artifacts.transform.ChainedTransformer.hasCachedResult(Ljava/io/File;)Z @ 10
Event: 103.613 Thread 0x000000001dece800 Uncommon trap: reason=unstable_if action=reinterpret pc=0x00000000048e3548 method=java.util.concurrent.ConcurrentLinkedQueue.offer(Ljava/lang/Object;)Z @ 40
Event: 103.885 Thread 0x000000001ded0800 Uncommon trap: reason=class_check action=maybe_recompile pc=0x0000000004e3cecc method=com.google.common.collect.AbstractMapBasedMultimap.wrapCollection(Ljava/lang/Object;Ljava/util/Collection;)Ljava/util/Collection; @ 44
Event: 103.885 Thread 0x000000001ded0800 Uncommon trap: reason=class_check action=maybe_recompile pc=0x0000000004e3cecc method=com.google.common.collect.AbstractMapBasedMultimap.wrapCollection(Ljava/lang/Object;Ljava/util/Collection;)Ljava/util/Collection; @ 44
Event: 103.885 Thread 0x000000001ded0800 Uncommon trap: reason=class_check action=maybe_recompile pc=0x0000000004e3cecc method=com.google.common.collect.AbstractMapBasedMultimap.wrapCollection(Ljava/lang/Object;Ljava/util/Collection;)Ljava/util/Collection; @ 44
Event: 103.885 Thread 0x000000001ded0800 Uncommon trap: reason=class_check action=maybe_recompile pc=0x0000000004e3cecc method=com.google.common.collect.AbstractMapBasedMultimap.wrapCollection(Ljava/lang/Object;Ljava/util/Collection;)Ljava/util/Collection; @ 44
Event: 104.418 Thread 0x000000001913b800 Uncommon trap: reason=speculate_class_check action=maybe_recompile pc=0x0000000004cd2694 method=com.sun.org.apache.xerces.internal.dom.ElementImpl.getNodeName()Ljava/lang/String; @ 8
Event: 104.588 Thread 0x000000001ded2000 Uncommon trap: reason=unstable_if action=reinterpret pc=0x0000000006180eb0 method=org.gradle.api.internal.changedetection.state.AbstractScalarValueSnapshot.equals(Ljava/lang/Object;)Z @ 19

Internal exceptions (10 events):
Event: 102.398 Thread 0x000000001913b800 Exception <a 'sun/nio/fs/WindowsException'> (0x00000000e6628418) thrown at [C:\re\workspace\8-2-build-windows-amd64-cygwin\jdk8u121\8372\hotspot\src\share\vm\prims\jni.cpp, line 709]
Event: 102.399 Thread 0x000000001913b800 Exception <a 'sun/nio/fs/WindowsException'> (0x00000000e6629078) thrown at [C:\re\workspace\8-2-build-windows-amd64-cygwin\jdk8u121\8372\hotspot\src\share\vm\prims\jni.cpp, line 709]
Event: 102.399 Thread 0x000000001913b800 Exception <a 'sun/nio/fs/WindowsException'> (0x00000000e662bfa0) thrown at [C:\re\workspace\8-2-build-windows-amd64-cygwin\jdk8u121\8372\hotspot\src\share\vm\prims\jni.cpp, line 709]
Event: 102.399 Thread 0x000000001913b800 Exception <a 'sun/nio/fs/WindowsException'> (0x00000000e662cbf0) thrown at [C:\re\workspace\8-2-build-windows-amd64-cygwin\jdk8u121\8372\hotspot\src\share\vm\prims\jni.cpp, line 709]
Event: 102.399 Thread 0x000000001913b800 Exception <a 'sun/nio/fs/WindowsException'> (0x00000000e662e880) thrown at [C:\re\workspace\8-2-build-windows-amd64-cygwin\jdk8u121\8372\hotspot\src\share\vm\prims\jni.cpp, line 709]
Event: 102.399 Thread 0x000000001913b800 Exception <a 'sun/nio/fs/WindowsException'> (0x00000000e662f508) thrown at [C:\re\workspace\8-2-build-windows-amd64-cygwin\jdk8u121\8372\hotspot\src\share\vm\prims\jni.cpp, line 709]
Event: 102.400 Thread 0x000000001913b800 Exception <a 'sun/nio/fs/WindowsException'> (0x00000000e6631fc8) thrown at [C:\re\workspace\8-2-build-windows-amd64-cygwin\jdk8u121\8372\hotspot\src\share\vm\prims\jni.cpp, line 709]
Event: 102.400 Thread 0x000000001913b800 Exception <a 'sun/nio/fs/WindowsException'> (0x00000000e6632c38) thrown at [C:\re\workspace\8-2-build-windows-amd64-cygwin\jdk8u121\8372\hotspot\src\share\vm\prims\jni.cpp, line 709]
Event: 102.400 Thread 0x000000001913b800 Exception <a 'sun/nio/fs/WindowsException'> (0x00000000e66348f0) thrown at [C:\re\workspace\8-2-build-windows-amd64-cygwin\jdk8u121\8372\hotspot\src\share\vm\prims\jni.cpp, line 709]
Event: 102.400 Thread 0x000000001913b800 Exception <a 'sun/nio/fs/WindowsException'> (0x00000000e6635598) thrown at [C:\re\workspace\8-2-build-windows-amd64-cygwin\jdk8u121\8372\hotspot\src\share\vm\prims\jni.cpp, line 709]

Events (10 events):
Event: 104.721 Thread 0x000000001826d800 flushing nmethod 0x000000000413b610
Event: 104.721 Thread 0x000000001826d800 flushing nmethod 0x000000000413cf90
Event: 104.724 Thread 0x000000001ded3000 Thread added: 0x000000001ded3000
Event: 104.732 Thread 0x000000001ded4800 Thread added: 0x000000001ded4800
Event: 104.732 Thread 0x000000001a2ad000 Thread added: 0x000000001a2ad000
Event: 104.823 Thread 0x000000001826d800 flushing nmethod 0x0000000004587e90
Event: 104.823 Thread 0x000000001826d800 flushing nmethod 0x00000000045bb850
Event: 104.843 Thread 0x0000000016f5b000 flushing nmethod 0x000000000477e750
Event: 104.843 Thread 0x0000000016f5b000 flushing nmethod 0x00000000047b9dd0
Event: 104.844 Thread 0x0000000016f5b000 flushing nmethod 0x00000000049b9d10


Dynamic libraries:
0x00007ff76add0000 - 0x00007ff76ae07000 	C:\Program Files\Java\jdk1.8.0_121\bin\java.exe
0x00007ffc8f5c0000 - 0x00007ffc8f7a1000 	C:\WINDOWS\SYSTEM32\ntdll.dll
0x00007ffc8ef40000 - 0x00007ffc8eff2000 	C:\WINDOWS\System32\KERNEL32.DLL
0x00007ffc8c730000 - 0x00007ffc8c9a3000 	C:\WINDOWS\System32\KERNELBASE.dll
0x00007ffc8cf80000 - 0x00007ffc8d021000 	C:\WINDOWS\System32\ADVAPI32.dll
0x00007ffc8d580000 - 0x00007ffc8d61e000 	C:\WINDOWS\System32\msvcrt.dll
0x00007ffc8ca80000 - 0x00007ffc8cadb000 	C:\WINDOWS\System32\sechost.dll
0x00007ffc8cde0000 - 0x00007ffc8cf04000 	C:\WINDOWS\System32\RPCRT4.dll
0x00007ffc8d760000 - 0x00007ffc8d8f0000 	C:\WINDOWS\System32\USER32.dll
0x00007ffc8c9b0000 - 0x00007ffc8c9d0000 	C:\WINDOWS\System32\win32u.dll
0x00007ffc8f220000 - 0x00007ffc8f248000 	C:\WINDOWS\System32\GDI32.dll
0x00007ffc8b9e0000 - 0x00007ffc8bb72000 	C:\WINDOWS\System32\gdi32full.dll
0x00007ffc8bb80000 - 0x00007ffc8bc1f000 	C:\WINDOWS\System32\msvcp_win.dll
0x00007ffc8be10000 - 0x00007ffc8bf08000 	C:\WINDOWS\System32\ucrtbase.dll
0x00007ffc7e9b0000 - 0x00007ffc7ec19000 	C:\WINDOWS\WinSxS\amd64_microsoft.windows.common-controls_6595b64144ccf1df_6.0.17134.648_none_fb45a0e93062a6d2\COMCTL32.dll
0x00007ffc8f250000 - 0x00007ffc8f572000 	C:\WINDOWS\System32\combase.dll
0x00007ffc8c9d0000 - 0x00007ffc8ca4a000 	C:\WINDOWS\System32\bcryptPrimitives.dll
0x00007ffc8dad0000 - 0x00007ffc8dafd000 	C:\WINDOWS\System32\IMM32.DLL
0x00000000653e0000 - 0x00000000654b2000 	C:\Program Files\Java\jdk1.8.0_121\jre\bin\msvcr100.dll
0x0000000064320000 - 0x0000000064bbb000 	C:\Program Files\Java\jdk1.8.0_121\jre\bin\server\jvm.dll
0x00007ffc8ca70000 - 0x00007ffc8ca78000 	C:\WINDOWS\System32\PSAPI.DLL
0x00007ffc80420000 - 0x00007ffc80429000 	C:\WINDOWS\SYSTEM32\WSOCK32.dll
0x00007ffc81fe0000 - 0x00007ffc82003000 	C:\WINDOWS\SYSTEM32\WINMM.dll
0x00007ffc81fd0000 - 0x00007ffc81fda000 	C:\WINDOWS\SYSTEM32\VERSION.dll
0x00007ffc8cf10000 - 0x00007ffc8cf7c000 	C:\WINDOWS\System32\WS2_32.dll
0x00007ffc81fa0000 - 0x00007ffc81fca000 	C:\WINDOWS\SYSTEM32\winmmbase.dll
0x00007ffc8b990000 - 0x00007ffc8b9d9000 	C:\WINDOWS\System32\cfgmgr32.dll
0x00000000667f0000 - 0x00000000667ff000 	C:\Program Files\Java\jdk1.8.0_121\jre\bin\verify.dll
0x00000000667c0000 - 0x00000000667e9000 	C:\Program Files\Java\jdk1.8.0_121\jre\bin\java.dll
0x00000000653c0000 - 0x00000000653d6000 	C:\Program Files\Java\jdk1.8.0_121\jre\bin\zip.dll
0x00007ffc8db00000 - 0x00007ffc8ef40000 	C:\WINDOWS\System32\SHELL32.dll
0x00007ffc8cc40000 - 0x00007ffc8cce9000 	C:\WINDOWS\System32\shcore.dll
0x00007ffc8bf10000 - 0x00007ffc8c61d000 	C:\WINDOWS\System32\windows.storage.dll
0x00007ffc8d6f0000 - 0x00007ffc8d741000 	C:\WINDOWS\System32\shlwapi.dll
0x00007ffc8b970000 - 0x00007ffc8b981000 	C:\WINDOWS\System32\kernel.appcore.dll
0x00007ffc8b950000 - 0x00007ffc8b96f000 	C:\WINDOWS\System32\profapi.dll
0x00007ffc8b8d0000 - 0x00007ffc8b91c000 	C:\WINDOWS\System32\powrprof.dll
0x00007ffc8b920000 - 0x00007ffc8b92a000 	C:\WINDOWS\System32\FLTLIB.DLL
0x00000000653a0000 - 0x00000000653ba000 	C:\Program Files\Java\jdk1.8.0_121\jre\bin\net.dll
0x00007ffc8b0f0000 - 0x00007ffc8b156000 	C:\WINDOWS\system32\mswsock.dll
0x0000000065380000 - 0x0000000065391000 	C:\Program Files\Java\jdk1.8.0_121\jre\bin\nio.dll
0x00007ffc7e860000 - 0x00007ffc7e87e000 	C:\Users\user\.gradle\native\25\windows-amd64\native-platform.dll
0x0000000065370000 - 0x000000006537d000 	C:\Program Files\Java\jdk1.8.0_121\jre\bin\management.dll
0x00007ffc8b2b0000 - 0x00007ffc8b2c7000 	C:\WINDOWS\SYSTEM32\CRYPTSP.dll
0x00007ffc8acd0000 - 0x00007ffc8ad03000 	C:\WINDOWS\system32\rsaenh.dll
0x00007ffc8b3d0000 - 0x00007ffc8b3f5000 	C:\WINDOWS\SYSTEM32\bcrypt.dll
0x00007ffc8b7d0000 - 0x00007ffc8b7f8000 	C:\WINDOWS\SYSTEM32\USERENV.dll
0x00007ffc8b2a0000 - 0x00007ffc8b2ab000 	C:\WINDOWS\SYSTEM32\CRYPTBASE.dll
0x00007ffc8ae70000 - 0x00007ffc8aea8000 	C:\WINDOWS\SYSTEM32\IPHLPAPI.DLL
0x00007ffc8f580000 - 0x00007ffc8f588000 	C:\WINDOWS\System32\NSI.dll
0x00007ffc840b0000 - 0x00007ffc840c6000 	C:\WINDOWS\SYSTEM32\dhcpcsvc6.DLL
0x00007ffc85280000 - 0x00007ffc8529a000 	C:\WINDOWS\SYSTEM32\dhcpcsvc.DLL
0x00000000651d0000 - 0x0000000065368000 	C:\Program Files\Java\jdk1.8.0_121\jre\bin\awt.dll
0x00007ffc8d620000 - 0x00007ffc8d6e3000 	C:\WINDOWS\System32\OLEAUT32.dll
0x00007ffc89010000 - 0x00007ffc8909b000 	C:\WINDOWS\SYSTEM32\apphelp.dll
0x00007ffc89a20000 - 0x00007ffc89a49000 	C:\WINDOWS\system32\DWMAPI.DLL
0x00007ffc898b0000 - 0x00007ffc89948000 	C:\WINDOWS\system32\uxtheme.dll
0x00000000651a0000 - 0x00000000651ca000 	C:\Program Files\Java\jdk1.8.0_121\jre\bin\dcpr.dll
0x00007ffc8a9c0000 - 0x00007ffc8a9f1000 	C:\WINDOWS\SYSTEM32\ntmarta.dll

VM Arguments:
jvm_args: -Xmx1536m -Dfile.encoding=x-windows-949 -Duser.country=KR -Duser.language=ko -Duser.variant 
java_command: org.gradle.launcher.daemon.bootstrap.GradleDaemon 4.6
java_class_path (initial): C:\Users\user\.gradle\wrapper\dists\gradle-4.6-all\bcst21l2brirad8k2ben1letg\gradle-4.6\lib\gradle-launcher-4.6.jar
Launcher Type: SUN_STANDARD

Environment Variables:
JAVA_HOME=C:\Program Files\Java\jdk1.8.0_121
CLASSPATH=C:\Program Files\Java\jdk1.8.0_121\lib
PATH=C:\Program Files\Java\jdk1.8.0_121\bin;C:\Program Files\MATLAB\R2019a\bin;c:\windows\system32
USERNAME=user
OS=Windows_NT
PROCESSOR_IDENTIFIER=Intel64 Family 6 Model 142 Stepping 9, GenuineIntel



---------------  S Y S T E M  ---------------

OS: Windows 10.0 , 64 bit Build 17134 (10.0.17134.648)

CPU:total 4 (2 cores per cpu, 2 threads per core) family 6 model 142 stepping 9, cmov, cx8, fxsr, mmx, sse, sse2, sse3, ssse3, sse4.1, sse4.2, popcnt, avx, avx2, aes, clmul, erms, 3dnowpref, lzcnt, ht, tsc, tscinvbit, bmi1, bmi2, adx

Memory: 4k page, physical 8244428k(1109868k free), swap 33410252k(6700k free)

vm_info: Java HotSpot(TM) 64-Bit Server VM (25.121-b13) for windows-amd64 JRE (1.8.0_121-b13), built on Dec 12 2016 18:21:36 by "java_re" with MS VC++ 10.0 (VS2010)

time: Wed Apr 10 16:12:46 2019
elapsed time: 105 seconds (0d 0h 1m 45s)

