#
# There is insufficient memory for the Java Runtime Environment to continue.
# Native memory allocation (malloc) failed to allocate 2175856 bytes for Chunk::new
# Possible reasons:
#   The system is out of physical RAM or swap space
#   In 32 bit mode, the process size limit was hit
# Possible solutions:
#   Reduce memory load on the system
#   Increase physical memory or swap space
#   Check if swap backing store is full
#   Use 64 bit Java on a 64 bit OS
#   Decrease Java heap size (-Xmx/-Xms)
#   Decrease number of Java threads
#   Decrease Java thread stack sizes (-Xss)
#   Set larger code cache with -XX:ReservedCodeCacheSize=
# This output file may be truncated or incomplete.
#
#  Out of Memory Error (allocation.cpp:390), pid=25512, tid=0x0000000000002a58
#
# JRE version: Java(TM) SE Runtime Environment (8.0_121-b13) (build 1.8.0_121-b13)
# Java VM: Java HotSpot(TM) 64-Bit Server VM (25.121-b13 mixed mode windows-amd64 compressed oops)
# Failed to write core dump. Minidumps are not enabled by default on client versions of Windows
#

---------------  T H R E A D  ---------------

Current thread (0x0000000016dba800):  JavaThread "C2 CompilerThread0" daemon [_thread_in_native, id=10840, stack(0x00000000186c0000,0x00000000187c0000)]

Stack: [0x00000000186c0000,0x00000000187c0000]
[error occurred during error reporting (printing stack bounds), id 0xc0000005]

Native frames: (J=compiled Java code, j=interpreted, Vv=VM code, C=native code)


Current CompileTask:
C2: 881958 19212  s    4       java.lang.reflect.Field::declaredAnnotations (59 bytes)


---------------  P R O C E S S  ---------------

Java Threads: ( => current thread )
  0x0000000018348000 JavaThread "Build operations Thread 4" [_thread_blocked, id=22884, stack(0x000000002f420000,0x000000002f520000)]
  0x000000001833e800 JavaThread "Build operations Thread 3" [_thread_blocked, id=11168, stack(0x000000002f320000,0x000000002f420000)]
  0x0000000018345000 JavaThread "Build operations Thread 2" [_thread_blocked, id=5968, stack(0x000000002f220000,0x000000002f320000)]
  0x0000000018343000 JavaThread "Build operations" [_thread_blocked, id=3736, stack(0x000000002f120000,0x000000002f220000)]
  0x0000000018342000 JavaThread "Cache worker for Artifact transforms cache (C:\Users\user\.gradle\caches\transforms-1)" [_thread_blocked, id=15812, stack(0x000000002f020000,0x000000002f120000)]
  0x0000000018343800 JavaThread "Cache worker for file hash cache (C:\Users\user\Desktop\111 (2)\.gradle\4.6\fileHashes)" [_thread_blocked, id=18424, stack(0x000000002ef20000,0x000000002f020000)]
  0x000000001833b800 JavaThread "Stdin handler" [_thread_blocked, id=11936, stack(0x000000002ee20000,0x000000002ef20000)]
  0x000000001833d000 JavaThread "Asynchronous log dispatcher for DefaultDaemonConnection: socket connection from /127.0.0.1:59482 to /127.0.0.1:59771" [_thread_blocked, id=4832, stack(0x000000002ed20000,0x000000002ee20000)]
  0x0000000018340800 JavaThread "Cancel handler" [_thread_blocked, id=18128, stack(0x000000002ec20000,0x000000002ed20000)]
  0x000000001833c000 JavaThread "Handler for socket connection from /127.0.0.1:59482 to /127.0.0.1:59771" [_thread_in_native, id=4316, stack(0x000000002eb20000,0x000000002ec20000)]
  0x000000001833f000 JavaThread "Daemon worker Thread 5" [_thread_in_Java, id=7540, stack(0x000000002c420000,0x000000002c520000)]
  0x000000001833d800 JavaThread "Daemon Thread 5" [_thread_blocked, id=25332, stack(0x000000002c120000,0x000000002c220000)]
  0x000000001a0ce800 JavaThread "pool-1-thread-1" [_thread_blocked, id=18588, stack(0x0000000021e30000,0x0000000021f30000)]
  0x000000001a0ce000 JavaThread "Memory manager" [_thread_blocked, id=14192, stack(0x0000000020f30000,0x0000000021030000)]
  0x000000001a0d2800 JavaThread "File lock request listener" [_thread_in_native, id=16448, stack(0x000000001b470000,0x000000001b570000)]
  0x0000000019c56800 JavaThread "Cache worker for file hash cache (C:\Users\user\.gradle\caches\4.6\fileHashes)" [_thread_blocked, id=7828, stack(0x000000001b370000,0x000000001b470000)]
  0x0000000019c58800 JavaThread "Daemon periodic checks" [_thread_blocked, id=12720, stack(0x000000001a870000,0x000000001a970000)]
  0x0000000019c58000 JavaThread "Incoming local TCP Connector on port 59482" [_thread_in_native, id=23580, stack(0x000000001a690000,0x000000001a790000)]
  0x0000000019c5a000 JavaThread "Daemon health stats" [_thread_blocked, id=14972, stack(0x000000001a390000,0x000000001a490000)]
  0x0000000018151800 JavaThread "Service Thread" daemon [_thread_blocked, id=14212, stack(0x00000000189c0000,0x0000000018ac0000)]
  0x00000000180d3000 JavaThread "C1 CompilerThread2" daemon [_thread_blocked, id=9968, stack(0x00000000188c0000,0x00000000189c0000)]
  0x0000000016dbc800 JavaThread "C2 CompilerThread1" daemon [_thread_blocked, id=10800, stack(0x00000000187c0000,0x00000000188c0000)]
=>0x0000000016dba800 JavaThread "C2 CompilerThread0" daemon [_thread_in_native, id=10840, stack(0x00000000186c0000,0x00000000187c0000)]
  0x0000000016d6c000 JavaThread "Attach Listener" daemon [_thread_blocked, id=25224, stack(0x00000000185c0000,0x00000000186c0000)]
  0x0000000016db9800 JavaThread "Signal Dispatcher" daemon [_thread_blocked, id=13120, stack(0x00000000184c0000,0x00000000185c0000)]
  0x0000000016d4a800 JavaThread "Finalizer" daemon [_thread_blocked, id=2004, stack(0x0000000017fc0000,0x00000000180c0000)]
  0x0000000016d29000 JavaThread "Reference Handler" daemon [_thread_blocked, id=21864, stack(0x0000000017ec0000,0x0000000017fc0000)]
  0x00000000032f0800 JavaThread "main" [_thread_blocked, id=16124, stack(0x0000000002db0000,0x0000000002eb0000)]

Other Threads:
  0x0000000016d28000 VMThread [stack: 0x0000000017dc0000,0x0000000017ec0000] [id=15992]
  0x00000000181b8000 WatcherThread [stack: 0x0000000018ac0000,0x0000000018bc0000] [id=25560]

VM state:not at safepoint (normal execution)

VM Mutex/Monitor currently owned by a thread: None

Heap:
 PSYoungGen      total 308736K, used 203456K [0x00000000e0000000, 0x00000000f6800000, 0x0000000100000000)
  eden space 260096K, 73% used [0x00000000e0000000,0x00000000ebbe43d0,0x00000000efe00000)
  from space 48640K, 22% used [0x00000000f3880000,0x00000000f434be58,0x00000000f6800000)
  to   space 54272K, 0% used [0x00000000efe00000,0x00000000efe00000,0x00000000f3300000)
 ParOldGen       total 163840K, used 112138K [0x00000000a0000000, 0x00000000aa000000, 0x00000000e0000000)
  object space 163840K, 68% used [0x00000000a0000000,0x00000000a6d829f0,0x00000000aa000000)
 Metaspace       used 86545K, capacity 90674K, committed 90880K, reserved 1128448K
  class space    used 11357K, capacity 12218K, committed 12288K, reserved 1048576K

Card table byte_map: [0x00000000127b0000,0x0000000012ac0000] byte_map_base: 0x00000000122b0000

Marking Bits: (ParMarkBitMap*) 0x000000006547b6d0
 Begin Bits: [0x00000000130c0000, 0x00000000148c0000)
 End Bits:   [0x00000000148c0000, 0x00000000160c0000)

Polling page: 0x0000000000fc0000

CodeCache: size=245760Kb used=51855Kb max_used=51900Kb free=193904Kb
 bounds [0x00000000033f0000, 0x0000000006700000, 0x00000000123f0000]
 total_blobs=16164 nmethods=15303 adapters=771
 compilation: enabled

Compilation events (10 events):
Event: 881.658 Thread 0x00000000180d3000 19254       3       java.lang.invoke.LambdaForm$MH/683629946::linkToTargetMethod (10 bytes)
Event: 881.659 Thread 0x00000000180d3000 nmethod 19254 0x0000000003901550 code [0x00000000039016c0, 0x0000000003901b58]
Event: 881.659 Thread 0x00000000180d3000 19255       3       java.lang.invoke.LambdaForm$DMH/2050339061::invokeStatic_LI_L (15 bytes)
Event: 881.659 Thread 0x00000000180d3000 nmethod 19255 0x00000000051bbc10 code [0x00000000051bbda0, 0x00000000051bc2f8]
Event: 881.659 Thread 0x0000000016dbc800 nmethod 19250 0x000000000493de50 code [0x000000000493dfe0, 0x000000000493e4d8]
Event: 881.659 Thread 0x0000000016dbc800 19252       4       java.net.URLConnection::<init> (44 bytes)
Event: 881.660 Thread 0x0000000016dbc800 nmethod 19252 0x0000000004a0ec90 code [0x0000000004a0edc0, 0x0000000004a0ee58]
Event: 881.667 Thread 0x0000000016dbc800 19256       4       com.sun.org.apache.xerces.internal.impl.XMLDocumentFragmentScannerImpl::getFeatureDefault (36 bytes)
Event: 881.670 Thread 0x0000000016dbc800 nmethod 19256 0x00000000038c1390 code [0x00000000038c14e0, 0x00000000038c1758]
Event: 881.670 Thread 0x0000000016dbc800 19257       4       com.sun.org.apache.xerces.internal.impl.XMLDocumentScannerImpl::getFeatureDefault (40 bytes)

GC Heap History (10 events):
Event: 466.310 GC heap before
{Heap before GC invocations=25 (full 3):
 PSYoungGen      total 189440K, used 189413K [0x00000000e0000000, 0x00000000f0a00000, 0x0000000100000000)
  eden space 160256K, 99% used [0x00000000e0000000,0x00000000e9c7f0f8,0x00000000e9c80000)
  from space 29184K, 99% used [0x00000000e9c80000,0x00000000eb8fa380,0x00000000eb900000)
  to   space 46592K, 0% used [0x00000000edc80000,0x00000000edc80000,0x00000000f0a00000)
 ParOldGen       total 163840K, used 81869K [0x00000000a0000000, 0x00000000aa000000, 0x00000000e0000000)
  object space 163840K, 49% used [0x00000000a0000000,0x00000000a4ff3668,0x00000000aa000000)
 Metaspace       used 84484K, capacity 88122K, committed 88320K, reserved 1126400K
  class space    used 11137K, capacity 11936K, committed 12032K, reserved 1048576K
Event: 466.378 GC heap after
Heap after GC invocations=25 (full 3):
 PSYoungGen      total 218624K, used 45538K [0x00000000e0000000, 0x00000000f1c00000, 0x0000000100000000)
  eden space 172032K, 0% used [0x00000000e0000000,0x00000000e0000000,0x00000000ea800000)
  from space 46592K, 97% used [0x00000000edc80000,0x00000000f08f8b90,0x00000000f0a00000)
  to   space 53760K, 0% used [0x00000000ea800000,0x00000000ea800000,0x00000000edc80000)
 ParOldGen       total 163840K, used 85545K [0x00000000a0000000, 0x00000000aa000000, 0x00000000e0000000)
  object space 163840K, 52% used [0x00000000a0000000,0x00000000a538a698,0x00000000aa000000)
 Metaspace       used 84484K, capacity 88122K, committed 88320K, reserved 1126400K
  class space    used 11137K, capacity 11936K, committed 12032K, reserved 1048576K
}
Event: 466.469 GC heap before
{Heap before GC invocations=26 (full 3):
 PSYoungGen      total 218624K, used 217059K [0x00000000e0000000, 0x00000000f1c00000, 0x0000000100000000)
  eden space 172032K, 99% used [0x00000000e0000000,0x00000000ea780230,0x00000000ea800000)
  from space 46592K, 97% used [0x00000000edc80000,0x00000000f08f8b90,0x00000000f0a00000)
  to   space 53760K, 0% used [0x00000000ea800000,0x00000000ea800000,0x00000000edc80000)
 ParOldGen       total 163840K, used 85545K [0x00000000a0000000, 0x00000000aa000000, 0x00000000e0000000)
  object space 163840K, 52% used [0x00000000a0000000,0x00000000a538a698,0x00000000aa000000)
 Metaspace       used 84539K, capacity 88154K, committed 88320K, reserved 1126400K
  class space    used 11144K, capacity 11944K, committed 12032K, reserved 1048576K
Event: 466.514 GC heap after
Heap after GC invocations=26 (full 3):
 PSYoungGen      total 225792K, used 37875K [0x00000000e0000000, 0x00000000f4b00000, 0x0000000100000000)
  eden space 172032K, 0% used [0x00000000e0000000,0x00000000e0000000,0x00000000ea800000)
  from space 53760K, 70% used [0x00000000ea800000,0x00000000eccfcc88,0x00000000edc80000)
  to   space 56832K, 0% used [0x00000000f1380000,0x00000000f1380000,0x00000000f4b00000)
 ParOldGen       total 163840K, used 85553K [0x00000000a0000000, 0x00000000aa000000, 0x00000000e0000000)
  object space 163840K, 52% used [0x00000000a0000000,0x00000000a538c698,0x00000000aa000000)
 Metaspace       used 84539K, capacity 88154K, committed 88320K, reserved 1126400K
  class space    used 11144K, capacity 11944K, committed 12032K, reserved 1048576K
}
Event: 628.365 GC heap before
{Heap before GC invocations=27 (full 3):
 PSYoungGen      total 225792K, used 209907K [0x00000000e0000000, 0x00000000f4b00000, 0x0000000100000000)
  eden space 172032K, 100% used [0x00000000e0000000,0x00000000ea800000,0x00000000ea800000)
  from space 53760K, 70% used [0x00000000ea800000,0x00000000eccfcc88,0x00000000edc80000)
  to   space 56832K, 0% used [0x00000000f1380000,0x00000000f1380000,0x00000000f4b00000)
 ParOldGen       total 163840K, used 85553K [0x00000000a0000000, 0x00000000aa000000, 0x00000000e0000000)
  object space 163840K, 52% used [0x00000000a0000000,0x00000000a538c698,0x00000000aa000000)
 Metaspace       used 85416K, capacity 89182K, committed 89472K, reserved 1126400K
  class space    used 11278K, capacity 12102K, committed 12160K, reserved 1048576K
Event: 628.448 GC heap after
Heap after GC invocations=27 (full 3):
 PSYoungGen      total 274944K, used 34717K [0x00000000e0000000, 0x00000000f4800000, 0x0000000100000000)
  eden space 221184K, 0% used [0x00000000e0000000,0x00000000e0000000,0x00000000ed800000)
  from space 53760K, 64% used [0x00000000f1380000,0x00000000f35675c0,0x00000000f4800000)
  to   space 57344K, 0% used [0x00000000ed800000,0x00000000ed800000,0x00000000f1000000)
 ParOldGen       total 163840K, used 88971K [0x00000000a0000000, 0x00000000aa000000, 0x00000000e0000000)
  object space 163840K, 54% used [0x00000000a0000000,0x00000000a56e2f00,0x00000000aa000000)
 Metaspace       used 85416K, capacity 89182K, committed 89472K, reserved 1126400K
  class space    used 11278K, capacity 12102K, committed 12160K, reserved 1048576K
}
Event: 705.774 GC heap before
{Heap before GC invocations=28 (full 3):
 PSYoungGen      total 274944K, used 255901K [0x00000000e0000000, 0x00000000f4800000, 0x0000000100000000)
  eden space 221184K, 100% used [0x00000000e0000000,0x00000000ed800000,0x00000000ed800000)
  from space 53760K, 64% used [0x00000000f1380000,0x00000000f35675c0,0x00000000f4800000)
  to   space 57344K, 0% used [0x00000000ed800000,0x00000000ed800000,0x00000000f1000000)
 ParOldGen       total 163840K, used 88971K [0x00000000a0000000, 0x00000000aa000000, 0x00000000e0000000)
  object space 163840K, 54% used [0x00000000a0000000,0x00000000a56e2f00,0x00000000aa000000)
 Metaspace       used 85799K, capacity 89632K, committed 89728K, reserved 1126400K
  class space    used 11296K, capacity 12133K, committed 12160K, reserved 1048576K
Event: 705.858 GC heap after
Heap after GC invocations=28 (full 3):
 PSYoungGen      total 278528K, used 27085K [0x00000000e0000000, 0x00000000f6e80000, 0x0000000100000000)
  eden space 221184K, 0% used [0x00000000e0000000,0x00000000e0000000,0x00000000ed800000)
  from space 57344K, 47% used [0x00000000ed800000,0x00000000ef2734a0,0x00000000f1000000)
  to   space 55296K, 0% used [0x00000000f3880000,0x00000000f3880000,0x00000000f6e80000)
 ParOldGen       total 163840K, used 96145K [0x00000000a0000000, 0x00000000aa000000, 0x00000000e0000000)
  object space 163840K, 58% used [0x00000000a0000000,0x00000000a5de47c8,0x00000000aa000000)
 Metaspace       used 85799K, capacity 89632K, committed 89728K, reserved 1126400K
  class space    used 11296K, capacity 12133K, committed 12160K, reserved 1048576K
}
Event: 801.862 GC heap before
{Heap before GC invocations=29 (full 3):
 PSYoungGen      total 278528K, used 248269K [0x00000000e0000000, 0x00000000f6e80000, 0x0000000100000000)
  eden space 221184K, 100% used [0x00000000e0000000,0x00000000ed800000,0x00000000ed800000)
  from space 57344K, 47% used [0x00000000ed800000,0x00000000ef2734a0,0x00000000f1000000)
  to   space 55296K, 0% used [0x00000000f3880000,0x00000000f3880000,0x00000000f6e80000)
 ParOldGen       total 163840K, used 96145K [0x00000000a0000000, 0x00000000aa000000, 0x00000000e0000000)
  object space 163840K, 58% used [0x00000000a0000000,0x00000000a5de47c8,0x00000000aa000000)
 Metaspace       used 86058K, capacity 89992K, committed 90240K, reserved 1128448K
  class space    used 11305K, capacity 12149K, committed 12160K, reserved 1048576K
Event: 801.922 GC heap after
Heap after GC invocations=29 (full 3):
 PSYoungGen      total 308736K, used 11055K [0x00000000e0000000, 0x00000000f6800000, 0x0000000100000000)
  eden space 260096K, 0% used [0x00000000e0000000,0x00000000e0000000,0x00000000efe00000)
  from space 48640K, 22% used [0x00000000f3880000,0x00000000f434be58,0x00000000f6800000)
  to   space 54272K, 0% used [0x00000000efe00000,0x00000000efe00000,0x00000000f3300000)
 ParOldGen       total 163840K, used 112138K [0x00000000a0000000, 0x00000000aa000000, 0x00000000e0000000)
  object space 163840K, 68% used [0x00000000a0000000,0x00000000a6d829f0,0x00000000aa000000)
 Metaspace       used 86058K, capacity 89992K, committed 90240K, reserved 1128448K
  class space    used 11305K, capacity 12149K, committed 12160K, reserved 1048576K
}

Deoptimization events (10 events):
Event: 807.551 Thread 0x000000001833f000 Uncommon trap: reason=class_check action=maybe_recompile pc=0x000000000377f5f4 method=org.gradle.internal.logging.sink.OutputEventRenderer$4.onOutput(Lorg/gradle/internal/logging/events/OutputEvent;)V @ 11
Event: 807.551 Thread 0x000000001833f000 Uncommon trap: reason=class_check action=maybe_recompile pc=0x000000000377f5f4 method=org.gradle.internal.logging.sink.OutputEventRenderer$4.onOutput(Lorg/gradle/internal/logging/events/OutputEvent;)V @ 11
Event: 807.667 Thread 0x000000001833d800 Uncommon trap: reason=class_check action=maybe_recompile pc=0x0000000003ba9944 method=java.io.ObjectOutputStream.writeObject0(Ljava/lang/Object;Z)V @ 240
Event: 807.669 Thread 0x000000001833d800 Uncommon trap: reason=class_check action=maybe_recompile pc=0x0000000003ba9944 method=java.io.ObjectOutputStream.writeObject0(Ljava/lang/Object;Z)V @ 240
Event: 807.671 Thread 0x000000001833d800 Uncommon trap: reason=class_check action=maybe_recompile pc=0x0000000003ba9944 method=java.io.ObjectOutputStream.writeObject0(Ljava/lang/Object;Z)V @ 240
Event: 807.671 Thread 0x000000001833d800 Uncommon trap: reason=class_check action=maybe_recompile pc=0x0000000003ba9944 method=java.io.ObjectOutputStream.writeObject0(Ljava/lang/Object;Z)V @ 240
Event: 856.108 Thread 0x000000001833f000 Uncommon trap: reason=bimorphic action=maybe_recompile pc=0x00000000053cddd4 method=java.util.stream.MatchOps$1MatchSink.accept(Ljava/lang/Object;)V @ 12
Event: 859.918 Thread 0x000000001833f000 Uncommon trap: reason=bimorphic action=maybe_recompile pc=0x0000000003f5311c method=org.gradle.internal.logging.text.AbstractStyledTextOutput.text(Ljava/lang/Object;)Lorg/gradle/internal/logging/text/StyledTextOutput; @ 11
Event: 859.918 Thread 0x000000001833f000 Uncommon trap: reason=bimorphic action=maybe_recompile pc=0x0000000003f5311c method=org.gradle.internal.logging.text.AbstractStyledTextOutput.text(Ljava/lang/Object;)Lorg/gradle/internal/logging/text/StyledTextOutput; @ 11
Event: 859.993 Thread 0x000000001833d800 Uncommon trap: reason=unstable_if action=reinterpret pc=0x000000000660b048 method=java.io.ObjectOutputStream.writeObject0(Ljava/lang/Object;Z)V @ 498

Internal exceptions (10 events):
Event: 881.432 Thread 0x000000001833f000 Exception <a 'sun/nio/fs/WindowsException'> (0x00000000ea1b48a8) thrown at [C:\re\workspace\8-2-build-windows-amd64-cygwin\jdk8u121\8372\hotspot\src\share\vm\prims\jni.cpp, line 709]
Event: 881.432 Thread 0x000000001833f000 Exception <a 'sun/nio/fs/WindowsException'> (0x00000000ea1b5508) thrown at [C:\re\workspace\8-2-build-windows-amd64-cygwin\jdk8u121\8372\hotspot\src\share\vm\prims\jni.cpp, line 709]
Event: 881.433 Thread 0x000000001833f000 Exception <a 'sun/nio/fs/WindowsException'> (0x00000000ea1b82c0) thrown at [C:\re\workspace\8-2-build-windows-amd64-cygwin\jdk8u121\8372\hotspot\src\share\vm\prims\jni.cpp, line 709]
Event: 881.433 Thread 0x000000001833f000 Exception <a 'sun/nio/fs/WindowsException'> (0x00000000ea1b8f10) thrown at [C:\re\workspace\8-2-build-windows-amd64-cygwin\jdk8u121\8372\hotspot\src\share\vm\prims\jni.cpp, line 709]
Event: 881.433 Thread 0x000000001833f000 Exception <a 'sun/nio/fs/WindowsException'> (0x00000000ea1baba0) thrown at [C:\re\workspace\8-2-build-windows-amd64-cygwin\jdk8u121\8372\hotspot\src\share\vm\prims\jni.cpp, line 709]
Event: 881.433 Thread 0x000000001833f000 Exception <a 'sun/nio/fs/WindowsException'> (0x00000000ea1bb828) thrown at [C:\re\workspace\8-2-build-windows-amd64-cygwin\jdk8u121\8372\hotspot\src\share\vm\prims\jni.cpp, line 709]
Event: 881.435 Thread 0x000000001833f000 Exception <a 'sun/nio/fs/WindowsException'> (0x00000000ea1be290) thrown at [C:\re\workspace\8-2-build-windows-amd64-cygwin\jdk8u121\8372\hotspot\src\share\vm\prims\jni.cpp, line 709]
Event: 881.435 Thread 0x000000001833f000 Exception <a 'sun/nio/fs/WindowsException'> (0x00000000ea1bef28) thrown at [C:\re\workspace\8-2-build-windows-amd64-cygwin\jdk8u121\8372\hotspot\src\share\vm\prims\jni.cpp, line 709]
Event: 881.435 Thread 0x000000001833f000 Exception <a 'sun/nio/fs/WindowsException'> (0x00000000ea1c0be0) thrown at [C:\re\workspace\8-2-build-windows-amd64-cygwin\jdk8u121\8372\hotspot\src\share\vm\prims\jni.cpp, line 709]
Event: 881.435 Thread 0x000000001833f000 Exception <a 'sun/nio/fs/WindowsException'> (0x00000000ea1c1888) thrown at [C:\re\workspace\8-2-build-windows-amd64-cygwin\jdk8u121\8372\hotspot\src\share\vm\prims\jni.cpp, line 709]

Events (10 events):
Event: 881.072 Thread 0x000000001833e800 Thread added: 0x000000001833e800
Event: 881.072 Thread 0x0000000018348000 Thread added: 0x0000000018348000
Event: 881.088 Executing VM operation: RevokeBias
Event: 881.090 Executing VM operation: RevokeBias done
Event: 881.091 Executing VM operation: RevokeBias
Event: 881.091 Executing VM operation: RevokeBias done
Event: 881.091 Executing VM operation: RevokeBias
Event: 881.091 Executing VM operation: RevokeBias done
Event: 881.121 Executing VM operation: RevokeBias
Event: 881.121 Executing VM operation: RevokeBias done


Dynamic libraries:
0x00007ff76add0000 - 0x00007ff76ae07000 	C:\Program Files\Java\jdk1.8.0_121\bin\java.exe
0x00007ffc8f5c0000 - 0x00007ffc8f7a1000 	C:\WINDOWS\SYSTEM32\ntdll.dll
0x00007ffc8ef40000 - 0x00007ffc8eff2000 	C:\WINDOWS\System32\KERNEL32.DLL
0x00007ffc8c730000 - 0x00007ffc8c9a3000 	C:\WINDOWS\System32\KERNELBASE.dll
0x00007ffc8cf80000 - 0x00007ffc8d021000 	C:\WINDOWS\System32\ADVAPI32.dll
0x00007ffc8d580000 - 0x00007ffc8d61e000 	C:\WINDOWS\System32\msvcrt.dll
0x00007ffc8ca80000 - 0x00007ffc8cadb000 	C:\WINDOWS\System32\sechost.dll
0x00007ffc8cde0000 - 0x00007ffc8cf04000 	C:\WINDOWS\System32\RPCRT4.dll
0x00007ffc8d760000 - 0x00007ffc8d8f0000 	C:\WINDOWS\System32\USER32.dll
0x00007ffc8c9b0000 - 0x00007ffc8c9d0000 	C:\WINDOWS\System32\win32u.dll
0x00007ffc8f220000 - 0x00007ffc8f248000 	C:\WINDOWS\System32\GDI32.dll
0x00007ffc8b9e0000 - 0x00007ffc8bb72000 	C:\WINDOWS\System32\gdi32full.dll
0x00007ffc8bb80000 - 0x00007ffc8bc1f000 	C:\WINDOWS\System32\msvcp_win.dll
0x00007ffc8be10000 - 0x00007ffc8bf08000 	C:\WINDOWS\System32\ucrtbase.dll
0x00007ffc7e9b0000 - 0x00007ffc7ec19000 	C:\WINDOWS\WinSxS\amd64_microsoft.windows.common-controls_6595b64144ccf1df_6.0.17134.648_none_fb45a0e93062a6d2\COMCTL32.dll
0x00007ffc8f250000 - 0x00007ffc8f572000 	C:\WINDOWS\System32\combase.dll
0x00007ffc8c9d0000 - 0x00007ffc8ca4a000 	C:\WINDOWS\System32\bcryptPrimitives.dll
0x00007ffc8dad0000 - 0x00007ffc8dafd000 	C:\WINDOWS\System32\IMM32.DLL
0x0000000065500000 - 0x00000000655d2000 	C:\Program Files\Java\jdk1.8.0_121\jre\bin\msvcr100.dll
0x0000000064c60000 - 0x00000000654fb000 	C:\Program Files\Java\jdk1.8.0_121\jre\bin\server\jvm.dll
0x00007ffc8ca70000 - 0x00007ffc8ca78000 	C:\WINDOWS\System32\PSAPI.DLL
0x00007ffc81fe0000 - 0x00007ffc82003000 	C:\WINDOWS\SYSTEM32\WINMM.dll
0x00007ffc81fd0000 - 0x00007ffc81fda000 	C:\WINDOWS\SYSTEM32\VERSION.dll
0x00007ffc80420000 - 0x00007ffc80429000 	C:\WINDOWS\SYSTEM32\WSOCK32.dll
0x00007ffc8cf10000 - 0x00007ffc8cf7c000 	C:\WINDOWS\System32\WS2_32.dll
0x00007ffc81fa0000 - 0x00007ffc81fca000 	C:\WINDOWS\SYSTEM32\winmmbase.dll
0x00007ffc8b990000 - 0x00007ffc8b9d9000 	C:\WINDOWS\System32\cfgmgr32.dll
0x00000000667f0000 - 0x00000000667ff000 	C:\Program Files\Java\jdk1.8.0_121\jre\bin\verify.dll
0x00000000667c0000 - 0x00000000667e9000 	C:\Program Files\Java\jdk1.8.0_121\jre\bin\java.dll
0x0000000064c40000 - 0x0000000064c56000 	C:\Program Files\Java\jdk1.8.0_121\jre\bin\zip.dll
0x00007ffc8db00000 - 0x00007ffc8ef40000 	C:\WINDOWS\System32\SHELL32.dll
0x00007ffc8cc40000 - 0x00007ffc8cce9000 	C:\WINDOWS\System32\shcore.dll
0x00007ffc8bf10000 - 0x00007ffc8c61d000 	C:\WINDOWS\System32\windows.storage.dll
0x00007ffc8d6f0000 - 0x00007ffc8d741000 	C:\WINDOWS\System32\shlwapi.dll
0x00007ffc8b970000 - 0x00007ffc8b981000 	C:\WINDOWS\System32\kernel.appcore.dll
0x00007ffc8b950000 - 0x00007ffc8b96f000 	C:\WINDOWS\System32\profapi.dll
0x00007ffc8b8d0000 - 0x00007ffc8b91c000 	C:\WINDOWS\System32\powrprof.dll
0x00007ffc8b920000 - 0x00007ffc8b92a000 	C:\WINDOWS\System32\FLTLIB.DLL
0x0000000064c20000 - 0x0000000064c3a000 	C:\Program Files\Java\jdk1.8.0_121\jre\bin\net.dll
0x00007ffc8b0f0000 - 0x00007ffc8b156000 	C:\WINDOWS\system32\mswsock.dll
0x0000000064c00000 - 0x0000000064c11000 	C:\Program Files\Java\jdk1.8.0_121\jre\bin\nio.dll
0x00007ffc7e860000 - 0x00007ffc7e87e000 	C:\Users\user\.gradle\native\25\windows-amd64\native-platform.dll
0x0000000064bf0000 - 0x0000000064bfd000 	C:\Program Files\Java\jdk1.8.0_121\jre\bin\management.dll
0x00007ffc8b2b0000 - 0x00007ffc8b2c7000 	C:\WINDOWS\SYSTEM32\CRYPTSP.dll
0x00007ffc8acd0000 - 0x00007ffc8ad03000 	C:\WINDOWS\system32\rsaenh.dll
0x00007ffc8b3d0000 - 0x00007ffc8b3f5000 	C:\WINDOWS\SYSTEM32\bcrypt.dll
0x00007ffc8b7d0000 - 0x00007ffc8b7f8000 	C:\WINDOWS\SYSTEM32\USERENV.dll
0x00007ffc8b2a0000 - 0x00007ffc8b2ab000 	C:\WINDOWS\SYSTEM32\CRYPTBASE.dll
0x00007ffc8ae70000 - 0x00007ffc8aea8000 	C:\WINDOWS\SYSTEM32\IPHLPAPI.DLL
0x00007ffc8f580000 - 0x00007ffc8f588000 	C:\WINDOWS\System32\NSI.dll
0x00007ffc840b0000 - 0x00007ffc840c6000 	C:\WINDOWS\SYSTEM32\dhcpcsvc6.DLL
0x00007ffc85280000 - 0x00007ffc8529a000 	C:\WINDOWS\SYSTEM32\dhcpcsvc.DLL

VM Arguments:
jvm_args: -Xmx1536m -Dfile.encoding=x-windows-949 -Duser.country=KR -Duser.language=ko -Duser.variant 
java_command: org.gradle.launcher.daemon.bootstrap.GradleDaemon 4.6
java_class_path (initial): C:\Users\user\.gradle\wrapper\dists\gradle-4.6-all\bcst21l2brirad8k2ben1letg\gradle-4.6\lib\gradle-launcher-4.6.jar
Launcher Type: SUN_STANDARD

Environment Variables:
JAVA_HOME=C:\Program Files\Java\jdk1.8.0_121
CLASSPATH=C:\Program Files\Java\jdk1.8.0_121\lib
PATH=C:\Program Files\Java\jdk1.8.0_121\bin;C:\Program Files\MATLAB\R2019a\bin;c:\windows\system32
USERNAME=user
OS=Windows_NT
PROCESSOR_IDENTIFIER=Intel64 Family 6 Model 142 Stepping 9, GenuineIntel



---------------  S Y S T E M  ---------------

OS: Windows 10.0 , 64 bit Build 17134 (10.0.17134.648)

CPU:total 4 (2 cores per cpu, 2 threads per core) family 6 model 142 stepping 9, cmov, cx8, fxsr, mmx, sse, sse2, sse3, ssse3, sse4.1, sse4.2, popcnt, avx, avx2, aes, clmul, erms, 3dnowpref, lzcnt, ht, tsc, tscinvbit, bmi1, bmi2, adx

Memory: 4k page, physical 8244428k(1194244k free), swap 33410252k(2296k free)

vm_info: Java HotSpot(TM) 64-Bit Server VM (25.121-b13) for windows-amd64 JRE (1.8.0_121-b13), built on Dec 12 2016 18:21:36 by "java_re" with MS VC++ 10.0 (VS2010)

time: Wed Apr 10 16:08:43 2019
elapsed time: 881 seconds (0d 0h 14m 41s)

