#
# There is insufficient memory for the Java Runtime Environment to continue.
# Native memory allocation (malloc) failed to allocate 1247536 bytes for Chunk::new
# Possible reasons:
#   The system is out of physical RAM or swap space
#   In 32 bit mode, the process size limit was hit
# Possible solutions:
#   Reduce memory load on the system
#   Increase physical memory or swap space
#   Check if swap backing store is full
#   Use 64 bit Java on a 64 bit OS
#   Decrease Java heap size (-Xmx/-Xms)
#   Decrease number of Java threads
#   Decrease Java thread stack sizes (-Xss)
#   Set larger code cache with -XX:ReservedCodeCacheSize=
# This output file may be truncated or incomplete.
#
#  Out of Memory Error (allocation.cpp:390), pid=24892, tid=0x0000000000000c04
#
# JRE version: Java(TM) SE Runtime Environment (8.0_121-b13) (build 1.8.0_121-b13)
# Java VM: Java HotSpot(TM) 64-Bit Server VM (25.121-b13 mixed mode windows-amd64 compressed oops)
# Failed to write core dump. Minidumps are not enabled by default on client versions of Windows
#

---------------  T H R E A D  ---------------

Current thread (0x00000000183c1000):  JavaThread "C2 CompilerThread1" daemon [_thread_in_native, id=3076, stack(0x0000000018ab0000,0x0000000018bb0000)]

Stack: [0x0000000018ab0000,0x0000000018bb0000]
[error occurred during error reporting (printing stack bounds), id 0xc0000005]

Native frames: (J=compiled Java code, j=interpreted, Vv=VM code, C=native code)


Current CompileTask:
C2:  46197 11100   !   4       java.net.URLClassLoader$1::run (63 bytes)


---------------  P R O C E S S  ---------------

Java Threads: ( => current thread )
  0x000000001e5f8800 JavaThread "ForkJoinPool.commonPool-worker-3" daemon [_thread_blocked, id=16776, stack(0x0000000025370000,0x0000000025470000)]
  0x000000001e5fe800 JavaThread "ForkJoinPool.commonPool-worker-2" daemon [_thread_blocked, id=16352, stack(0x0000000025270000,0x0000000025370000)]
  0x000000001e5fc800 JavaThread "ForkJoinPool.commonPool-worker-1" daemon [_thread_in_vm, id=17876, stack(0x0000000025170000,0x0000000025270000)]
  0x000000001e5fd000 JavaThread "Cache worker for Java compile cache (C:\Users\user\Desktop\111 (2)\.gradle\4.6\javaCompile)" [_thread_blocked, id=6772, stack(0x0000000024c70000,0x0000000024d70000)]
  0x000000001e5f5000 JavaThread "stdout" daemon [_thread_in_native, id=16532, stack(0x0000000024870000,0x0000000024970000)]
  0x000000001e5fb000 JavaThread "stderr" daemon [_thread_in_native, id=4536, stack(0x0000000024770000,0x0000000024870000)]
  0x000000001e5fa000 JavaThread "stdout" daemon [_thread_in_native, id=21968, stack(0x0000000024670000,0x0000000024770000)]
  0x000000001e5fb800 JavaThread "stderr" daemon [_thread_in_native, id=23296, stack(0x0000000024570000,0x0000000024670000)]
  0x000000001e5f8000 JavaThread "stdout" daemon [_thread_in_native, id=21112, stack(0x0000000024470000,0x0000000024570000)]
  0x000000001e5f6800 JavaThread "stderr" daemon [_thread_in_native, id=19572, stack(0x0000000024370000,0x0000000024470000)]
  0x000000001e5f5800 JavaThread "pool-3-thread-1" [_thread_blocked, id=21056, stack(0x0000000024270000,0x0000000024370000)]
  0x000000001e5f9800 JavaThread "Java2D Disposer" daemon [_thread_blocked, id=6280, stack(0x0000000024070000,0x0000000024170000)]
  0x000000001d496800 JavaThread "Task worker for ':' Thread 3" [_thread_blocked, id=18476, stack(0x00000000237c0000,0x00000000238c0000)]
  0x000000001d49b800 JavaThread "Task worker for ':' Thread 2" [_thread_in_native, id=3736, stack(0x00000000236c0000,0x00000000237c0000)]
  0x000000001d49b000 JavaThread "Task worker for ':'" [_thread_blocked, id=17644, stack(0x00000000235c0000,0x00000000236c0000)]
  0x000000001d49a000 JavaThread "Cache worker for Build Output Cleanup Cache (C:\Users\user\Desktop\111 (2)\.gradle\buildOutputCleanup)" [_thread_blocked, id=12460, stack(0x00000000234c0000,0x00000000235c0000)]
  0x000000001d49c800 JavaThread "Cache worker for task history cache (C:\Users\user\Desktop\111 (2)\.gradle\4.6\taskHistory)" [_thread_blocked, id=4316, stack(0x00000000233c0000,0x00000000234c0000)]
  0x000000001d49d000 JavaThread "Cache worker for file content cache (C:\Users\user\Desktop\111 (2)\.gradle\4.6\fileContent)" [_thread_blocked, id=2092, stack(0x00000000232c0000,0x00000000233c0000)]
  0x000000001a006800 JavaThread "Memory manager" [_thread_blocked, id=19608, stack(0x0000000020d70000,0x0000000020e70000)]
  0x000000001a005000 JavaThread "Build operations Thread 4" [_thread_blocked, id=23892, stack(0x0000000020870000,0x0000000020970000)]
  0x000000001a004800 JavaThread "Build operations Thread 3" [_thread_blocked, id=22592, stack(0x0000000020770000,0x0000000020870000)]
  0x000000001a006000 JavaThread "Build operations Thread 2" [_thread_blocked, id=12960, stack(0x0000000020670000,0x0000000020770000)]
  0x000000001a003800 JavaThread "Build operations" [_thread_blocked, id=12068, stack(0x0000000020340000,0x0000000020440000)]
  0x000000001a007800 JavaThread "Cache worker for Artifact transforms cache (C:\Users\user\.gradle\caches\transforms-1)" [_thread_blocked, id=25420, stack(0x0000000020040000,0x0000000020140000)]
  0x000000001a002000 JavaThread "Cache worker for file hash cache (C:\Users\user\Desktop\111 (2)\.gradle\4.6\fileHashes)" [_thread_blocked, id=24752, stack(0x000000001c830000,0x000000001c930000)]
  0x000000001a001800 JavaThread "File lock request listener" [_thread_in_native, id=16748, stack(0x000000001b760000,0x000000001b860000)]
  0x000000001a000800 JavaThread "Cache worker for file hash cache (C:\Users\user\.gradle\caches\4.6\fileHashes)" [_thread_blocked, id=7256, stack(0x000000001b660000,0x000000001b760000)]
  0x0000000019ed9800 JavaThread "Stdin handler" [_thread_blocked, id=11228, stack(0x000000001b360000,0x000000001b460000)]
  0x0000000019fe5000 JavaThread "Asynchronous log dispatcher for DefaultDaemonConnection: socket connection from /127.0.0.1:60126 to /127.0.0.1:60127" [_thread_blocked, id=24556, stack(0x000000001b260000,0x000000001b360000)]
  0x0000000019edf000 JavaThread "Daemon worker" [_thread_blocked, id=23560, stack(0x000000001b160000,0x000000001b260000)]
  0x0000000019edd800 JavaThread "Cancel handler" [_thread_blocked, id=9932, stack(0x000000001b060000,0x000000001b160000)]
  0x0000000019ea9000 JavaThread "Handler for socket connection from /127.0.0.1:60126 to /127.0.0.1:60127" [_thread_in_native, id=2032, stack(0x000000001ad60000,0x000000001ae60000)]
  0x00000000186e8000 JavaThread "Daemon" [_thread_blocked, id=2004, stack(0x000000001ac60000,0x000000001ad60000)]
  0x0000000019e84000 JavaThread "Daemon periodic checks" [_thread_blocked, id=14956, stack(0x000000001ab60000,0x000000001ac60000)]
  0x0000000019e65800 JavaThread "Incoming local TCP Connector on port 60126" [_thread_in_native, id=18488, stack(0x000000001a980000,0x000000001aa80000)]
  0x0000000019a02000 JavaThread "Daemon health stats" [_thread_blocked, id=13336, stack(0x000000001a680000,0x000000001a780000)]
  0x0000000018441800 JavaThread "Service Thread" daemon [_thread_blocked, id=24684, stack(0x0000000018cb0000,0x0000000018db0000)]
  0x00000000183c4800 JavaThread "C1 CompilerThread2" daemon [_thread_blocked, id=19704, stack(0x0000000018bb0000,0x0000000018cb0000)]
=>0x00000000183c1000 JavaThread "C2 CompilerThread1" daemon [_thread_in_native, id=3076, stack(0x0000000018ab0000,0x0000000018bb0000)]
  0x000000001702a800 JavaThread "C2 CompilerThread0" daemon [_thread_in_native, id=19180, stack(0x00000000189b0000,0x0000000018ab0000)]
  0x0000000016fdc000 JavaThread "Attach Listener" daemon [_thread_blocked, id=5724, stack(0x00000000188b0000,0x00000000189b0000)]
  0x00000000183b8800 JavaThread "Signal Dispatcher" daemon [_thread_blocked, id=9464, stack(0x00000000187b0000,0x00000000188b0000)]
  0x0000000016fba800 JavaThread "Finalizer" daemon [_thread_blocked, id=21960, stack(0x0000000018220000,0x0000000018320000)]
  0x0000000016f99000 JavaThread "Reference Handler" daemon [_thread_blocked, id=9988, stack(0x0000000018120000,0x0000000018220000)]
  0x0000000003560800 JavaThread "main" [_thread_blocked, id=20140, stack(0x00000000033e0000,0x00000000034e0000)]

Other Threads:
  0x0000000016f98000 VMThread [stack: 0x0000000018020000,0x0000000018120000] [id=20500]
  0x0000000018479800 WatcherThread [stack: 0x0000000018db0000,0x0000000018eb0000] [id=10868]

VM state:not at safepoint (normal execution)

VM Mutex/Monitor currently owned by a thread: None

Heap:
 PSYoungGen      total 140800K, used 77021K [0x00000000e0000000, 0x00000000eb880000, 0x0000000100000000)
  eden space 115200K, 44% used [0x00000000e0000000,0x00000000e323b5d8,0x00000000e7080000)
  from space 25600K, 99% used [0x00000000e9f80000,0x00000000eb87be38,0x00000000eb880000)
  to   space 26112K, 0% used [0x00000000e7080000,0x00000000e7080000,0x00000000e8a00000)
 ParOldGen       total 100352K, used 49655K [0x00000000a0000000, 0x00000000a6200000, 0x00000000e0000000)
  object space 100352K, 49% used [0x00000000a0000000,0x00000000a307dc50,0x00000000a6200000)
 Metaspace       used 67922K, capacity 69580K, committed 69760K, reserved 1110016K
  class space    used 9092K, capacity 9529K, committed 9600K, reserved 1048576K

Card table byte_map: [0x0000000012a20000,0x0000000012d30000] byte_map_base: 0x0000000012520000

Marking Bits: (ParMarkBitMap*) 0x0000000064b3b6d0
 Begin Bits: [0x0000000013330000, 0x0000000014b30000)
 End Bits:   [0x0000000014b30000, 0x0000000016330000)

Polling page: 0x0000000003040000

CodeCache: size=245760Kb used=32082Kb max_used=33470Kb free=213677Kb
 bounds [0x0000000003660000, 0x0000000005740000, 0x0000000012660000]
 total_blobs=10296 nmethods=9388 adapters=819
 compilation: enabled

Compilation events (10 events):
Event: 46.168 Thread 0x00000000183c4800 11127       3       java.nio.Bits::char0 (3 bytes)
Event: 46.168 Thread 0x00000000183c4800 nmethod 11127 0x0000000003f8fc10 code [0x0000000003f8fd60, 0x0000000003f8fe90]
Event: 46.168 Thread 0x00000000183c4800 11128       3       java.nio.Bits::char1 (6 bytes)
Event: 46.168 Thread 0x00000000183c4800 nmethod 11128 0x000000000408f990 code [0x000000000408fae0, 0x000000000408fc30]
Event: 46.168 Thread 0x00000000183c4800 11129   !   3       com.google.common.hash.AbstractByteHasher::update (37 bytes)
Event: 46.169 Thread 0x00000000183c4800 nmethod 11129 0x0000000004bbc750 code [0x0000000004bbc920, 0x0000000004bbd028]
Event: 46.169 Thread 0x00000000183c4800 11121       3       com.google.common.hash.MessageDigestHashFunction$MessageDigestHasher::update (15 bytes)
Event: 46.170 Thread 0x00000000183c4800 nmethod 11121 0x00000000044cb1d0 code [0x00000000044cb380, 0x00000000044cb898]
Event: 46.170 Thread 0x00000000183c4800 11122       3       com.google.common.hash.AbstractByteHasher::putChar (15 bytes)
Event: 46.170 Thread 0x00000000183c4800 nmethod 11122 0x000000000405b2d0 code [0x000000000405b440, 0x000000000405b698]

GC Heap History (10 events):
Event: 20.556 GC heap before
{Heap before GC invocations=15 (full 2):
 PSYoungGen      total 114176K, used 114174K [0x00000000e0000000, 0x00000000e8680000, 0x0000000100000000)
  eden space 100352K, 100% used [0x00000000e0000000,0x00000000e6200000,0x00000000e6200000)
  from space 13824K, 99% used [0x00000000e7200000,0x00000000e7f7f990,0x00000000e7f80000)
  to   space 16384K, 0% used [0x00000000e6200000,0x00000000e6200000,0x00000000e7200000)
 ParOldGen       total 100352K, used 24038K [0x00000000a0000000, 0x00000000a6200000, 0x00000000e0000000)
  object space 100352K, 23% used [0x00000000a0000000,0x00000000a1779a50,0x00000000a6200000)
 Metaspace       used 56564K, capacity 58148K, committed 58496K, reserved 1099776K
  class space    used 7821K, capacity 8211K, committed 8320K, reserved 1048576K
Event: 20.591 GC heap after
Heap after GC invocations=15 (full 2):
 PSYoungGen      total 116736K, used 16374K [0x00000000e0000000, 0x00000000e9e80000, 0x0000000100000000)
  eden space 100352K, 0% used [0x00000000e0000000,0x00000000e0000000,0x00000000e6200000)
  from space 16384K, 99% used [0x00000000e6200000,0x00000000e71fd9d0,0x00000000e7200000)
  to   space 20992K, 0% used [0x00000000e8a00000,0x00000000e8a00000,0x00000000e9e80000)
 ParOldGen       total 100352K, used 30248K [0x00000000a0000000, 0x00000000a6200000, 0x00000000e0000000)
  object space 100352K, 30% used [0x00000000a0000000,0x00000000a1d8a0b8,0x00000000a6200000)
 Metaspace       used 56564K, capacity 58148K, committed 58496K, reserved 1099776K
  class space    used 7821K, capacity 8211K, committed 8320K, reserved 1048576K
}
Event: 21.760 GC heap before
{Heap before GC invocations=16 (full 2):
 PSYoungGen      total 116736K, used 66674K [0x00000000e0000000, 0x00000000e9e80000, 0x0000000100000000)
  eden space 100352K, 50% used [0x00000000e0000000,0x00000000e311ee60,0x00000000e6200000)
  from space 16384K, 99% used [0x00000000e6200000,0x00000000e71fd9d0,0x00000000e7200000)
  to   space 20992K, 0% used [0x00000000e8a00000,0x00000000e8a00000,0x00000000e9e80000)
 ParOldGen       total 100352K, used 30248K [0x00000000a0000000, 0x00000000a6200000, 0x00000000e0000000)
  object space 100352K, 30% used [0x00000000a0000000,0x00000000a1d8a0b8,0x00000000a6200000)
 Metaspace       used 57531K, capacity 59044K, committed 59160K, reserved 1099776K
  class space    used 7895K, capacity 8275K, committed 8320K, reserved 1048576K
Event: 21.797 GC heap after
Heap after GC invocations=16 (full 2):
 PSYoungGen      total 136192K, used 20973K [0x00000000e0000000, 0x00000000eac00000, 0x0000000100000000)
  eden space 115200K, 0% used [0x00000000e0000000,0x00000000e0000000,0x00000000e7080000)
  from space 20992K, 99% used [0x00000000e8a00000,0x00000000e9e7b748,0x00000000e9e80000)
  to   space 26112K, 0% used [0x00000000e7080000,0x00000000e7080000,0x00000000e8a00000)
 ParOldGen       total 100352K, used 35819K [0x00000000a0000000, 0x00000000a6200000, 0x00000000e0000000)
  object space 100352K, 35% used [0x00000000a0000000,0x00000000a22facc0,0x00000000a6200000)
 Metaspace       used 57531K, capacity 59044K, committed 59160K, reserved 1099776K
  class space    used 7895K, capacity 8275K, committed 8320K, reserved 1048576K
}
Event: 21.797 GC heap before
{Heap before GC invocations=17 (full 3):
 PSYoungGen      total 136192K, used 20973K [0x00000000e0000000, 0x00000000eac00000, 0x0000000100000000)
  eden space 115200K, 0% used [0x00000000e0000000,0x00000000e0000000,0x00000000e7080000)
  from space 20992K, 99% used [0x00000000e8a00000,0x00000000e9e7b748,0x00000000e9e80000)
  to   space 26112K, 0% used [0x00000000e7080000,0x00000000e7080000,0x00000000e8a00000)
 ParOldGen       total 100352K, used 35819K [0x00000000a0000000, 0x00000000a6200000, 0x00000000e0000000)
  object space 100352K, 35% used [0x00000000a0000000,0x00000000a22facc0,0x00000000a6200000)
 Metaspace       used 57531K, capacity 59044K, committed 59160K, reserved 1099776K
  class space    used 7895K, capacity 8275K, committed 8320K, reserved 1048576K
Event: 22.206 GC heap after
Heap after GC invocations=17 (full 3):
 PSYoungGen      total 136192K, used 0K [0x00000000e0000000, 0x00000000eac00000, 0x0000000100000000)
  eden space 115200K, 0% used [0x00000000e0000000,0x00000000e0000000,0x00000000e7080000)
  from space 20992K, 0% used [0x00000000e8a00000,0x00000000e8a00000,0x00000000e9e80000)
  to   space 26112K, 0% used [0x00000000e7080000,0x00000000e7080000,0x00000000e8a00000)
 ParOldGen       total 100352K, used 43030K [0x00000000a0000000, 0x00000000a6200000, 0x00000000e0000000)
  object space 100352K, 42% used [0x00000000a0000000,0x00000000a2a05800,0x00000000a6200000)
 Metaspace       used 57531K, capacity 59044K, committed 59160K, reserved 1099776K
  class space    used 7895K, capacity 8275K, committed 8320K, reserved 1048576K
}
Event: 35.185 GC heap before
{Heap before GC invocations=18 (full 3):
 PSYoungGen      total 136192K, used 115200K [0x00000000e0000000, 0x00000000eac00000, 0x0000000100000000)
  eden space 115200K, 100% used [0x00000000e0000000,0x00000000e7080000,0x00000000e7080000)
  from space 20992K, 0% used [0x00000000e8a00000,0x00000000e8a00000,0x00000000e9e80000)
  to   space 26112K, 0% used [0x00000000e7080000,0x00000000e7080000,0x00000000e8a00000)
 ParOldGen       total 100352K, used 43030K [0x00000000a0000000, 0x00000000a6200000, 0x00000000e0000000)
  object space 100352K, 42% used [0x00000000a0000000,0x00000000a2a05800,0x00000000a6200000)
 Metaspace       used 60923K, capacity 62488K, committed 62720K, reserved 1103872K
  class space    used 8273K, capacity 8649K, committed 8704K, reserved 1048576K
Event: 35.196 GC heap after
Heap after GC invocations=18 (full 3):
 PSYoungGen      total 141312K, used 7112K [0x00000000e0000000, 0x00000000eb880000, 0x0000000100000000)
  eden space 115200K, 0% used [0x00000000e0000000,0x00000000e0000000,0x00000000e7080000)
  from space 26112K, 27% used [0x00000000e7080000,0x00000000e7772310,0x00000000e8a00000)
  to   space 25600K, 0% used [0x00000000e9f80000,0x00000000e9f80000,0x00000000eb880000)
 ParOldGen       total 100352K, used 43038K [0x00000000a0000000, 0x00000000a6200000, 0x00000000e0000000)
  object space 100352K, 42% used [0x00000000a0000000,0x00000000a2a07800,0x00000000a6200000)
 Metaspace       used 60923K, capacity 62488K, committed 62720K, reserved 1103872K
  class space    used 8273K, capacity 8649K, committed 8704K, reserved 1048576K
}
Event: 39.913 GC heap before
{Heap before GC invocations=19 (full 3):
 PSYoungGen      total 141312K, used 122312K [0x00000000e0000000, 0x00000000eb880000, 0x0000000100000000)
  eden space 115200K, 100% used [0x00000000e0000000,0x00000000e7080000,0x00000000e7080000)
  from space 26112K, 27% used [0x00000000e7080000,0x00000000e7772310,0x00000000e8a00000)
  to   space 25600K, 0% used [0x00000000e9f80000,0x00000000e9f80000,0x00000000eb880000)
 ParOldGen       total 100352K, used 43038K [0x00000000a0000000, 0x00000000a6200000, 0x00000000e0000000)
  object space 100352K, 42% used [0x00000000a0000000,0x00000000a2a07800,0x00000000a6200000)
 Metaspace       used 66522K, capacity 68176K, committed 68480K, reserved 1107968K
  class space    used 8903K, capacity 9329K, committed 9344K, reserved 1048576K
Event: 39.965 GC heap after
Heap after GC invocations=19 (full 3):
 PSYoungGen      total 140800K, used 25583K [0x00000000e0000000, 0x00000000eb880000, 0x0000000100000000)
  eden space 115200K, 0% used [0x00000000e0000000,0x00000000e0000000,0x00000000e7080000)
  from space 25600K, 99% used [0x00000000e9f80000,0x00000000eb87be38,0x00000000eb880000)
  to   space 26112K, 0% used [0x00000000e7080000,0x00000000e7080000,0x00000000e8a00000)
 ParOldGen       total 100352K, used 49655K [0x00000000a0000000, 0x00000000a6200000, 0x00000000e0000000)
  object space 100352K, 49% used [0x00000000a0000000,0x00000000a307dc50,0x00000000a6200000)
 Metaspace       used 66522K, capacity 68176K, committed 68480K, reserved 1107968K
  class space    used 8903K, capacity 9329K, committed 9344K, reserved 1048576K
}

Deoptimization events (10 events):
Event: 45.228 Thread 0x0000000019edf000 Uncommon trap: reason=bimorphic action=maybe_recompile pc=0x0000000004e0494c method=com.google.common.cache.LocalCache$Segment.setValue(Lcom/google/common/cache/LocalCache$ReferenceEntry;Ljava/lang/Object;Ljava/lang/Object;J)V @ 76
Event: 45.294 Thread 0x0000000019edf000 Uncommon trap: reason=bimorphic action=maybe_recompile pc=0x0000000004e0494c method=com.google.common.cache.LocalCache$Segment.setValue(Lcom/google/common/cache/LocalCache$ReferenceEntry;Ljava/lang/Object;Ljava/lang/Object;J)V @ 76
Event: 45.396 Thread 0x0000000019edf000 Uncommon trap: reason=array_check action=maybe_recompile pc=0x00000000045d780c method=java.util.TimSort.binarySort([Ljava/lang/Object;IIILjava/util/Comparator;)V @ 215
Event: 45.404 Thread 0x0000000019edf000 Uncommon trap: reason=unstable_if action=reinterpret pc=0x0000000004ecd224 method=jdk.internal.org.objectweb.asm.Item.isEqualTo(Ljdk/internal/org/objectweb/asm/Item;)Z @ 331
Event: 45.611 Thread 0x000000001d49b800 Uncommon trap: reason=unstable_if action=reinterpret pc=0x0000000003a45f40 method=org.gradle.api.internal.file.pattern.PatternMatcherFactory$PathMatcherBackedSpec.isSatisfiedBy(Lorg/gradle/api/file/RelativePath;)Z @ 11
Event: 45.974 Thread 0x000000001e5fe800 Uncommon trap: reason=unstable_if action=reinterpret pc=0x00000000042b7a94 method=java.util.regex.Pattern.newSlice([IIZ)Ljava/util/regex/Pattern$Node; @ 10
Event: 45.991 Thread 0x000000001e5fe800 Uncommon trap: reason=unstable_if action=reinterpret pc=0x0000000004ee72f8 method=sun.nio.fs.WindowsPathParser.isSlash(C)Z @ 9
Event: 45.991 Thread 0x000000001e5fe800 Uncommon trap: reason=unstable_if action=reinterpret pc=0x00000000045a7f2c method=sun.nio.fs.WindowsPathParser.isSlash(C)Z @ 9
Event: 45.991 Thread 0x000000001e5fe800 Uncommon trap: reason=unstable_if action=reinterpret pc=0x00000000038507b8 method=sun.nio.fs.WindowsPathParser.isSlash(C)Z @ 9
Event: 46.140 Thread 0x000000001d49b800 Uncommon trap: reason=class_check action=maybe_recompile pc=0x0000000004f1f0e0 method=java.lang.reflect.Array.newInstance(Ljava/lang/Class;I)Ljava/lang/Object; @ 2

Internal exceptions (10 events):
Event: 33.005 Thread 0x0000000019edf000 Exception <a 'java/lang/NoSuchMethodError': java.lang.Object.lambda$negate$1(Ljava/lang/Object;)Z> (0x00000000e5c72248) thrown at [C:\re\workspace\8-2-build-windows-amd64-cygwin\jdk8u121\8372\hotspot\src\share\vm\interpreter\linkResolver.cpp, line 582]
Event: 34.568 Thread 0x0000000019edf000 Exception <a 'java/lang/NoSuchMethodError': java.lang.Object.lambda$comparingInt$7b0bb60$1(Ljava/util/function/ToIntFunction;Ljava/lang/Object;Ljava/lang/Object;)I> (0x00000000e5ce5f28) thrown at [C:\re\workspace\8-2-build-windows-amd64-cygwin\jdk8u121\83
Event: 35.373 Thread 0x0000000019edf000 Exception <a 'sun/nio/fs/WindowsException'> (0x00000000e06146d8) thrown at [C:\re\workspace\8-2-build-windows-amd64-cygwin\jdk8u121\8372\hotspot\src\share\vm\prims\jni.cpp, line 709]
Event: 39.999 Thread 0x0000000019edf000 Implicit null exception at 0x00000000044bc7e3 to 0x00000000044bceb1
Event: 45.406 Thread 0x0000000019edf000 Exception <a 'sun/nio/fs/WindowsException'> (0x00000000e21a1570) thrown at [C:\re\workspace\8-2-build-windows-amd64-cygwin\jdk8u121\8372\hotspot\src\share\vm\prims\jni.cpp, line 709]
Event: 45.857 Thread 0x000000001d49b800 Exception <a 'sun/nio/fs/WindowsException'> (0x00000000e2930ed0) thrown at [C:\re\workspace\8-2-build-windows-amd64-cygwin\jdk8u121\8372\hotspot\src\share\vm\prims\jni.cpp, line 709]
Event: 45.973 Thread 0x000000001e5fe800 Exception <a 'java/lang/NoSuchMethodError': java.lang.Object.lambda$and$0(Ljava/util/function/Predicate;Ljava/lang/Object;)Z> (0x00000000e2b0c580) thrown at [C:\re\workspace\8-2-build-windows-amd64-cygwin\jdk8u121\8372\hotspot\src\share\vm\interpreter\lin
Event: 45.981 Thread 0x000000001e5fe800 Exception <a 'java/lang/NoSuchMethodError': java.lang.Object.lambda$static$0(Ljava/lang/String;)Z> (0x00000000e2b518f0) thrown at [C:\re\workspace\8-2-build-windows-amd64-cygwin\jdk8u121\8372\hotspot\src\share\vm\interpreter\linkResolver.cpp, line 582]
Event: 45.990 Thread 0x000000001e5f8800 Exception <a 'java/lang/NoSuchMethodError': java.lang.Object.lambda$and$0(Ljava/util/function/Predicate;Ljava/lang/Object;)Z> (0x00000000e2b2d050) thrown at [C:\re\workspace\8-2-build-windows-amd64-cygwin\jdk8u121\8372\hotspot\src\share\vm\interpreter\lin
Event: 46.171 Thread 0x000000001d49b800 Exception <a 'sun/nio/fs/WindowsException'> (0x00000000e3106768) thrown at [C:\re\workspace\8-2-build-windows-amd64-cygwin\jdk8u121\8372\hotspot\src\share\vm\prims\jni.cpp, line 709]

Events (10 events):
Event: 46.174 loading class com/android/tools/r8/com/google/common/collect/ImmutableMap$MapViewOfValuesAsSingletonSets
Event: 46.174 loading class com/android/tools/r8/com/google/common/collect/ImmutableMap$MapViewOfValuesAsSingletonSets done
Event: 46.175 loading class com/android/tools/r8/com/google/common/collect/ImmutableMap$IteratorBasedImmutableMap
Event: 46.175 loading class com/android/tools/r8/com/google/common/collect/ImmutableMap$IteratorBasedImmutableMap done
Event: 46.176 loading class com/android/tools/r8/com/google/common/collect/Iterables
Event: 46.176 loading class com/android/tools/r8/com/google/common/collect/Iterables done
Event: 46.178 loading class com/android/tools/r8/com/google/common/base/Function
Event: 46.178 loading class com/android/tools/r8/com/google/common/base/Function done
Event: 46.178 loading class com/android/tools/r8/com/google/common/collect/ImmutableSet
Event: 46.178 loading class com/android/tools/r8/com/google/common/collect/ImmutableSet done


Dynamic libraries:
0x00007ff76add0000 - 0x00007ff76ae07000 	C:\Program Files\Java\jdk1.8.0_121\bin\java.exe
0x00007ffc8f5c0000 - 0x00007ffc8f7a1000 	C:\WINDOWS\SYSTEM32\ntdll.dll
0x00007ffc8ef40000 - 0x00007ffc8eff2000 	C:\WINDOWS\System32\KERNEL32.DLL
0x00007ffc8c730000 - 0x00007ffc8c9a3000 	C:\WINDOWS\System32\KERNELBASE.dll
0x00007ffc8cf80000 - 0x00007ffc8d021000 	C:\WINDOWS\System32\ADVAPI32.dll
0x00007ffc8d580000 - 0x00007ffc8d61e000 	C:\WINDOWS\System32\msvcrt.dll
0x00007ffc8ca80000 - 0x00007ffc8cadb000 	C:\WINDOWS\System32\sechost.dll
0x00007ffc8cde0000 - 0x00007ffc8cf04000 	C:\WINDOWS\System32\RPCRT4.dll
0x00007ffc8d760000 - 0x00007ffc8d8f0000 	C:\WINDOWS\System32\USER32.dll
0x00007ffc8c9b0000 - 0x00007ffc8c9d0000 	C:\WINDOWS\System32\win32u.dll
0x00007ffc8f220000 - 0x00007ffc8f248000 	C:\WINDOWS\System32\GDI32.dll
0x00007ffc8b9e0000 - 0x00007ffc8bb72000 	C:\WINDOWS\System32\gdi32full.dll
0x00007ffc8bb80000 - 0x00007ffc8bc1f000 	C:\WINDOWS\System32\msvcp_win.dll
0x00007ffc8be10000 - 0x00007ffc8bf08000 	C:\WINDOWS\System32\ucrtbase.dll
0x00007ffc7e9b0000 - 0x00007ffc7ec19000 	C:\WINDOWS\WinSxS\amd64_microsoft.windows.common-controls_6595b64144ccf1df_6.0.17134.648_none_fb45a0e93062a6d2\COMCTL32.dll
0x00007ffc8f250000 - 0x00007ffc8f572000 	C:\WINDOWS\System32\combase.dll
0x00007ffc8c9d0000 - 0x00007ffc8ca4a000 	C:\WINDOWS\System32\bcryptPrimitives.dll
0x00007ffc8dad0000 - 0x00007ffc8dafd000 	C:\WINDOWS\System32\IMM32.DLL
0x00000000653e0000 - 0x00000000654b2000 	C:\Program Files\Java\jdk1.8.0_121\jre\bin\msvcr100.dll
0x0000000064320000 - 0x0000000064bbb000 	C:\Program Files\Java\jdk1.8.0_121\jre\bin\server\jvm.dll
0x00007ffc8ca70000 - 0x00007ffc8ca78000 	C:\WINDOWS\System32\PSAPI.DLL
0x00007ffc80420000 - 0x00007ffc80429000 	C:\WINDOWS\SYSTEM32\WSOCK32.dll
0x00007ffc81fe0000 - 0x00007ffc82003000 	C:\WINDOWS\SYSTEM32\WINMM.dll
0x00007ffc81fd0000 - 0x00007ffc81fda000 	C:\WINDOWS\SYSTEM32\VERSION.dll
0x00007ffc8cf10000 - 0x00007ffc8cf7c000 	C:\WINDOWS\System32\WS2_32.dll
0x00007ffc81fa0000 - 0x00007ffc81fca000 	C:\WINDOWS\SYSTEM32\winmmbase.dll
0x00007ffc8b990000 - 0x00007ffc8b9d9000 	C:\WINDOWS\System32\cfgmgr32.dll
0x00000000667f0000 - 0x00000000667ff000 	C:\Program Files\Java\jdk1.8.0_121\jre\bin\verify.dll
0x00000000667c0000 - 0x00000000667e9000 	C:\Program Files\Java\jdk1.8.0_121\jre\bin\java.dll
0x00000000653c0000 - 0x00000000653d6000 	C:\Program Files\Java\jdk1.8.0_121\jre\bin\zip.dll
0x00007ffc8db00000 - 0x00007ffc8ef40000 	C:\WINDOWS\System32\SHELL32.dll
0x00007ffc8cc40000 - 0x00007ffc8cce9000 	C:\WINDOWS\System32\shcore.dll
0x00007ffc8bf10000 - 0x00007ffc8c61d000 	C:\WINDOWS\System32\windows.storage.dll
0x00007ffc8d6f0000 - 0x00007ffc8d741000 	C:\WINDOWS\System32\shlwapi.dll
0x00007ffc8b970000 - 0x00007ffc8b981000 	C:\WINDOWS\System32\kernel.appcore.dll
0x00007ffc8b950000 - 0x00007ffc8b96f000 	C:\WINDOWS\System32\profapi.dll
0x00007ffc8b8d0000 - 0x00007ffc8b91c000 	C:\WINDOWS\System32\powrprof.dll
0x00007ffc8b920000 - 0x00007ffc8b92a000 	C:\WINDOWS\System32\FLTLIB.DLL
0x00000000653a0000 - 0x00000000653ba000 	C:\Program Files\Java\jdk1.8.0_121\jre\bin\net.dll
0x00007ffc8b0f0000 - 0x00007ffc8b156000 	C:\WINDOWS\system32\mswsock.dll
0x0000000065380000 - 0x0000000065391000 	C:\Program Files\Java\jdk1.8.0_121\jre\bin\nio.dll
0x00007ffc7e860000 - 0x00007ffc7e87e000 	C:\Users\user\.gradle\native\25\windows-amd64\native-platform.dll
0x0000000065370000 - 0x000000006537d000 	C:\Program Files\Java\jdk1.8.0_121\jre\bin\management.dll
0x00007ffc8b2b0000 - 0x00007ffc8b2c7000 	C:\WINDOWS\SYSTEM32\CRYPTSP.dll
0x00007ffc8acd0000 - 0x00007ffc8ad03000 	C:\WINDOWS\system32\rsaenh.dll
0x00007ffc8b3d0000 - 0x00007ffc8b3f5000 	C:\WINDOWS\SYSTEM32\bcrypt.dll
0x00007ffc8b7d0000 - 0x00007ffc8b7f8000 	C:\WINDOWS\SYSTEM32\USERENV.dll
0x00007ffc8b2a0000 - 0x00007ffc8b2ab000 	C:\WINDOWS\SYSTEM32\CRYPTBASE.dll
0x00007ffc8ae70000 - 0x00007ffc8aea8000 	C:\WINDOWS\SYSTEM32\IPHLPAPI.DLL
0x00007ffc8f580000 - 0x00007ffc8f588000 	C:\WINDOWS\System32\NSI.dll
0x00007ffc840b0000 - 0x00007ffc840c6000 	C:\WINDOWS\SYSTEM32\dhcpcsvc6.DLL
0x00007ffc85280000 - 0x00007ffc8529a000 	C:\WINDOWS\SYSTEM32\dhcpcsvc.DLL
0x00000000651d0000 - 0x0000000065368000 	C:\Program Files\Java\jdk1.8.0_121\jre\bin\awt.dll
0x00007ffc8d620000 - 0x00007ffc8d6e3000 	C:\WINDOWS\System32\OLEAUT32.dll
0x00007ffc89010000 - 0x00007ffc8909b000 	C:\WINDOWS\SYSTEM32\apphelp.dll
0x00007ffc89a20000 - 0x00007ffc89a49000 	C:\WINDOWS\system32\DWMAPI.DLL
0x00007ffc898b0000 - 0x00007ffc89948000 	C:\WINDOWS\system32\uxtheme.dll
0x00000000651a0000 - 0x00000000651ca000 	C:\Program Files\Java\jdk1.8.0_121\jre\bin\dcpr.dll

VM Arguments:
jvm_args: -Xmx1536m -Dfile.encoding=x-windows-949 -Duser.country=KR -Duser.language=ko -Duser.variant 
java_command: org.gradle.launcher.daemon.bootstrap.GradleDaemon 4.6
java_class_path (initial): C:\Users\user\.gradle\wrapper\dists\gradle-4.6-all\bcst21l2brirad8k2ben1letg\gradle-4.6\lib\gradle-launcher-4.6.jar
Launcher Type: SUN_STANDARD

Environment Variables:
JAVA_HOME=C:\Program Files\Java\jdk1.8.0_121
CLASSPATH=C:\Program Files\Java\jdk1.8.0_121\lib
PATH=C:\Program Files\Java\jdk1.8.0_121\bin;C:\Program Files\MATLAB\R2019a\bin;c:\windows\system32
USERNAME=user
OS=Windows_NT
PROCESSOR_IDENTIFIER=Intel64 Family 6 Model 142 Stepping 9, GenuineIntel



---------------  S Y S T E M  ---------------

OS: Windows 10.0 , 64 bit Build 17134 (10.0.17134.648)

CPU:total 4 (2 cores per cpu, 2 threads per core) family 6 model 142 stepping 9, cmov, cx8, fxsr, mmx, sse, sse2, sse3, ssse3, sse4.1, sse4.2, popcnt, avx, avx2, aes, clmul, erms, 3dnowpref, lzcnt, ht, tsc, tscinvbit, bmi1, bmi2, adx

Memory: 4k page, physical 8244428k(981532k free), swap 33410252k(6292k free)

vm_info: Java HotSpot(TM) 64-Bit Server VM (25.121-b13) for windows-amd64 JRE (1.8.0_121-b13), built on Dec 12 2016 18:21:36 by "java_re" with MS VC++ 10.0 (VS2010)

time: Wed Apr 10 16:21:54 2019
elapsed time: 46 seconds (0d 0h 0m 46s)

