#
# There is insufficient memory for the Java Runtime Environment to continue.
# Native memory allocation (malloc) failed to allocate 1408016 bytes for Chunk::new
# Possible reasons:
#   The system is out of physical RAM or swap space
#   In 32 bit mode, the process size limit was hit
# Possible solutions:
#   Reduce memory load on the system
#   Increase physical memory or swap space
#   Check if swap backing store is full
#   Use 64 bit Java on a 64 bit OS
#   Decrease Java heap size (-Xmx/-Xms)
#   Decrease number of Java threads
#   Decrease Java thread stack sizes (-Xss)
#   Set larger code cache with -XX:ReservedCodeCacheSize=
# This output file may be truncated or incomplete.
#
#  Out of Memory Error (allocation.cpp:390), pid=21032, tid=0x00000000000004ac
#
# JRE version: Java(TM) SE Runtime Environment (8.0_121-b13) (build 1.8.0_121-b13)
# Java VM: Java HotSpot(TM) 64-Bit Server VM (25.121-b13 mixed mode windows-amd64 compressed oops)
# Failed to write core dump. Minidumps are not enabled by default on client versions of Windows
#

---------------  T H R E A D  ---------------

Current thread (0x0000000016acc800):  JavaThread "C2 CompilerThread1" daemon [_thread_in_native, id=1196, stack(0x0000000018560000,0x0000000018660000)]

Stack: [0x0000000018560000,0x0000000018660000]
[error occurred during error reporting (printing stack bounds), id 0xc0000005]

Native frames: (J=compiled Java code, j=interpreted, Vv=VM code, C=native code)


Current CompileTask:
C2: 164949 17001       4       java.lang.Class::privateGetMethodRecursive (130 bytes)


---------------  P R O C E S S  ---------------

Java Threads: ( => current thread )
  0x000000001b548800 JavaThread "Build operations Thread 4" [_thread_blocked, id=17352, stack(0x00000000289a0000,0x0000000028aa0000)]
  0x000000001b54e800 JavaThread "Build operations Thread 3" [_thread_blocked, id=2876, stack(0x00000000288a0000,0x00000000289a0000)]
  0x000000001b54a800 JavaThread "Build operations Thread 2" [_thread_blocked, id=25152, stack(0x00000000287a0000,0x00000000288a0000)]
  0x000000001b54d800 JavaThread "Build operations" [_thread_blocked, id=14452, stack(0x00000000286a0000,0x00000000287a0000)]
  0x000000001b54d000 JavaThread "Cache worker for Artifact transforms cache (C:\Users\user\.gradle\caches\transforms-1)" [_thread_blocked, id=16000, stack(0x00000000285a0000,0x00000000286a0000)]
  0x000000001b54c000 JavaThread "Cache worker for file hash cache (C:\Users\user\Desktop\111 (2)\.gradle\4.6\fileHashes)" [_thread_blocked, id=6128, stack(0x00000000284a0000,0x00000000285a0000)]
  0x000000001b54f000 JavaThread "Stdin handler" [_thread_blocked, id=18996, stack(0x00000000283a0000,0x00000000284a0000)]
  0x000000001b54b800 JavaThread "Asynchronous log dispatcher for DefaultDaemonConnection: socket connection from /127.0.0.1:60347 to /127.0.0.1:60384" [_thread_blocked, id=22464, stack(0x00000000282a0000,0x00000000283a0000)]
  0x000000001b540000 JavaThread "Daemon worker Thread 2" [_thread_in_vm, id=14420, stack(0x00000000281a0000,0x00000000282a0000)]
  0x000000001b545800 JavaThread "Cancel handler" [_thread_blocked, id=17900, stack(0x00000000280a0000,0x00000000281a0000)]
  0x000000001b541800 JavaThread "Handler for socket connection from /127.0.0.1:60347 to /127.0.0.1:60384" [_thread_in_native, id=20152, stack(0x0000000027fa0000,0x00000000280a0000)]
  0x000000001b544000 JavaThread "Daemon Thread 2" [_thread_blocked, id=18504, stack(0x0000000027ea0000,0x0000000027fa0000)]
  0x000000001b543000 JavaThread "pool-1-thread-1" [_thread_blocked, id=17952, stack(0x0000000027da0000,0x0000000027ea0000)]
  0x000000001ba0f000 JavaThread "Java2D Disposer" daemon [_thread_blocked, id=8924, stack(0x0000000023be0000,0x0000000023ce0000)]
  0x000000001ba0f800 JavaThread "Memory manager" [_thread_blocked, id=3996, stack(0x0000000021820000,0x0000000021920000)]
  0x0000000019b04800 JavaThread "File lock request listener" [_thread_in_native, id=10844, stack(0x000000001c1e0000,0x000000001c2e0000)]
  0x0000000019b00000 JavaThread "Cache worker for file hash cache (C:\Users\user\.gradle\caches\4.6\fileHashes)" [_thread_blocked, id=3836, stack(0x000000001c0e0000,0x000000001c1e0000)]
  0x000000001979a000 JavaThread "Daemon periodic checks" [_thread_blocked, id=16364, stack(0x000000001a610000,0x000000001a710000)]
  0x0000000019988000 JavaThread "Incoming local TCP Connector on port 60347" [_thread_in_native, id=19820, stack(0x000000001a430000,0x000000001a530000)]
  0x0000000019a0f000 JavaThread "Daemon health stats" [_thread_blocked, id=9792, stack(0x000000001a130000,0x000000001a230000)]
  0x0000000017ee9800 JavaThread "Service Thread" daemon [_thread_blocked, id=10372, stack(0x0000000018760000,0x0000000018860000)]
  0x0000000017e6f800 JavaThread "C1 CompilerThread2" daemon [_thread_blocked, id=20232, stack(0x0000000018660000,0x0000000018760000)]
=>0x0000000016acc800 JavaThread "C2 CompilerThread1" daemon [_thread_in_native, id=1196, stack(0x0000000018560000,0x0000000018660000)]
  0x0000000016aca800 JavaThread "C2 CompilerThread0" daemon [_thread_blocked, id=17432, stack(0x0000000018460000,0x0000000018560000)]
  0x0000000016a7c000 JavaThread "Attach Listener" daemon [_thread_blocked, id=18488, stack(0x0000000018360000,0x0000000018460000)]
  0x0000000016ac9800 JavaThread "Signal Dispatcher" daemon [_thread_blocked, id=23628, stack(0x0000000018260000,0x0000000018360000)]
  0x0000000016a5a800 JavaThread "Finalizer" daemon [_thread_blocked, id=25472, stack(0x0000000017cd0000,0x0000000017dd0000)]
  0x0000000016a39000 JavaThread "Reference Handler" daemon [_thread_blocked, id=9472, stack(0x0000000017bd0000,0x0000000017cd0000)]
  0x0000000003000800 JavaThread "main" [_thread_blocked, id=21776, stack(0x0000000002e70000,0x0000000002f70000)]

Other Threads:
  0x0000000016a38000 VMThread [stack: 0x0000000017ad0000,0x0000000017bd0000] [id=17896]
  0x0000000017f0e000 WatcherThread [stack: 0x0000000018860000,0x0000000018960000] [id=1080]

VM state:not at safepoint (normal execution)

VM Mutex/Monitor currently owned by a thread: None

Heap:
 PSYoungGen      total 309248K, used 90016K [0x00000000e0000000, 0x00000000f7480000, 0x0000000100000000)
  eden space 268800K, 33% used [0x00000000e0000000,0x00000000e57d8310,0x00000000f0680000)
  from space 40448K, 0% used [0x00000000f0680000,0x00000000f0690000,0x00000000f2e00000)
  to   space 41472K, 0% used [0x00000000f2e00000,0x00000000f2e00000,0x00000000f5680000)
 ParOldGen       total 203264K, used 54777K [0x00000000a0000000, 0x00000000ac680000, 0x00000000e0000000)
  object space 203264K, 26% used [0x00000000a0000000,0x00000000a357e650,0x00000000ac680000)
 Metaspace       used 82905K, capacity 85852K, committed 86144K, reserved 1124352K
  class space    used 10729K, capacity 11343K, committed 11392K, reserved 1048576K

Card table byte_map: [0x00000000124c0000,0x00000000127d0000] byte_map_base: 0x0000000011fc0000

Marking Bits: (ParMarkBitMap*) 0x0000000064b3b6d0
 Begin Bits: [0x0000000012dd0000, 0x00000000145d0000)
 End Bits:   [0x00000000145d0000, 0x0000000015dd0000)

Polling page: 0x0000000002f70000

CodeCache: size=245760Kb used=45460Kb max_used=45460Kb free=200299Kb
 bounds [0x0000000003100000, 0x0000000005da0000, 0x0000000012100000]
 total_blobs=14496 nmethods=13565 adapters=840
 compilation: enabled

Compilation events (10 events):
Event: 164.879 Thread 0x0000000017e6f800 17264       3       com.sun.xml.bind.v2.runtime.unmarshaller.UnmarshallingContext$State::access$1200 (5 bytes)
Event: 164.880 Thread 0x0000000017e6f800 nmethod 17264 0x0000000005d83950 code [0x0000000005d83ac0, 0x0000000005d83c28]
Event: 164.880 Thread 0x0000000017e6f800 17265       3       com.sun.xml.bind.v2.runtime.unmarshaller.UnmarshallingContext$State::push (102 bytes)
Event: 164.881 Thread 0x0000000017e6f800 nmethod 17265 0x0000000005d9bbd0 code [0x0000000005d9bdc0, 0x0000000005d9c808]
Event: 164.881 Thread 0x0000000017e6f800 17267       3       org.xml.sax.helpers.XMLFilterImpl::endElement (20 bytes)
Event: 164.881 Thread 0x0000000017e6f800 nmethod 17267 0x0000000005d9cb50 code [0x0000000005d9ccc0, 0x0000000005d9cf28]
Event: 164.881 Thread 0x0000000017e6f800 17268       3       com.sun.xml.bind.v2.runtime.unmarshaller.SAXConnector::endElement (82 bytes)
Event: 164.882 Thread 0x0000000017e6f800 nmethod 17268 0x0000000005d9d010 code [0x0000000005d9d220, 0x0000000005d9e038]
Event: 164.882 Thread 0x0000000017e6f800 17273       1       com.sun.org.apache.xerces.internal.impl.XMLErrorReporter::getLocale (5 bytes)
Event: 164.882 Thread 0x0000000017e6f800 nmethod 17273 0x0000000005d9e490 code [0x0000000005d9e5e0, 0x0000000005d9e6f0]

GC Heap History (10 events):
Event: 81.758 GC heap before
{Heap before GC invocations=23 (full 3):
 PSYoungGen      total 227840K, used 225115K [0x00000000e0000000, 0x00000000f3a80000, 0x0000000100000000)
  eden space 199168K, 98% used [0x00000000e0000000,0x00000000ebfdd9e8,0x00000000ec280000)
  from space 28672K, 99% used [0x00000000ec280000,0x00000000ede79538,0x00000000ede80000)
  to   space 44032K, 0% used [0x00000000f0f80000,0x00000000f0f80000,0x00000000f3a80000)
 ParOldGen       total 144896K, used 108187K [0x00000000a0000000, 0x00000000a8d80000, 0x00000000e0000000)
  object space 144896K, 74% used [0x00000000a0000000,0x00000000a69a6da8,0x00000000a8d80000)
 Metaspace       used 79579K, capacity 82360K, committed 82432K, reserved 1120256K
  class space    used 10456K, capacity 11001K, committed 11008K, reserved 1048576K
Event: 81.822 GC heap after
Heap after GC invocations=23 (full 3):
 PSYoungGen      total 268800K, used 4420K [0x00000000e0000000, 0x00000000f3580000, 0x0000000100000000)
  eden space 229888K, 0% used [0x00000000e0000000,0x00000000e0000000,0x00000000ee080000)
  from space 38912K, 11% used [0x00000000f0f80000,0x00000000f13d1000,0x00000000f3580000)
  to   space 43520K, 0% used [0x00000000ee080000,0x00000000ee080000,0x00000000f0b00000)
 ParOldGen       total 144896K, used 136593K [0x00000000a0000000, 0x00000000a8d80000, 0x00000000e0000000)
  object space 144896K, 94% used [0x00000000a0000000,0x00000000a8564640,0x00000000a8d80000)
 Metaspace       used 79579K, capacity 82360K, committed 82432K, reserved 1120256K
  class space    used 10456K, capacity 11001K, committed 11008K, reserved 1048576K
}
Event: 81.822 GC heap before
{Heap before GC invocations=24 (full 4):
 PSYoungGen      total 268800K, used 4420K [0x00000000e0000000, 0x00000000f3580000, 0x0000000100000000)
  eden space 229888K, 0% used [0x00000000e0000000,0x00000000e0000000,0x00000000ee080000)
  from space 38912K, 11% used [0x00000000f0f80000,0x00000000f13d1000,0x00000000f3580000)
  to   space 43520K, 0% used [0x00000000ee080000,0x00000000ee080000,0x00000000f0b00000)
 ParOldGen       total 144896K, used 136593K [0x00000000a0000000, 0x00000000a8d80000, 0x00000000e0000000)
  object space 144896K, 94% used [0x00000000a0000000,0x00000000a8564640,0x00000000a8d80000)
 Metaspace       used 79579K, capacity 82360K, committed 82432K, reserved 1120256K
  class space    used 10456K, capacity 11001K, committed 11008K, reserved 1048576K
Event: 82.035 GC heap after
Heap after GC invocations=24 (full 4):
 PSYoungGen      total 268800K, used 0K [0x00000000e0000000, 0x00000000f3580000, 0x0000000100000000)
  eden space 229888K, 0% used [0x00000000e0000000,0x00000000e0000000,0x00000000ee080000)
  from space 38912K, 0% used [0x00000000f0f80000,0x00000000f0f80000,0x00000000f3580000)
  to   space 43520K, 0% used [0x00000000ee080000,0x00000000ee080000,0x00000000f0b00000)
 ParOldGen       total 203264K, used 49028K [0x00000000a0000000, 0x00000000ac680000, 0x00000000e0000000)
  object space 203264K, 24% used [0x00000000a0000000,0x00000000a2fe10e8,0x00000000ac680000)
 Metaspace       used 79504K, capacity 82158K, committed 82432K, reserved 1120256K
  class space    used 10429K, capacity 10956K, committed 11008K, reserved 1048576K
}
Event: 82.479 GC heap before
{Heap before GC invocations=25 (full 4):
 PSYoungGen      total 268800K, used 229852K [0x00000000e0000000, 0x00000000f3580000, 0x0000000100000000)
  eden space 229888K, 99% used [0x00000000e0000000,0x00000000ee077270,0x00000000ee080000)
  from space 38912K, 0% used [0x00000000f0f80000,0x00000000f0f80000,0x00000000f3580000)
  to   space 43520K, 0% used [0x00000000ee080000,0x00000000ee080000,0x00000000f0b00000)
 ParOldGen       total 203264K, used 49028K [0x00000000a0000000, 0x00000000ac680000, 0x00000000e0000000)
  object space 203264K, 24% used [0x00000000a0000000,0x00000000a2fe10e8,0x00000000ac680000)
 Metaspace       used 79769K, capacity 82482K, committed 82816K, reserved 1120256K
  class space    used 10478K, capacity 11006K, committed 11136K, reserved 1048576K
Event: 82.485 GC heap after
Heap after GC invocations=25 (full 4):
 PSYoungGen      total 273408K, used 11433K [0x00000000e0000000, 0x00000000f5680000, 0x0000000100000000)
  eden space 229888K, 0% used [0x00000000e0000000,0x00000000e0000000,0x00000000ee080000)
  from space 43520K, 26% used [0x00000000ee080000,0x00000000eebaa5f8,0x00000000f0b00000)
  to   space 41472K, 0% used [0x00000000f2e00000,0x00000000f2e00000,0x00000000f5680000)
 ParOldGen       total 203264K, used 49036K [0x00000000a0000000, 0x00000000ac680000, 0x00000000e0000000)
  object space 203264K, 24% used [0x00000000a0000000,0x00000000a2fe30e8,0x00000000ac680000)
 Metaspace       used 79769K, capacity 82482K, committed 82816K, reserved 1120256K
  class space    used 10478K, capacity 11006K, committed 11136K, reserved 1048576K
}
Event: 82.514 GC heap before
{Heap before GC invocations=26 (full 4):
 PSYoungGen      total 273408K, used 240308K [0x00000000e0000000, 0x00000000f5680000, 0x0000000100000000)
  eden space 229888K, 99% used [0x00000000e0000000,0x00000000edf82c00,0x00000000ee080000)
  from space 43520K, 26% used [0x00000000ee080000,0x00000000eebaa5f8,0x00000000f0b00000)
  to   space 41472K, 0% used [0x00000000f2e00000,0x00000000f2e00000,0x00000000f5680000)
 ParOldGen       total 203264K, used 49036K [0x00000000a0000000, 0x00000000ac680000, 0x00000000e0000000)
  object space 203264K, 24% used [0x00000000a0000000,0x00000000a2fe30e8,0x00000000ac680000)
 Metaspace       used 79775K, capacity 82482K, committed 82816K, reserved 1120256K
  class space    used 10478K, capacity 11006K, committed 11136K, reserved 1048576K
Event: 82.522 GC heap after
Heap after GC invocations=26 (full 4):
 PSYoungGen      total 310272K, used 6657K [0x00000000e0000000, 0x00000000f7480000, 0x0000000100000000)
  eden space 268800K, 0% used [0x00000000e0000000,0x00000000e0000000,0x00000000f0680000)
  from space 41472K, 16% used [0x00000000f2e00000,0x00000000f3480580,0x00000000f5680000)
  to   space 40448K, 0% used [0x00000000f0680000,0x00000000f0680000,0x00000000f2e00000)
 ParOldGen       total 203264K, used 49036K [0x00000000a0000000, 0x00000000ac680000, 0x00000000e0000000)
  object space 203264K, 24% used [0x00000000a0000000,0x00000000a2fe30e8,0x00000000ac680000)
 Metaspace       used 79775K, capacity 82482K, committed 82816K, reserved 1120256K
  class space    used 10478K, capacity 11006K, committed 11136K, reserved 1048576K
}
Event: 82.595 GC heap before
{Heap before GC invocations=27 (full 4):
 PSYoungGen      total 310272K, used 275358K [0x00000000e0000000, 0x00000000f7480000, 0x0000000100000000)
  eden space 268800K, 99% used [0x00000000e0000000,0x00000000f0667370,0x00000000f0680000)
  from space 41472K, 16% used [0x00000000f2e00000,0x00000000f3480580,0x00000000f5680000)
  to   space 40448K, 0% used [0x00000000f0680000,0x00000000f0680000,0x00000000f2e00000)
 ParOldGen       total 203264K, used 49036K [0x00000000a0000000, 0x00000000ac680000, 0x00000000e0000000)
  object space 203264K, 24% used [0x00000000a0000000,0x00000000a2fe30e8,0x00000000ac680000)
 Metaspace       used 79781K, capacity 82482K, committed 82816K, reserved 1120256K
  class space    used 10478K, capacity 11006K, committed 11136K, reserved 1048576K
Event: 82.601 GC heap after
Heap after GC invocations=27 (full 4):
 PSYoungGen      total 309248K, used 64K [0x00000000e0000000, 0x00000000f7480000, 0x0000000100000000)
  eden space 268800K, 0% used [0x00000000e0000000,0x00000000e0000000,0x00000000f0680000)
  from space 40448K, 0% used [0x00000000f0680000,0x00000000f0690000,0x00000000f2e00000)
  to   space 41472K, 0% used [0x00000000f2e00000,0x00000000f2e00000,0x00000000f5680000)
 ParOldGen       total 203264K, used 54777K [0x00000000a0000000, 0x00000000ac680000, 0x00000000e0000000)
  object space 203264K, 26% used [0x00000000a0000000,0x00000000a357e650,0x00000000ac680000)
 Metaspace       used 79781K, capacity 82482K, committed 82816K, reserved 1120256K
  class space    used 10478K, capacity 11006K, committed 11136K, reserved 1048576K
}

Deoptimization events (10 events):
Event: 164.414 Thread 0x000000001b540000 Uncommon trap: reason=bimorphic action=maybe_recompile pc=0x000000000514bac8 method=com.google.common.cache.LocalCache$Segment.storeLoadedValue(Ljava/lang/Object;ILcom/google/common/cache/LocalCache$LoadingValueReference;Ljava/lang/Object;)Z @ 91
Event: 164.415 Thread 0x000000001b540000 Uncommon trap: reason=bimorphic action=maybe_recompile pc=0x00000000047d6938 method=com.google.common.cache.LocalCache$Segment.setValue(Lcom/google/common/cache/LocalCache$ReferenceEntry;Ljava/lang/Object;Ljava/lang/Object;J)V @ 1
Event: 164.503 Thread 0x000000001b540000 Uncommon trap: reason=class_check action=maybe_recompile pc=0x0000000004981dc4 method=com.google.common.cache.LocalCache$LoadingValueReference.loadFuture(Ljava/lang/Object;Lcom/google/common/cache/CacheLoader;)Lcom/google/common/util/concurrent/Listenable
Event: 164.505 Thread 0x000000001b540000 Uncommon trap: reason=class_check action=maybe_recompile pc=0x0000000004981dc4 method=com.google.common.cache.LocalCache$LoadingValueReference.loadFuture(Ljava/lang/Object;Lcom/google/common/cache/CacheLoader;)Lcom/google/common/util/concurrent/Listenable
Event: 164.550 Thread 0x000000001b540000 Uncommon trap: reason=bimorphic action=maybe_recompile pc=0x000000000514bac8 method=com.google.common.cache.LocalCache$Segment.storeLoadedValue(Ljava/lang/Object;ILcom/google/common/cache/LocalCache$LoadingValueReference;Ljava/lang/Object;)Z @ 91
Event: 164.613 Thread 0x000000001b540000 Uncommon trap: reason=bimorphic action=maybe_recompile pc=0x000000000514bac8 method=com.google.common.cache.LocalCache$Segment.storeLoadedValue(Ljava/lang/Object;ILcom/google/common/cache/LocalCache$LoadingValueReference;Ljava/lang/Object;)Z @ 91
Event: 164.613 Thread 0x000000001b540000 Uncommon trap: reason=bimorphic action=maybe_recompile pc=0x000000000514bac8 method=com.google.common.cache.LocalCache$Segment.storeLoadedValue(Ljava/lang/Object;ILcom/google/common/cache/LocalCache$LoadingValueReference;Ljava/lang/Object;)Z @ 91
Event: 164.627 Thread 0x000000001b540000 Uncommon trap: reason=bimorphic action=maybe_recompile pc=0x0000000005235234 method=java.util.concurrent.ConcurrentHashMap.computeIfAbsent(Ljava/lang/Object;Ljava/util/function/Function;)Ljava/lang/Object; @ 278
Event: 164.717 Thread 0x000000001b540000 Uncommon trap: reason=unstable_if action=reinterpret pc=0x000000000527d020 method=com.google.common.collect.ImmutableSet.construct(I[Ljava/lang/Object;)Lcom/google/common/collect/ImmutableSet; @ 146
Event: 164.725 Thread 0x000000001b540000 Uncommon trap: reason=unstable_if action=reinterpret pc=0x000000000483da90 method=com.sun.org.apache.xerces.internal.parsers.AbstractSAXParser.setFeature(Ljava/lang/String;Z)V @ 96

Internal exceptions (10 events):
Event: 164.714 Thread 0x000000001b540000 Exception <a 'sun/nio/fs/WindowsException'> (0x00000000e46570c0) thrown at [C:\re\workspace\8-2-build-windows-amd64-cygwin\jdk8u121\8372\hotspot\src\share\vm\prims\jni.cpp, line 709]
Event: 164.714 Thread 0x000000001b540000 Exception <a 'sun/nio/fs/WindowsException'> (0x00000000e4657d20) thrown at [C:\re\workspace\8-2-build-windows-amd64-cygwin\jdk8u121\8372\hotspot\src\share\vm\prims\jni.cpp, line 709]
Event: 164.715 Thread 0x000000001b540000 Exception <a 'sun/nio/fs/WindowsException'> (0x00000000e465aaf0) thrown at [C:\re\workspace\8-2-build-windows-amd64-cygwin\jdk8u121\8372\hotspot\src\share\vm\prims\jni.cpp, line 709]
Event: 164.715 Thread 0x000000001b540000 Exception <a 'sun/nio/fs/WindowsException'> (0x00000000e465b740) thrown at [C:\re\workspace\8-2-build-windows-amd64-cygwin\jdk8u121\8372\hotspot\src\share\vm\prims\jni.cpp, line 709]
Event: 164.715 Thread 0x000000001b540000 Exception <a 'sun/nio/fs/WindowsException'> (0x00000000e465d3d0) thrown at [C:\re\workspace\8-2-build-windows-amd64-cygwin\jdk8u121\8372\hotspot\src\share\vm\prims\jni.cpp, line 709]
Event: 164.715 Thread 0x000000001b540000 Exception <a 'sun/nio/fs/WindowsException'> (0x00000000e465e058) thrown at [C:\re\workspace\8-2-build-windows-amd64-cygwin\jdk8u121\8372\hotspot\src\share\vm\prims\jni.cpp, line 709]
Event: 164.716 Thread 0x000000001b540000 Exception <a 'sun/nio/fs/WindowsException'> (0x00000000e4660ad8) thrown at [C:\re\workspace\8-2-build-windows-amd64-cygwin\jdk8u121\8372\hotspot\src\share\vm\prims\jni.cpp, line 709]
Event: 164.716 Thread 0x000000001b540000 Exception <a 'sun/nio/fs/WindowsException'> (0x00000000e4661748) thrown at [C:\re\workspace\8-2-build-windows-amd64-cygwin\jdk8u121\8372\hotspot\src\share\vm\prims\jni.cpp, line 709]
Event: 164.716 Thread 0x000000001b540000 Exception <a 'sun/nio/fs/WindowsException'> (0x00000000e4663400) thrown at [C:\re\workspace\8-2-build-windows-amd64-cygwin\jdk8u121\8372\hotspot\src\share\vm\prims\jni.cpp, line 709]
Event: 164.716 Thread 0x000000001b540000 Exception <a 'sun/nio/fs/WindowsException'> (0x00000000e46640a8) thrown at [C:\re\workspace\8-2-build-windows-amd64-cygwin\jdk8u121\8372\hotspot\src\share\vm\prims\jni.cpp, line 709]

Events (10 events):
Event: 164.834 Thread 0x000000001b540000 DEOPT PACKING pc=0x0000000005b7db3d sp=0x000000002829b3f0
Event: 164.834 Thread 0x000000001b540000 DEOPT UNPACKING pc=0x000000000314787f sp=0x000000002829b198 mode 0
Event: 164.841 Thread 0x000000001b540000 DEOPT PACKING pc=0x0000000005b7db3d sp=0x000000002829b420
Event: 164.841 Thread 0x000000001b540000 DEOPT UNPACKING pc=0x000000000314787f sp=0x000000002829b1c8 mode 0
Event: 164.842 Thread 0x000000001b540000 DEOPT PACKING pc=0x0000000005b7db3d sp=0x000000002829b3f0
Event: 164.842 Thread 0x000000001b540000 DEOPT UNPACKING pc=0x000000000314787f sp=0x000000002829b198 mode 0
Event: 164.856 Thread 0x000000001b540000 DEOPT PACKING pc=0x0000000005b7db3d sp=0x000000002829b420
Event: 164.856 Thread 0x000000001b540000 DEOPT UNPACKING pc=0x000000000314787f sp=0x000000002829b1c8 mode 0
Event: 164.857 Thread 0x000000001b540000 DEOPT PACKING pc=0x0000000005b7db3d sp=0x000000002829b3f0
Event: 164.857 Thread 0x000000001b540000 DEOPT UNPACKING pc=0x000000000314787f sp=0x000000002829b198 mode 0


Dynamic libraries:
0x00007ff76add0000 - 0x00007ff76ae07000 	C:\Program Files\Java\jdk1.8.0_121\bin\java.exe
0x00007ffc8f5c0000 - 0x00007ffc8f7a1000 	C:\WINDOWS\SYSTEM32\ntdll.dll
0x00007ffc8ef40000 - 0x00007ffc8eff2000 	C:\WINDOWS\System32\KERNEL32.DLL
0x00007ffc8c730000 - 0x00007ffc8c9a3000 	C:\WINDOWS\System32\KERNELBASE.dll
0x00007ffc8cf80000 - 0x00007ffc8d021000 	C:\WINDOWS\System32\ADVAPI32.dll
0x00007ffc8d580000 - 0x00007ffc8d61e000 	C:\WINDOWS\System32\msvcrt.dll
0x00007ffc8ca80000 - 0x00007ffc8cadb000 	C:\WINDOWS\System32\sechost.dll
0x00007ffc8cde0000 - 0x00007ffc8cf04000 	C:\WINDOWS\System32\RPCRT4.dll
0x00007ffc8d760000 - 0x00007ffc8d8f0000 	C:\WINDOWS\System32\USER32.dll
0x00007ffc8c9b0000 - 0x00007ffc8c9d0000 	C:\WINDOWS\System32\win32u.dll
0x00007ffc8f220000 - 0x00007ffc8f248000 	C:\WINDOWS\System32\GDI32.dll
0x00007ffc8b9e0000 - 0x00007ffc8bb72000 	C:\WINDOWS\System32\gdi32full.dll
0x00007ffc8bb80000 - 0x00007ffc8bc1f000 	C:\WINDOWS\System32\msvcp_win.dll
0x00007ffc8be10000 - 0x00007ffc8bf08000 	C:\WINDOWS\System32\ucrtbase.dll
0x00007ffc7e9b0000 - 0x00007ffc7ec19000 	C:\WINDOWS\WinSxS\amd64_microsoft.windows.common-controls_6595b64144ccf1df_6.0.17134.648_none_fb45a0e93062a6d2\COMCTL32.dll
0x00007ffc8f250000 - 0x00007ffc8f572000 	C:\WINDOWS\System32\combase.dll
0x00007ffc8c9d0000 - 0x00007ffc8ca4a000 	C:\WINDOWS\System32\bcryptPrimitives.dll
0x00007ffc8dad0000 - 0x00007ffc8dafd000 	C:\WINDOWS\System32\IMM32.DLL
0x00000000653e0000 - 0x00000000654b2000 	C:\Program Files\Java\jdk1.8.0_121\jre\bin\msvcr100.dll
0x0000000064320000 - 0x0000000064bbb000 	C:\Program Files\Java\jdk1.8.0_121\jre\bin\server\jvm.dll
0x00007ffc8ca70000 - 0x00007ffc8ca78000 	C:\WINDOWS\System32\PSAPI.DLL
0x00007ffc81fe0000 - 0x00007ffc82003000 	C:\WINDOWS\SYSTEM32\WINMM.dll
0x00007ffc81fd0000 - 0x00007ffc81fda000 	C:\WINDOWS\SYSTEM32\VERSION.dll
0x00007ffc80420000 - 0x00007ffc80429000 	C:\WINDOWS\SYSTEM32\WSOCK32.dll
0x00007ffc8cf10000 - 0x00007ffc8cf7c000 	C:\WINDOWS\System32\WS2_32.dll
0x00007ffc81fa0000 - 0x00007ffc81fca000 	C:\WINDOWS\SYSTEM32\WINMMBASE.dll
0x00007ffc8b990000 - 0x00007ffc8b9d9000 	C:\WINDOWS\System32\cfgmgr32.dll
0x00000000667f0000 - 0x00000000667ff000 	C:\Program Files\Java\jdk1.8.0_121\jre\bin\verify.dll
0x00000000667c0000 - 0x00000000667e9000 	C:\Program Files\Java\jdk1.8.0_121\jre\bin\java.dll
0x00000000653c0000 - 0x00000000653d6000 	C:\Program Files\Java\jdk1.8.0_121\jre\bin\zip.dll
0x00007ffc8db00000 - 0x00007ffc8ef40000 	C:\WINDOWS\System32\SHELL32.dll
0x00007ffc8cc40000 - 0x00007ffc8cce9000 	C:\WINDOWS\System32\shcore.dll
0x00007ffc8bf10000 - 0x00007ffc8c61d000 	C:\WINDOWS\System32\windows.storage.dll
0x00007ffc8d6f0000 - 0x00007ffc8d741000 	C:\WINDOWS\System32\shlwapi.dll
0x00007ffc8b970000 - 0x00007ffc8b981000 	C:\WINDOWS\System32\kernel.appcore.dll
0x00007ffc8b950000 - 0x00007ffc8b96f000 	C:\WINDOWS\System32\profapi.dll
0x00007ffc8b8d0000 - 0x00007ffc8b91c000 	C:\WINDOWS\System32\powrprof.dll
0x00007ffc8b920000 - 0x00007ffc8b92a000 	C:\WINDOWS\System32\FLTLIB.DLL
0x00000000653a0000 - 0x00000000653ba000 	C:\Program Files\Java\jdk1.8.0_121\jre\bin\net.dll
0x00007ffc8b0f0000 - 0x00007ffc8b156000 	C:\WINDOWS\system32\mswsock.dll
0x0000000065380000 - 0x0000000065391000 	C:\Program Files\Java\jdk1.8.0_121\jre\bin\nio.dll
0x00007ffc72ff0000 - 0x00007ffc7300e000 	C:\Users\user\.gradle\native\25\windows-amd64\native-platform.dll
0x0000000065370000 - 0x000000006537d000 	C:\Program Files\Java\jdk1.8.0_121\jre\bin\management.dll
0x00007ffc8b2b0000 - 0x00007ffc8b2c7000 	C:\WINDOWS\SYSTEM32\CRYPTSP.dll
0x00007ffc8acd0000 - 0x00007ffc8ad03000 	C:\WINDOWS\system32\rsaenh.dll
0x00007ffc8b3d0000 - 0x00007ffc8b3f5000 	C:\WINDOWS\SYSTEM32\bcrypt.dll
0x00007ffc8b7d0000 - 0x00007ffc8b7f8000 	C:\WINDOWS\SYSTEM32\USERENV.dll
0x00007ffc8b2a0000 - 0x00007ffc8b2ab000 	C:\WINDOWS\SYSTEM32\CRYPTBASE.dll
0x00007ffc8ae70000 - 0x00007ffc8aea8000 	C:\WINDOWS\SYSTEM32\IPHLPAPI.DLL
0x00007ffc8f580000 - 0x00007ffc8f588000 	C:\WINDOWS\System32\NSI.dll
0x00007ffc840b0000 - 0x00007ffc840c6000 	C:\WINDOWS\SYSTEM32\dhcpcsvc6.DLL
0x00007ffc85280000 - 0x00007ffc8529a000 	C:\WINDOWS\SYSTEM32\dhcpcsvc.DLL
0x00000000651d0000 - 0x0000000065368000 	C:\Program Files\Java\jdk1.8.0_121\jre\bin\awt.dll
0x00007ffc8d620000 - 0x00007ffc8d6e3000 	C:\WINDOWS\System32\OLEAUT32.dll
0x00007ffc89010000 - 0x00007ffc8909b000 	C:\WINDOWS\SYSTEM32\apphelp.dll
0x00007ffc89a20000 - 0x00007ffc89a49000 	C:\WINDOWS\system32\DWMAPI.DLL
0x00007ffc898b0000 - 0x00007ffc89948000 	C:\WINDOWS\system32\uxtheme.dll
0x00000000651a0000 - 0x00000000651ca000 	C:\Program Files\Java\jdk1.8.0_121\jre\bin\dcpr.dll
0x00007ffc8a9c0000 - 0x00007ffc8a9f1000 	C:\WINDOWS\SYSTEM32\ntmarta.dll

VM Arguments:
jvm_args: -Xmx1536m -Dfile.encoding=x-windows-949 -Duser.country=KR -Duser.language=ko -Duser.variant 
java_command: org.gradle.launcher.daemon.bootstrap.GradleDaemon 4.6
java_class_path (initial): C:\Users\user\.gradle\wrapper\dists\gradle-4.6-all\bcst21l2brirad8k2ben1letg\gradle-4.6\lib\gradle-launcher-4.6.jar
Launcher Type: SUN_STANDARD

Environment Variables:
JAVA_HOME=C:\Program Files\Java\jdk1.8.0_121
CLASSPATH=C:\Program Files\Java\jdk1.8.0_121\lib
PATH=C:\Program Files\Java\jdk1.8.0_121\bin;C:\Program Files\MATLAB\R2019a\bin;c:\windows\system32
USERNAME=user
OS=Windows_NT
PROCESSOR_IDENTIFIER=Intel64 Family 6 Model 142 Stepping 9, GenuineIntel



---------------  S Y S T E M  ---------------

OS: Windows 10.0 , 64 bit Build 17134 (10.0.17134.648)

CPU:total 4 (2 cores per cpu, 2 threads per core) family 6 model 142 stepping 9, cmov, cx8, fxsr, mmx, sse, sse2, sse3, ssse3, sse4.1, sse4.2, popcnt, avx, avx2, aes, clmul, erms, 3dnowpref, lzcnt, ht, tsc, tscinvbit, bmi1, bmi2, adx

Memory: 4k page, physical 8244428k(1391036k free), swap 33410252k(5348k free)

vm_info: Java HotSpot(TM) 64-Bit Server VM (25.121-b13) for windows-amd64 JRE (1.8.0_121-b13), built on Dec 12 2016 18:21:36 by "java_re" with MS VC++ 10.0 (VS2010)

time: Wed Apr 10 16:29:39 2019
elapsed time: 164 seconds (0d 0h 2m 44s)

